#
# There is insufficient memory for the Java Runtime Environment to continue.
# Native memory allocation (malloc) failed to allocate 1581296 bytes for Chunk::new
# Possible reasons:
#   The system is out of physical RAM or swap space
#   The process is running with CompressedOops enabled, and the Java Heap may be blocking the growth of the native heap
# Possible solutions:
#   Reduce memory load on the system
#   Increase physical memory or swap space
#   Check if swap backing store is full
#   Decrease Java heap size (-Xmx/-Xms)
#   Decrease number of Java threads
#   Decrease Java thread stack sizes (-Xss)
#   Set larger code cache with -XX:ReservedCodeCacheSize=
#   JVM is running with Unscaled Compressed Oops mode in which the Java heap is
#     placed in the first 4GB address space. The Java Heap base address is the
#     maximum limit for the native heap growth. Please use -XX:HeapBaseMinAddress
#     to set the Java Heap base and to place the Java Heap above 4GB virtual address.
# This output file may be truncated or incomplete.
#
#  Out of Memory Error (src/hotspot/share/memory/arena.cpp:197), pid=11804, tid=15292
#
# JRE version: OpenJDK Runtime Environment (11.0.15) (build 11.0.15+0-b2043.56-8887301)
# Java VM: OpenJDK 64-Bit Server VM (11.0.15+0-b2043.56-8887301, mixed mode, tiered, compressed oops, g1 gc, windows-amd64)
# No core dump will be written. Minidumps are not enabled by default on client versions of Windows
#

---------------  S U M M A R Y ------------

Command Line: org.jetbrains.kotlin.cli.jvm.K2JVMCompiler @C:\Users\User\Downloads\Aplikasi-Sederhana-Kotlin-main\Aplikasi-Sederhana-Kotlin-main\app\build\20230529_16400380034741832579.compiler.options

Host: Intel(R) Core(TM) i5-10210U CPU @ 1.60GHz, 8 cores, 7G,  Windows 11 , 64 bit Build 22621 (10.0.22621.1194)
Time: Mon May 29 10:03:55 2023 SE Asia Standard Time elapsed time: 3.875471 seconds (0d 0h 0m 3s)

---------------  T H R E A D  ---------------

Current thread (0x000001ebd17b8000):  JavaThread "C2 CompilerThread1" daemon [_thread_in_native, id=15292, stack(0x000000a75d400000,0x000000a75d500000)]


Current CompileTask:
C2:   3875 3533   !   4       org.jetbrains.kotlin.metadata.ProtoBuf$Type::<init> (875 bytes)

Stack: [0x000000a75d400000,0x000000a75d500000]
Native frames: (J=compiled Java code, j=interpreted, Vv=VM code, C=native code)
V  [jvm.dll+0x64135a]
V  [jvm.dll+0x7d39f9]
V  [jvm.dll+0x7d51b9]
V  [jvm.dll+0x7d58a3]
V  [jvm.dll+0x2691c5]
V  [jvm.dll+0xc1a5c]
V  [jvm.dll+0xc200c]
V  [jvm.dll+0x3774a7]
V  [jvm.dll+0x342495]
V  [jvm.dll+0x34186a]
V  [jvm.dll+0x2214bd]
V  [jvm.dll+0x220498]
V  [jvm.dll+0x19e851]
V  [jvm.dll+0x230479]
V  [jvm.dll+0x22e5ef]
V  [jvm.dll+0x794de1]
V  [jvm.dll+0x78dc24]
V  [jvm.dll+0x6400f6]
C  [ucrtbase.dll+0x29363]
C  [KERNEL32.DLL+0x126bd]
C  [ntdll.dll+0x5dfb8]


---------------  P R O C E S S  ---------------

Threads class SMR info:
_java_thread_list=0x000001ebd1776950, length=11, elements={
0x000001ebb62fe000, 0x000001ebd05ac800, 0x000001ebd05ad800, 0x000001ebd0dc4000,
0x000001ebd0dc8000, 0x000001ebd0dc9000, 0x000001ebd0dcc000, 0x000001ebd0e13000,
0x000001ebd0e14000, 0x000001ebd0f7c000, 0x000001ebd17b8000
}

Java Threads: ( => current thread )
  0x000001ebb62fe000 JavaThread "main" [_thread_in_vm, id=18448, stack(0x000000a75c100000,0x000000a75c200000)]
  0x000001ebd05ac800 JavaThread "Reference Handler" daemon [_thread_blocked, id=7436, stack(0x000000a75c800000,0x000000a75c900000)]
  0x000001ebd05ad800 JavaThread "Finalizer" daemon [_thread_blocked, id=3180, stack(0x000000a75c900000,0x000000a75ca00000)]
  0x000001ebd0dc4000 JavaThread "Signal Dispatcher" daemon [_thread_blocked, id=18520, stack(0x000000a75ca00000,0x000000a75cb00000)]
  0x000001ebd0dc8000 JavaThread "Attach Listener" daemon [_thread_blocked, id=7072, stack(0x000000a75cb00000,0x000000a75cc00000)]
  0x000001ebd0dc9000 JavaThread "Service Thread" daemon [_thread_blocked, id=348, stack(0x000000a75cc00000,0x000000a75cd00000)]
  0x000001ebd0dcc000 JavaThread "C2 CompilerThread0" daemon [_thread_in_native, id=5772, stack(0x000000a75cd00000,0x000000a75ce00000)]
  0x000001ebd0e13000 JavaThread "C1 CompilerThread0" daemon [_thread_in_native, id=3312, stack(0x000000a75ce00000,0x000000a75cf00000)]
  0x000001ebd0e14000 JavaThread "Sweeper thread" daemon [_thread_blocked, id=20272, stack(0x000000a75cf00000,0x000000a75d000000)]
  0x000001ebd0f7c000 JavaThread "Common-Cleaner" daemon [_thread_blocked, id=7944, stack(0x000000a75d100000,0x000000a75d200000)]
=>0x000001ebd17b8000 JavaThread "C2 CompilerThread1" daemon [_thread_in_native, id=15292, stack(0x000000a75d400000,0x000000a75d500000)]

Other Threads:
  0x000001ebd0dc0800 VMThread "VM Thread" [stack: 0x000000a75c700000,0x000000a75c800000] [id=18476]
  0x000001ebd0f71800 WatcherThread [stack: 0x000000a75d000000,0x000000a75d100000] [id=18384]
  0x000001ebb6316800 GCTaskThread "GC Thread#0" [stack: 0x000000a75c200000,0x000000a75c300000] [id=11672]
  0x000001ebd1154800 GCTaskThread "GC Thread#1" [stack: 0x000000a75d200000,0x000000a75d300000] [id=19548]
  0x000001ebd1686800 GCTaskThread "GC Thread#2" [stack: 0x000000a75d300000,0x000000a75d400000] [id=20204]
  0x000001ebb6345000 ConcurrentGCThread "G1 Main Marker" [stack: 0x000000a75c300000,0x000000a75c400000] [id=17620]
  0x000001ebb6349000 ConcurrentGCThread "G1 Conc#0" [stack: 0x000000a75c400000,0x000000a75c500000] [id=17680]
  0x000001ebd1abe800 ConcurrentGCThread "G1 Conc#1" [stack: 0x000000a75d500000,0x000000a75d600000] [id=12112]
  0x000001ebb63cd000 ConcurrentGCThread "G1 Refine#0" [stack: 0x000000a75c500000,0x000000a75c600000] [id=5452]
  0x000001ebb63ce800 ConcurrentGCThread "G1 Young RemSet Sampling" [stack: 0x000000a75c600000,0x000000a75c700000] [id=17080]

Threads with active compile tasks:
C2 CompilerThread0     3904 3674       4       java.lang.String::startsWith (138 bytes)
C1 CompilerThread0     3904 3687   !   3       org.jetbrains.kotlin.metadata.ProtoBuf$Class::<init> (2097 bytes)
C2 CompilerThread1     3904 3533   !   4       org.jetbrains.kotlin.metadata.ProtoBuf$Type::<init> (875 bytes)

VM state:not at safepoint (normal execution)

VM Mutex/Monitor currently owned by a thread: None

Heap address: 0x0000000083c00000, size: 1988 MB, Compressed Oops mode: 32-bit
Narrow klass base: 0x0000000000000000, Narrow klass shift: 3
Compressed class space size: 1073741824 Address: 0x0000000100000000

Heap:
 garbage-first heap   total 129024K, used 70334K [0x0000000083c00000, 0x0000000100000000)
  region size 1024K, 46 young (47104K), 6 survivors (6144K)
 Metaspace       used 47132K, capacity 47633K, committed 47692K, reserved 1091584K
  class space    used 5474K, capacity 5677K, committed 5708K, reserved 1048576K
Heap Regions: E=young(eden), S=young(survivor), O=old, HS=humongous(starts), HC=humongous(continues), CS=collection set, F=free, A=archive, TAMS=top-at-mark-start (previous, next)
|   0|0x0000000083c00000, 0x0000000083d00000, 0x0000000083d00000|100%|HS|  |TAMS 0x0000000083d00000, 0x0000000083c00000| Complete 
|   1|0x0000000083d00000, 0x0000000083e00000, 0x0000000083e00000|100%|HC|  |TAMS 0x0000000083e00000, 0x0000000083d00000| Complete 
|   2|0x0000000083e00000, 0x0000000083f00000, 0x0000000083f00000|100%|HC|  |TAMS 0x0000000083f00000, 0x0000000083e00000| Complete 
|   3|0x0000000083f00000, 0x0000000084000000, 0x0000000084000000|100%|HS|  |TAMS 0x0000000084000000, 0x0000000083f00000| Complete 
|   4|0x0000000084000000, 0x0000000084100000, 0x0000000084100000|100%|HC|  |TAMS 0x0000000084100000, 0x0000000084000000| Complete 
|   5|0x0000000084100000, 0x0000000084200000, 0x0000000084200000|100%|HC|  |TAMS 0x0000000084200000, 0x0000000084100000| Complete 
|   6|0x0000000084200000, 0x0000000084300000, 0x0000000084300000|100%|HS|  |TAMS 0x0000000084300000, 0x0000000084200000| Complete 
|   7|0x0000000084300000, 0x0000000084400000, 0x0000000084400000|100%|HC|  |TAMS 0x0000000084400000, 0x0000000084300000| Complete 
|   8|0x0000000084400000, 0x0000000084500000, 0x0000000084500000|100%|HC|  |TAMS 0x0000000084500000, 0x0000000084400000| Complete 
|   9|0x0000000084500000, 0x0000000084600000, 0x0000000084600000|100%| O|  |TAMS 0x0000000084600000, 0x0000000084500000| Untracked 
|  10|0x0000000084600000, 0x0000000084700000, 0x0000000084700000|100%| O|  |TAMS 0x0000000084700000, 0x0000000084600000| Untracked 
|  11|0x0000000084700000, 0x0000000084800000, 0x0000000084800000|100%| O|  |TAMS 0x0000000084800000, 0x0000000084700000| Untracked 
|  12|0x0000000084800000, 0x0000000084900000, 0x0000000084900000|100%| O|  |TAMS 0x0000000084900000, 0x0000000084800000| Untracked 
|  13|0x0000000084900000, 0x0000000084a00000, 0x0000000084a00000|100%|HS|  |TAMS 0x0000000084a00000, 0x0000000084900000| Complete 
|  14|0x0000000084a00000, 0x0000000084b00000, 0x0000000084b00000|100%|HC|  |TAMS 0x0000000084b00000, 0x0000000084a00000| Complete 
|  15|0x0000000084b00000, 0x0000000084c00000, 0x0000000084c00000|100%| O|  |TAMS 0x0000000084c00000, 0x0000000084b00000| Untracked 
|  16|0x0000000084c00000, 0x0000000084d00000, 0x0000000084d00000|100%| O|  |TAMS 0x0000000084d00000, 0x0000000084c00000| Untracked 
|  17|0x0000000084d00000, 0x0000000084e00000, 0x0000000084e00000|100%| O|  |TAMS 0x0000000084e00000, 0x0000000084d00000| Untracked 
|  18|0x0000000084e00000, 0x0000000084f00000, 0x0000000084f00000|100%| O|  |TAMS 0x0000000084f00000, 0x0000000084e00000| Untracked 
|  19|0x0000000084f00000, 0x0000000085000000, 0x0000000085000000|100%| O|  |TAMS 0x0000000085000000, 0x0000000084f00000| Untracked 
|  20|0x0000000085000000, 0x0000000085100000, 0x0000000085100000|100%| O|  |TAMS 0x0000000085100000, 0x0000000085000000| Untracked 
|  21|0x0000000085100000, 0x0000000085200000, 0x0000000085200000|100%| O|  |TAMS 0x0000000085200000, 0x0000000085100000| Untracked 
|  22|0x0000000085200000, 0x0000000085300000, 0x0000000085300000|100%| O|  |TAMS 0x0000000085300000, 0x0000000085200000| Untracked 
|  23|0x0000000085300000, 0x000000008531fe00, 0x0000000085400000| 12%| O|  |TAMS 0x000000008531fe00, 0x0000000085300000| Untracked 
|  24|0x0000000085400000, 0x0000000085500000, 0x0000000085500000|100%|HS|  |TAMS 0x0000000085400000, 0x0000000085400000| Complete 
|  25|0x0000000085500000, 0x0000000085500000, 0x0000000085600000|  0%| F|  |TAMS 0x0000000085500000, 0x0000000085500000| Untracked 
|  26|0x0000000085600000, 0x0000000085600000, 0x0000000085700000|  0%| F|  |TAMS 0x0000000085600000, 0x0000000085600000| Untracked 
|  27|0x0000000085700000, 0x0000000085700000, 0x0000000085800000|  0%| F|  |TAMS 0x0000000085700000, 0x0000000085700000| Untracked 
|  28|0x0000000085800000, 0x0000000085800000, 0x0000000085900000|  0%| F|  |TAMS 0x0000000085800000, 0x0000000085800000| Untracked 
|  29|0x0000000085900000, 0x0000000085900000, 0x0000000085a00000|  0%| F|  |TAMS 0x0000000085900000, 0x0000000085900000| Untracked 
|  30|0x0000000085a00000, 0x0000000085a00000, 0x0000000085b00000|  0%| F|  |TAMS 0x0000000085a00000, 0x0000000085a00000| Untracked 
|  31|0x0000000085b00000, 0x0000000085b00000, 0x0000000085c00000|  0%| F|  |TAMS 0x0000000085b00000, 0x0000000085b00000| Untracked 
|  32|0x0000000085c00000, 0x0000000085c00000, 0x0000000085d00000|  0%| F|  |TAMS 0x0000000085c00000, 0x0000000085c00000| Untracked 
|  33|0x0000000085d00000, 0x0000000085d00000, 0x0000000085e00000|  0%| F|  |TAMS 0x0000000085d00000, 0x0000000085d00000| Untracked 
|  34|0x0000000085e00000, 0x0000000085e00000, 0x0000000085f00000|  0%| F|  |TAMS 0x0000000085e00000, 0x0000000085e00000| Untracked 
|  35|0x0000000085f00000, 0x0000000085f00000, 0x0000000086000000|  0%| F|  |TAMS 0x0000000085f00000, 0x0000000085f00000| Untracked 
|  36|0x0000000086000000, 0x0000000086000000, 0x0000000086100000|  0%| F|  |TAMS 0x0000000086000000, 0x0000000086000000| Untracked 
|  37|0x0000000086100000, 0x0000000086100000, 0x0000000086200000|  0%| F|  |TAMS 0x0000000086100000, 0x0000000086100000| Untracked 
|  38|0x0000000086200000, 0x0000000086200000, 0x0000000086300000|  0%| F|  |TAMS 0x0000000086200000, 0x0000000086200000| Untracked 
|  39|0x0000000086300000, 0x0000000086300000, 0x0000000086400000|  0%| F|  |TAMS 0x0000000086300000, 0x0000000086300000| Untracked 
|  40|0x0000000086400000, 0x0000000086400000, 0x0000000086500000|  0%| F|  |TAMS 0x0000000086400000, 0x0000000086400000| Untracked 
|  41|0x0000000086500000, 0x0000000086500000, 0x0000000086600000|  0%| F|  |TAMS 0x0000000086500000, 0x0000000086500000| Untracked 
|  42|0x0000000086600000, 0x0000000086600000, 0x0000000086700000|  0%| F|  |TAMS 0x0000000086600000, 0x0000000086600000| Untracked 
|  43|0x0000000086700000, 0x0000000086700000, 0x0000000086800000|  0%| F|  |TAMS 0x0000000086700000, 0x0000000086700000| Untracked 
|  44|0x0000000086800000, 0x0000000086800000, 0x0000000086900000|  0%| F|  |TAMS 0x0000000086800000, 0x0000000086800000| Untracked 
|  45|0x0000000086900000, 0x0000000086900000, 0x0000000086a00000|  0%| F|  |TAMS 0x0000000086900000, 0x0000000086900000| Untracked 
|  46|0x0000000086a00000, 0x0000000086a00000, 0x0000000086b00000|  0%| F|  |TAMS 0x0000000086a00000, 0x0000000086a00000| Untracked 
|  47|0x0000000086b00000, 0x0000000086b00000, 0x0000000086c00000|  0%| F|  |TAMS 0x0000000086b00000, 0x0000000086b00000| Untracked 
|  48|0x0000000086c00000, 0x0000000086c00000, 0x0000000086d00000|  0%| F|  |TAMS 0x0000000086c00000, 0x0000000086c00000| Untracked 
|  49|0x0000000086d00000, 0x0000000086d00000, 0x0000000086e00000|  0%| F|  |TAMS 0x0000000086d00000, 0x0000000086d00000| Untracked 
|  50|0x0000000086e00000, 0x0000000086e00000, 0x0000000086f00000|  0%| F|  |TAMS 0x0000000086e00000, 0x0000000086e00000| Untracked 
|  51|0x0000000086f00000, 0x0000000086f00000, 0x0000000087000000|  0%| F|  |TAMS 0x0000000086f00000, 0x0000000086f00000| Untracked 
|  52|0x0000000087000000, 0x0000000087000000, 0x0000000087100000|  0%| F|  |TAMS 0x0000000087000000, 0x0000000087000000| Untracked 
|  53|0x0000000087100000, 0x0000000087100000, 0x0000000087200000|  0%| F|  |TAMS 0x0000000087100000, 0x0000000087100000| Untracked 
|  54|0x0000000087200000, 0x0000000087200000, 0x0000000087300000|  0%| F|  |TAMS 0x0000000087200000, 0x0000000087200000| Untracked 
|  55|0x0000000087300000, 0x0000000087300000, 0x0000000087400000|  0%| F|  |TAMS 0x0000000087300000, 0x0000000087300000| Untracked 
|  56|0x0000000087400000, 0x0000000087400000, 0x0000000087500000|  0%| F|  |TAMS 0x0000000087400000, 0x0000000087400000| Untracked 
|  57|0x0000000087500000, 0x0000000087500000, 0x0000000087600000|  0%| F|  |TAMS 0x0000000087500000, 0x0000000087500000| Untracked 
|  58|0x0000000087600000, 0x0000000087600000, 0x0000000087700000|  0%| F|  |TAMS 0x0000000087600000, 0x0000000087600000| Untracked 
|  59|0x0000000087700000, 0x0000000087700000, 0x0000000087800000|  0%| F|  |TAMS 0x0000000087700000, 0x0000000087700000| Untracked 
|  60|0x0000000087800000, 0x0000000087800000, 0x0000000087900000|  0%| F|  |TAMS 0x0000000087800000, 0x0000000087800000| Untracked 
|  61|0x0000000087900000, 0x0000000087900000, 0x0000000087a00000|  0%| F|  |TAMS 0x0000000087900000, 0x0000000087900000| Untracked 
|  62|0x0000000087a00000, 0x0000000087a00000, 0x0000000087b00000|  0%| F|  |TAMS 0x0000000087a00000, 0x0000000087a00000| Untracked 
|  63|0x0000000087b00000, 0x0000000087b00000, 0x0000000087c00000|  0%| F|  |TAMS 0x0000000087b00000, 0x0000000087b00000| Untracked 
|  64|0x0000000087c00000, 0x0000000087c00000, 0x0000000087d00000|  0%| F|  |TAMS 0x0000000087c00000, 0x0000000087c00000| Untracked 
|  65|0x0000000087d00000, 0x0000000087d00000, 0x0000000087e00000|  0%| F|  |TAMS 0x0000000087d00000, 0x0000000087d00000| Untracked 
|  66|0x0000000087e00000, 0x0000000087e00000, 0x0000000087f00000|  0%| F|  |TAMS 0x0000000087e00000, 0x0000000087e00000| Untracked 
|  67|0x0000000087f00000, 0x0000000087f00000, 0x0000000088000000|  0%| F|  |TAMS 0x0000000087f00000, 0x0000000087f00000| Untracked 
|  68|0x0000000088000000, 0x0000000088000000, 0x0000000088100000|  0%| F|  |TAMS 0x0000000088000000, 0x0000000088000000| Untracked 
|  69|0x0000000088100000, 0x0000000088100000, 0x0000000088200000|  0%| F|  |TAMS 0x0000000088100000, 0x0000000088100000| Untracked 
|  70|0x0000000088200000, 0x0000000088200000, 0x0000000088300000|  0%| F|  |TAMS 0x0000000088200000, 0x0000000088200000| Untracked 
|  71|0x0000000088300000, 0x0000000088300000, 0x0000000088400000|  0%| F|  |TAMS 0x0000000088300000, 0x0000000088300000| Untracked 
|  72|0x0000000088400000, 0x0000000088400000, 0x0000000088500000|  0%| F|  |TAMS 0x0000000088400000, 0x0000000088400000| Untracked 
|  73|0x0000000088500000, 0x0000000088500000, 0x0000000088600000|  0%| F|  |TAMS 0x0000000088500000, 0x0000000088500000| Untracked 
|  74|0x0000000088600000, 0x000000008868fa90, 0x0000000088700000| 56%| S|CS|TAMS 0x0000000088600000, 0x0000000088600000| Complete 
|  75|0x0000000088700000, 0x0000000088800000, 0x0000000088800000|100%| S|CS|TAMS 0x0000000088700000, 0x0000000088700000| Complete 
|  76|0x0000000088800000, 0x0000000088900000, 0x0000000088900000|100%| S|CS|TAMS 0x0000000088800000, 0x0000000088800000| Complete 
|  77|0x0000000088900000, 0x0000000088a00000, 0x0000000088a00000|100%| S|CS|TAMS 0x0000000088900000, 0x0000000088900000| Complete 
|  78|0x0000000088a00000, 0x0000000088b00000, 0x0000000088b00000|100%| S|CS|TAMS 0x0000000088a00000, 0x0000000088a00000| Complete 
|  79|0x0000000088b00000, 0x0000000088c00000, 0x0000000088c00000|100%| S|CS|TAMS 0x0000000088b00000, 0x0000000088b00000| Complete 
|  80|0x0000000088c00000, 0x0000000088c00000, 0x0000000088d00000|  0%| F|  |TAMS 0x0000000088c00000, 0x0000000088c00000| Untracked 
|  81|0x0000000088d00000, 0x0000000088d00000, 0x0000000088e00000|  0%| F|  |TAMS 0x0000000088d00000, 0x0000000088d00000| Untracked 
|  82|0x0000000088e00000, 0x0000000088e00000, 0x0000000088f00000|  0%| F|  |TAMS 0x0000000088e00000, 0x0000000088e00000| Untracked 
|  83|0x0000000088f00000, 0x0000000088f00000, 0x0000000089000000|  0%| F|  |TAMS 0x0000000088f00000, 0x0000000088f00000| Untracked 
|  84|0x0000000089000000, 0x0000000089000000, 0x0000000089100000|  0%| F|  |TAMS 0x0000000089000000, 0x0000000089000000| Untracked 
|  85|0x0000000089100000, 0x0000000089100000, 0x0000000089200000|  0%| F|  |TAMS 0x0000000089100000, 0x0000000089100000| Untracked 
|  86|0x0000000089200000, 0x0000000089300000, 0x0000000089300000|100%| E|  |TAMS 0x0000000089200000, 0x0000000089200000| Complete 
|  87|0x0000000089300000, 0x0000000089400000, 0x0000000089400000|100%| E|CS|TAMS 0x0000000089300000, 0x0000000089300000| Complete 
|  88|0x0000000089400000, 0x0000000089500000, 0x0000000089500000|100%| E|CS|TAMS 0x0000000089400000, 0x0000000089400000| Complete 
|  89|0x0000000089500000, 0x0000000089600000, 0x0000000089600000|100%| E|CS|TAMS 0x0000000089500000, 0x0000000089500000| Complete 
|  90|0x0000000089600000, 0x0000000089700000, 0x0000000089700000|100%| E|CS|TAMS 0x0000000089600000, 0x0000000089600000| Complete 
|  91|0x0000000089700000, 0x0000000089800000, 0x0000000089800000|100%| E|CS|TAMS 0x0000000089700000, 0x0000000089700000| Complete 
|  92|0x0000000089800000, 0x0000000089900000, 0x0000000089900000|100%| E|CS|TAMS 0x0000000089800000, 0x0000000089800000| Complete 
|  93|0x0000000089900000, 0x0000000089a00000, 0x0000000089a00000|100%| E|CS|TAMS 0x0000000089900000, 0x0000000089900000| Complete 
|  94|0x0000000089a00000, 0x0000000089b00000, 0x0000000089b00000|100%| E|CS|TAMS 0x0000000089a00000, 0x0000000089a00000| Complete 
|  95|0x0000000089b00000, 0x0000000089c00000, 0x0000000089c00000|100%| E|CS|TAMS 0x0000000089b00000, 0x0000000089b00000| Complete 
|  96|0x0000000089c00000, 0x0000000089d00000, 0x0000000089d00000|100%| E|CS|TAMS 0x0000000089c00000, 0x0000000089c00000| Complete 
|  97|0x0000000089d00000, 0x0000000089e00000, 0x0000000089e00000|100%| E|CS|TAMS 0x0000000089d00000, 0x0000000089d00000| Complete 
|  98|0x0000000089e00000, 0x0000000089f00000, 0x0000000089f00000|100%| E|CS|TAMS 0x0000000089e00000, 0x0000000089e00000| Complete 
|  99|0x0000000089f00000, 0x000000008a000000, 0x000000008a000000|100%| E|CS|TAMS 0x0000000089f00000, 0x0000000089f00000| Complete 
| 100|0x000000008a000000, 0x000000008a100000, 0x000000008a100000|100%| E|CS|TAMS 0x000000008a000000, 0x000000008a000000| Complete 
| 101|0x000000008a100000, 0x000000008a200000, 0x000000008a200000|100%| E|CS|TAMS 0x000000008a100000, 0x000000008a100000| Complete 
| 102|0x000000008a200000, 0x000000008a300000, 0x000000008a300000|100%| E|CS|TAMS 0x000000008a200000, 0x000000008a200000| Complete 
| 103|0x000000008a300000, 0x000000008a400000, 0x000000008a400000|100%| E|CS|TAMS 0x000000008a300000, 0x000000008a300000| Complete 
| 104|0x000000008a400000, 0x000000008a500000, 0x000000008a500000|100%| E|CS|TAMS 0x000000008a400000, 0x000000008a400000| Complete 
| 105|0x000000008a500000, 0x000000008a600000, 0x000000008a600000|100%| E|CS|TAMS 0x000000008a500000, 0x000000008a500000| Complete 
| 106|0x000000008a600000, 0x000000008a700000, 0x000000008a700000|100%| E|CS|TAMS 0x000000008a600000, 0x000000008a600000| Complete 
| 107|0x000000008a700000, 0x000000008a800000, 0x000000008a800000|100%| E|CS|TAMS 0x000000008a700000, 0x000000008a700000| Complete 
| 108|0x000000008a800000, 0x000000008a900000, 0x000000008a900000|100%| E|CS|TAMS 0x000000008a800000, 0x000000008a800000| Complete 
| 109|0x000000008a900000, 0x000000008aa00000, 0x000000008aa00000|100%| E|CS|TAMS 0x000000008a900000, 0x000000008a900000| Complete 
| 110|0x000000008aa00000, 0x000000008ab00000, 0x000000008ab00000|100%| E|CS|TAMS 0x000000008aa00000, 0x000000008aa00000| Complete 
| 111|0x000000008ab00000, 0x000000008ac00000, 0x000000008ac00000|100%| E|CS|TAMS 0x000000008ab00000, 0x000000008ab00000| Complete 
| 112|0x000000008ac00000, 0x000000008ad00000, 0x000000008ad00000|100%| E|CS|TAMS 0x000000008ac00000, 0x000000008ac00000| Complete 
| 113|0x000000008ad00000, 0x000000008ae00000, 0x000000008ae00000|100%| E|CS|TAMS 0x000000008ad00000, 0x000000008ad00000| Complete 
| 114|0x000000008ae00000, 0x000000008af00000, 0x000000008af00000|100%| E|CS|TAMS 0x000000008ae00000, 0x000000008ae00000| Complete 
| 115|0x000000008af00000, 0x000000008b000000, 0x000000008b000000|100%| E|CS|TAMS 0x000000008af00000, 0x000000008af00000| Complete 
| 116|0x000000008b000000, 0x000000008b100000, 0x000000008b100000|100%| E|CS|TAMS 0x000000008b000000, 0x000000008b000000| Complete 
| 117|0x000000008b100000, 0x000000008b200000, 0x000000008b200000|100%| E|CS|TAMS 0x000000008b100000, 0x000000008b100000| Complete 
| 118|0x000000008b200000, 0x000000008b300000, 0x000000008b300000|100%| E|CS|TAMS 0x000000008b200000, 0x000000008b200000| Complete 
| 119|0x000000008b300000, 0x000000008b400000, 0x000000008b400000|100%| E|CS|TAMS 0x000000008b300000, 0x000000008b300000| Complete 
| 120|0x000000008b400000, 0x000000008b500000, 0x000000008b500000|100%| E|CS|TAMS 0x000000008b400000, 0x000000008b400000| Complete 
| 121|0x000000008b500000, 0x000000008b600000, 0x000000008b600000|100%| E|CS|TAMS 0x000000008b500000, 0x000000008b500000| Complete 
| 122|0x000000008b600000, 0x000000008b700000, 0x000000008b700000|100%| E|CS|TAMS 0x000000008b600000, 0x000000008b600000| Complete 
| 123|0x000000008b700000, 0x000000008b800000, 0x000000008b800000|100%| E|CS|TAMS 0x000000008b700000, 0x000000008b700000| Complete 
| 124|0x000000008b800000, 0x000000008b900000, 0x000000008b900000|100%| E|CS|TAMS 0x000000008b800000, 0x000000008b800000| Complete 
| 125|0x000000008b900000, 0x000000008ba00000, 0x000000008ba00000|100%| E|CS|TAMS 0x000000008b900000, 0x000000008b900000| Complete 

Card table byte_map: [0x000001ebc9540000,0x000001ebc9930000] _byte_map_base: 0x000001ebc9122000

Marking Bits (Prev, Next): (CMBitMap*) 0x000001ebb633c8d8, (CMBitMap*) 0x000001ebb633c910
 Prev Bits: [0x000001ebc9d20000, 0x000001ebcbc30000)
 Next Bits: [0x000001ebcbc30000, 0x000001ebcdb40000)

Polling page: 0x000001ebb42d0000

Metaspace:

Usage:
  Non-class:     41.04 MB capacity,    40.74 MB (>99%) used,   239.00 KB ( <1%) free+waste,    66.94 KB ( <1%) overhead. 
      Class:      5.54 MB capacity,     5.35 MB ( 97%) used,   165.88 KB (  3%) free+waste,    27.88 KB ( <1%) overhead. 
       Both:     46.58 MB capacity,    46.09 MB ( 99%) used,   404.88 KB ( <1%) free+waste,    94.81 KB ( <1%) overhead. 

Virtual space:
  Non-class space:       42.00 MB reserved,      41.25 MB ( 98%) committed 
      Class space:        1.00 GB reserved,       5.57 MB ( <1%) committed 
             Both:        1.04 GB reserved,      46.82 MB (  4%) committed 

Chunk freelists:
   Non-Class:  28.00 KB
       Class:  19.00 KB
        Both:  47.00 KB

MaxMetaspaceSize: 17179869184.00 GB
CompressedClassSpaceSize: 1.00 GB
Initial GC threshold: 20.80 MB
Current GC threshold: 58.88 MB
CDS: off

CodeHeap 'non-profiled nmethods': size=120000Kb used=1486Kb max_used=1486Kb free=118513Kb
 bounds [0x000001ebc18f0000, 0x000001ebc1b60000, 0x000001ebc8e20000]
CodeHeap 'profiled nmethods': size=120000Kb used=7449Kb max_used=7449Kb free=112551Kb
 bounds [0x000001ebba3c0000, 0x000001ebbab10000, 0x000001ebc18f0000]
CodeHeap 'non-nmethods': size=5760Kb used=1263Kb max_used=1313Kb free=4496Kb
 bounds [0x000001ebb9e20000, 0x000001ebba090000, 0x000001ebba3c0000]
 total_blobs=4192 nmethods=3647 adapters=456
 compilation: enabled
              stopped_count=0, restarted_count=0
 full_count=0

Compilation events (20 events):
Event: 3.857 Thread 0x000001ebd0dcc000 3516       4       java.util.Collections$EmptyMap::entrySet (4 bytes)
Event: 3.858 Thread 0x000001ebd0dcc000 nmethod 3516 0x000001ebc1a5f490 code [0x000001ebc1a5f620, 0x000001ebc1a5f698]
Event: 3.858 Thread 0x000001ebd0dcc000 3524       4       org.jetbrains.kotlin.protobuf.GeneratedMessageLite$ExtendableMessage$ExtensionWriter::<init> (57 bytes)
Event: 3.868 Thread 0x000001ebd0dcc000 nmethod 3524 0x000001ebc1a5f790 code [0x000001ebc1a5f9a0, 0x000001ebc1a601e8]
Event: 3.868 Thread 0x000001ebd0dcc000 3525       4       org.jetbrains.kotlin.protobuf.FieldSet::iterator (40 bytes)
Event: 3.871 Thread 0x000001ebd0dcc000 nmethod 3525 0x000001ebc1a60690 code [0x000001ebc1a60840, 0x000001ebc1a60ad8]
Event: 3.871 Thread 0x000001ebd0dcc000 3204       4       jdk.internal.misc.Unsafe::getLong (7 bytes)
Event: 3.871 Thread 0x000001ebd0dcc000 nmethod 3204 0x000001ebc1a60c90 code [0x000001ebc1a60e20, 0x000001ebc1a60e98]
Event: 3.871 Thread 0x000001ebd0dcc000 3559       4       java.util.LinkedHashMap$LinkedValues::size (8 bytes)
Event: 3.871 Thread 0x000001ebd0e13000 3666       3       kotlin.text.StringsKt__StringsKt::contains$default (15 bytes)
Event: 3.872 Thread 0x000001ebd0dcc000 nmethod 3559 0x000001ebc1a60f90 code [0x000001ebc1a61120, 0x000001ebc1a61198]
Event: 3.872 Thread 0x000001ebd0dcc000 3562       4       java.util.Arrays$ArrayList::size (6 bytes)
Event: 3.872 Thread 0x000001ebd0e13000 nmethod 3666 0x000001ebbaafcf90 code [0x000001ebbaafd1e0, 0x000001ebbaafd928]
Event: 3.872 Thread 0x000001ebd0e13000 3667       3       kotlin.text.StringsKt__StringsKt::contains (25 bytes)
Event: 3.872 Thread 0x000001ebd0dcc000 nmethod 3562 0x000001ebc1a61290 code [0x000001ebc1a61420, 0x000001ebc1a61498]
Event: 3.872 Thread 0x000001ebd0e13000 nmethod 3667 0x000001ebbaafdc10 code [0x000001ebbaafde60, 0x000001ebbaafe508]
Event: 3.872 Thread 0x000001ebd0e13000 3668       3       org.jetbrains.kotlin.load.java.structure.impl.classFiles.BinaryJavaClass::getTypeParameters (19 bytes)
Event: 3.873 Thread 0x000001ebd0e13000 nmethod 3668 0x000001ebbaafe790 code [0x000001ebbaafea20, 0x000001ebbaaff278]
Event: 3.873 Thread 0x000001ebd0e13000 3669       1       org.jetbrains.kotlin.descriptors.impl.ModuleDescriptorImpl::getBuiltIns (5 bytes)
Event: 3.873 Thread 0x000001ebd0e13000 nmethod 3669 0x000001ebc1a61590 code [0x000001ebc1a61740, 0x000001ebc1a617f8]

GC Heap History (10 events):
Event: 0.979 GC heap before
{Heap before GC invocations=0 (full 0):
 garbage-first heap   total 129024K, used 27648K [0x0000000083c00000, 0x0000000100000000)
  region size 1024K, 24 young (24576K), 0 survivors (0K)
 Metaspace       used 12315K, capacity 12469K, committed 12800K, reserved 1060864K
  class space    used 1140K, capacity 1174K, committed 1280K, reserved 1048576K
}
Event: 0.982 GC heap after
{Heap after GC invocations=1 (full 0):
 garbage-first heap   total 129024K, used 5763K [0x0000000083c00000, 0x0000000100000000)
  region size 1024K, 3 young (3072K), 3 survivors (3072K)
 Metaspace       used 12315K, capacity 12469K, committed 12800K, reserved 1060864K
  class space    used 1140K, capacity 1174K, committed 1280K, reserved 1048576K
}
Event: 1.578 GC heap before
{Heap before GC invocations=1 (full 0):
 garbage-first heap   total 129024K, used 42627K [0x0000000083c00000, 0x0000000100000000)
  region size 1024K, 40 young (40960K), 3 survivors (3072K)
 Metaspace       used 21014K, capacity 21180K, committed 21248K, reserved 1069056K
  class space    used 2198K, capacity 2246K, committed 2304K, reserved 1048576K
}
Event: 1.588 GC heap after
{Heap after GC invocations=2 (full 0):
 garbage-first heap   total 129024K, used 9544K [0x0000000083c00000, 0x0000000100000000)
  region size 1024K, 7 young (7168K), 7 survivors (7168K)
 Metaspace       used 21014K, capacity 21180K, committed 21248K, reserved 1069056K
  class space    used 2198K, capacity 2246K, committed 2304K, reserved 1048576K
}
Event: 2.459 GC heap before
{Heap before GC invocations=3 (full 0):
 garbage-first heap   total 129024K, used 73032K [0x0000000083c00000, 0x0000000100000000)
  region size 1024K, 57 young (58368K), 7 survivors (7168K)
 Metaspace       used 32212K, capacity 32654K, committed 32896K, reserved 1077248K
  class space    used 3979K, capacity 4146K, committed 4224K, reserved 1048576K
}
Event: 2.474 GC heap after
{Heap after GC invocations=4 (full 0):
 garbage-first heap   total 129024K, used 23612K [0x0000000083c00000, 0x0000000100000000)
  region size 1024K, 8 young (8192K), 8 survivors (8192K)
 Metaspace       used 32212K, capacity 32654K, committed 32896K, reserved 1077248K
  class space    used 3979K, capacity 4146K, committed 4224K, reserved 1048576K
}
Event: 2.715 GC heap before
{Heap before GC invocations=4 (full 0):
 garbage-first heap   total 129024K, used 37948K [0x0000000083c00000, 0x0000000100000000)
  region size 1024K, 23 young (23552K), 8 survivors (8192K)
 Metaspace       used 35400K, capacity 35803K, committed 35840K, reserved 1081344K
  class space    used 4314K, capacity 4471K, committed 4480K, reserved 1048576K
}
Event: 2.738 GC heap after
{Heap after GC invocations=5 (full 0):
 garbage-first heap   total 129024K, used 25658K [0x0000000083c00000, 0x0000000100000000)
  region size 1024K, 2 young (2048K), 2 survivors (2048K)
 Metaspace       used 35400K, capacity 35803K, committed 35840K, reserved 1081344K
  class space    used 4314K, capacity 4471K, committed 4480K, reserved 1048576K
}
Event: 3.522 GC heap before
{Heap before GC invocations=6 (full 0):
 garbage-first heap   total 129024K, used 70714K [0x0000000083c00000, 0x0000000100000000)
  region size 1024K, 46 young (47104K), 2 survivors (2048K)
 Metaspace       used 45145K, capacity 45601K, committed 45772K, reserved 1089536K
  class space    used 5317K, capacity 5514K, committed 5580K, reserved 1048576K
}
Event: 3.529 GC heap after
{Heap after GC invocations=7 (full 0):
 garbage-first heap   total 129024K, used 29374K [0x0000000083c00000, 0x0000000100000000)
  region size 1024K, 6 young (6144K), 6 survivors (6144K)
 Metaspace       used 45145K, capacity 45601K, committed 45772K, reserved 1089536K
  class space    used 5317K, capacity 5514K, committed 5580K, reserved 1048576K
}

Deoptimization events (20 events):
Event: 3.658 Thread 0x000001ebb62fe000 DEOPT PACKING pc=0x000001ebba8b73ff sp=0x000000a75c1f93c0
Event: 3.658 Thread 0x000001ebb62fe000 DEOPT UNPACKING pc=0x000001ebb9e6a95e sp=0x000000a75c1f8810 mode 0
Event: 3.827 Thread 0x000001ebb62fe000 Uncommon trap: trap_request=0xffffffde fr.pc=0x000001ebc1a12aa8 relative=0x0000000000000168
Event: 3.827 Thread 0x000001ebb62fe000 Uncommon trap: reason=class_check action=maybe_recompile pc=0x000001ebc1a12aa8 method=java.lang.Character.codePointAt(Ljava/lang/CharSequence;I)I @ 2 c2
Event: 3.828 Thread 0x000001ebb62fe000 DEOPT PACKING pc=0x000001ebc1a12aa8 sp=0x000000a75c1fce30
Event: 3.828 Thread 0x000001ebb62fe000 DEOPT UNPACKING pc=0x000001ebb9e6a1af sp=0x000000a75c1fcdd8 mode 2
Event: 3.828 Thread 0x000001ebb62fe000 Uncommon trap: trap_request=0xffffffde fr.pc=0x000001ebc1a12aa8 relative=0x0000000000000168
Event: 3.828 Thread 0x000001ebb62fe000 Uncommon trap: reason=class_check action=maybe_recompile pc=0x000001ebc1a12aa8 method=java.lang.Character.codePointAt(Ljava/lang/CharSequence;I)I @ 2 c2
Event: 3.828 Thread 0x000001ebb62fe000 DEOPT PACKING pc=0x000001ebc1a12aa8 sp=0x000000a75c1fce30
Event: 3.828 Thread 0x000001ebb62fe000 DEOPT UNPACKING pc=0x000001ebb9e6a1af sp=0x000000a75c1fcdd8 mode 2
Event: 3.828 Thread 0x000001ebb62fe000 Uncommon trap: trap_request=0xffffffde fr.pc=0x000001ebc1a12aa8 relative=0x0000000000000168
Event: 3.828 Thread 0x000001ebb62fe000 Uncommon trap: reason=class_check action=maybe_recompile pc=0x000001ebc1a12aa8 method=java.lang.Character.codePointAt(Ljava/lang/CharSequence;I)I @ 2 c2
Event: 3.828 Thread 0x000001ebb62fe000 DEOPT PACKING pc=0x000001ebc1a12aa8 sp=0x000000a75c1fce30
Event: 3.828 Thread 0x000001ebb62fe000 DEOPT UNPACKING pc=0x000001ebb9e6a1af sp=0x000000a75c1fcdd8 mode 2
Event: 3.828 Thread 0x000001ebb62fe000 Uncommon trap: trap_request=0xffffffde fr.pc=0x000001ebc1a12aa8 relative=0x0000000000000168
Event: 3.828 Thread 0x000001ebb62fe000 Uncommon trap: reason=class_check action=maybe_recompile pc=0x000001ebc1a12aa8 method=java.lang.Character.codePointAt(Ljava/lang/CharSequence;I)I @ 2 c2
Event: 3.828 Thread 0x000001ebb62fe000 DEOPT PACKING pc=0x000001ebc1a12aa8 sp=0x000000a75c1fce30
Event: 3.828 Thread 0x000001ebb62fe000 DEOPT UNPACKING pc=0x000001ebb9e6a1af sp=0x000000a75c1fcdd8 mode 2
Event: 3.844 Thread 0x000001ebb62fe000 DEOPT PACKING pc=0x000001ebba8b73ff sp=0x000000a75c1fcc80
Event: 3.844 Thread 0x000001ebb62fe000 DEOPT UNPACKING pc=0x000001ebb9e6a95e sp=0x000000a75c1fc0d0 mode 0

Classes redefined (0 events):
No events

Internal exceptions (20 events):
Event: 1.599 Thread 0x000001ebb62fe000 Exception <a 'java/lang/NoSuchMethodError'{0x000000008b9514d8}: 'int java.lang.invoke.DirectMethodHandle$Holder.invokeStaticInit(java.lang.Object, java.lang.Object)'> (0x000000008b9514d8) thrown at [src/hotspot/share/interpreter/linkResolver.cpp, line 773]
Event: 1.792 Thread 0x000001ebb62fe000 Exception <a 'java/lang/NoSuchMethodError'{0x000000008af57df0}: 'java.lang.Object java.lang.invoke.DirectMethodHandle$Holder.invokeStatic(java.lang.Object, java.lang.Object, java.lang.Object, java.lang.Object, java.lang.Object, java.lang.Object, java.lang.Object, java.lang.Object, java.lang.Object, java.lang.Object, java.lang.Object, java.lang.Object, java.lang.Object, java.lang.Object, java.lang.Object)'> (0x000000008af57df0) thrown at [src/hotspot/share/interpreter/linkResolver.cpp, line 773]
Event: 1.793 Thread 0x000001ebb62fe000 Exception <a 'java/lang/NoSuchMethodError'{0x000000008af65df8}: 'java.lang.Object java.lang.invoke.DirectMethodHandle$Holder.invokeStatic(java.lang.Object, java.lang.Object, java.lang.Object, java.lang.Object, java.lang.Object, java.lang.Object, java.lang.Object, java.lang.Object, java.lang.Object, java.lang.Object, java.lang.Object, java.lang.Object, java.lang.Object, java.lang.Object, java.lang.Object, java.lang.Object)'> (0x000000008af65df8) thrown at [src/hotspot/share/interpreter/linkResolver.cpp, lin
Event: 1.794 Thread 0x000001ebb62fe000 Exception <a 'java/lang/NoSuchMethodError'{0x000000008af73d10}: 'java.lang.Object java.lang.invoke.DirectMethodHandle$Holder.invokeSpecial(java.lang.Object, java.lang.Object, int, int, java.lang.Object, java.lang.Object, java.lang.Object)'> (0x000000008af73d10) thrown at [src/hotspot/share/interpreter/linkResolver.cpp, line 773]
Event: 1.794 Thread 0x000001ebb62fe000 Exception <a 'java/lang/NoSuchMethodError'{0x000000008af77548}: 'java.lang.Object java.lang.invoke.DelegatingMethodHandle$Holder.reinvoke_L(java.lang.Object, int, int, java.lang.Object, java.lang.Object, java.lang.Object)'> (0x000000008af77548) thrown at [src/hotspot/share/interpreter/linkResolver.cpp, line 773]
Event: 1.795 Thread 0x000001ebb62fe000 Exception <a 'java/lang/NoSuchMethodError'{0x000000008af7b8d0}: 'java.lang.Object java.lang.invoke.DirectMethodHandle$Holder.invokeStatic(java.lang.Object, java.lang.Object, java.lang.Object, java.lang.Object, int)'> (0x000000008af7b8d0) thrown at [src/hotspot/share/interpreter/linkResolver.cpp, line 773]
Event: 1.831 Thread 0x000001ebb62fe000 Implicit null exception at 0x000001ebc197eeac to 0x000001ebc197f05a
Event: 1.858 Thread 0x000001ebb62fe000 Exception <a 'java/lang/NoSuchMethodError'{0x000000008aaf6228}: 'void java.lang.invoke.DirectMethodHandle$Holder.invokeStatic(java.lang.Object, java.lang.Object, java.lang.Object, java.lang.Object)'> (0x000000008aaf6228) thrown at [src/hotspot/share/interpreter/linkResolver.cpp, line 773]
Event: 1.878 Thread 0x000001ebb62fe000 Exception <a 'java/lang/NoSuchMethodError'{0x000000008a8458f8}: 'void java.lang.invoke.DirectMethodHandle$Holder.invokeSpecial(java.lang.Object, java.lang.Object)'> (0x000000008a8458f8) thrown at [src/hotspot/share/interpreter/linkResolver.cpp, line 773]
Event: 1.911 Thread 0x000001ebb62fe000 Exception <a 'java/lang/NoSuchMethodError'{0x000000008a6e8520}: 'void java.lang.invoke.DirectMethodHandle$Holder.invokeStaticInit(java.lang.Object, java.lang.Object)'> (0x000000008a6e8520) thrown at [src/hotspot/share/interpreter/linkResolver.cpp, line 773]
Event: 1.918 Thread 0x000001ebb62fe000 Exception <a 'java/lang/NoSuchMethodError'{0x000000008a526f20}: 'void java.lang.invoke.DirectMethodHandle$Holder.invokeInterface(java.lang.Object, java.lang.Object)'> (0x000000008a526f20) thrown at [src/hotspot/share/interpreter/linkResolver.cpp, line 773]
Event: 1.986 Thread 0x000001ebb62fe000 Exception <a 'java/lang/NoSuchMethodError'{0x000000008a141c00}: 'void java.lang.invoke.DirectMethodHandle$Holder.invokeVirtual(java.lang.Object, java.lang.Object)'> (0x000000008a141c00) thrown at [src/hotspot/share/interpreter/linkResolver.cpp, line 773]
Event: 1.994 Thread 0x000001ebb62fe000 Exception <a 'java/lang/NoSuchMethodError'{0x000000008a1b91c8}: 'int java.lang.invoke.DirectMethodHandle$Holder.invokeVirtual(java.lang.Object, java.lang.Object)'> (0x000000008a1b91c8) thrown at [src/hotspot/share/interpreter/linkResolver.cpp, line 773]
Event: 2.619 Thread 0x000001ebb62fe000 Exception <a 'java/lang/NoSuchMethodError'{0x000000008b1bc0d8}: 'java.lang.Object java.lang.invoke.DirectMethodHandle$Holder.invokeVirtual(java.lang.Object, java.lang.Object, java.lang.Object)'> (0x000000008b1bc0d8) thrown at [src/hotspot/share/interpreter/linkResolver.cpp, line 773]
Event: 3.224 Thread 0x000001ebb62fe000 Exception <a 'java/lang/NoSuchMethodError'{0x00000000899c8828}: 'java.lang.Object java.lang.invoke.Invokers$Holder.linkToTargetMethod(java.lang.Object, int, java.lang.Object)'> (0x00000000899c8828) thrown at [src/hotspot/share/interpreter/linkResolver.cpp, line 773]
Event: 3.257 Thread 0x000001ebb62fe000 Implicit null exception at 0x000001ebc1a0a15d to 0x000001ebc1a0a264
Event: 3.260 Thread 0x000001ebb62fe000 Implicit null exception at 0x000001ebc1a0f670 to 0x000001ebc1a0f730
Event: 3.300 Thread 0x000001ebb62fe000 Exception <a 'java/lang/NoSuchMethodError'{0x00000000896d5a90}: 'java.lang.Object java.lang.invoke.DirectMethodHandle$Holder.invokeStatic(java.lang.Object, java.lang.Object, java.lang.Object, int)'> (0x00000000896d5a90) thrown at [src/hotspot/share/interpreter/linkResolver.cpp, line 773]
Event: 3.300 Thread 0x000001ebb62fe000 Exception <a 'java/lang/NoSuchMethodError'{0x00000000896d9700}: 'java.lang.Object java.lang.invoke.DirectMethodHandle$Holder.invokeSpecial(java.lang.Object, java.lang.Object, java.lang.Object, java.lang.Object, int)'> (0x00000000896d9700) thrown at [src/hotspot/share/interpreter/linkResolver.cpp, line 773]
Event: 3.301 Thread 0x000001ebb62fe000 Exception <a 'java/lang/NoSuchMethodError'{0x00000000896dca10}: 'java.lang.Object java.lang.invoke.Invokers$Holder.linkToTargetMethod(java.lang.Object, java.lang.Object, int, java.lang.Object)'> (0x00000000896dca10) thrown at [src/hotspot/share/interpreter/linkResolver.cpp, line 773]

Events (20 events):
Event: 3.870 loading class org/jetbrains/kotlin/util/OperatorChecks$checks$3
Event: 3.870 loading class org/jetbrains/kotlin/util/OperatorChecks$checks$3 done
Event: 3.870 loading class org/jetbrains/kotlin/util/ReturnsCheck$ReturnsUnit
Event: 3.870 loading class org/jetbrains/kotlin/util/ReturnsCheck$ReturnsUnit done
Event: 3.870 loading class org/jetbrains/kotlin/util/ReturnsCheck$ReturnsUnit$1
Event: 3.870 loading class org/jetbrains/kotlin/util/ReturnsCheck$ReturnsUnit$1 done
Event: 3.870 loading class org/jetbrains/kotlin/util/Checks$3
Event: 3.870 loading class org/jetbrains/kotlin/util/Checks$3 done
Event: 3.871 loading class org/jetbrains/kotlin/util/CheckResult$IllegalFunctionName
Event: 3.871 loading class org/jetbrains/kotlin/util/CheckResult$IllegalFunctionName done
Event: 3.871 loading class org/jetbrains/kotlin/util/CheckResult
Event: 3.871 loading class org/jetbrains/kotlin/util/CheckResult done
Event: 3.871 loading class org/jetbrains/kotlin/resolve/jvm/kotlinSignature/SignaturePropagationUtilKt
Event: 3.871 loading class org/jetbrains/kotlin/resolve/jvm/kotlinSignature/SignaturePropagationUtilKt done
Event: 3.872 loading class org/jetbrains/kotlin/descriptors/FunctionDescriptor
Event: 3.872 loading class org/jetbrains/kotlin/descriptors/FunctionDescriptor done
Event: 3.872 loading class org/jetbrains/kotlin/descriptors/FunctionDescriptor
Event: 3.872 loading class org/jetbrains/kotlin/descriptors/FunctionDescriptor done
Event: 3.873 loading class org/jetbrains/kotlin/resolve/jvm/kotlinSignature/SignaturesPropagationData$ValueParameters
Event: 3.873 loading class org/jetbrains/kotlin/resolve/jvm/kotlinSignature/SignaturesPropagationData$ValueParameters done


Dynamic libraries:
0x00007ff7e5aa0000 - 0x00007ff7e5aaa000 	C:\Program Files\Android\Android Studio\jbr\bin\java.exe
0x00007ffd3b210000 - 0x00007ffd3b424000 	C:\WINDOWS\SYSTEM32\ntdll.dll
0x00007ffd3a060000 - 0x00007ffd3a123000 	C:\WINDOWS\System32\KERNEL32.DLL
0x00007ffd38bc0000 - 0x00007ffd38f5c000 	C:\WINDOWS\System32\KERNELBASE.dll
0x00007ffd386f0000 - 0x00007ffd38801000 	C:\WINDOWS\System32\ucrtbase.dll
0x00007ffd2c060000 - 0x00007ffd2c077000 	C:\Program Files\Android\Android Studio\jbr\bin\jli.dll
0x00007ffd20440000 - 0x00007ffd2045b000 	C:\Program Files\Android\Android Studio\jbr\bin\VCRUNTIME140.dll
0x00007ffd39d80000 - 0x00007ffd39f2d000 	C:\WINDOWS\System32\USER32.dll
0x00007ffd38890000 - 0x00007ffd388b6000 	C:\WINDOWS\System32\win32u.dll
0x00007ffd392d0000 - 0x00007ffd392f9000 	C:\WINDOWS\System32\GDI32.dll
0x00007ffd25650000 - 0x00007ffd258de000 	C:\WINDOWS\WinSxS\amd64_microsoft.windows.common-controls_6595b64144ccf1df_6.0.22621.608_none_a9444ca7c10bb01d\COMCTL32.dll
0x00007ffd388c0000 - 0x00007ffd389d2000 	C:\WINDOWS\System32\gdi32full.dll
0x00007ffd39cd0000 - 0x00007ffd39d77000 	C:\WINDOWS\System32\msvcrt.dll
0x00007ffd38650000 - 0x00007ffd386ea000 	C:\WINDOWS\System32\msvcp_win.dll
0x00007ffd39b80000 - 0x00007ffd39bb2000 	C:\WINDOWS\System32\IMM32.DLL
0x00007ffd03380000 - 0x00007ffd0340d000 	C:\Program Files\Android\Android Studio\jbr\bin\msvcp140.dll
0x00007ffd207d0000 - 0x00007ffd207dc000 	C:\WINDOWS\SYSTEM32\VCRUNTIME140_1.dll
0x00007ffc9fc50000 - 0x00007ffca080c000 	C:\Program Files\Android\Android Studio\jbr\bin\server\jvm.dll
0x00007ffd39130000 - 0x00007ffd391de000 	C:\WINDOWS\System32\ADVAPI32.dll
0x00007ffd39080000 - 0x00007ffd39124000 	C:\WINDOWS\System32\sechost.dll
0x00007ffd3ab00000 - 0x00007ffd3ac15000 	C:\WINDOWS\System32\RPCRT4.dll
0x00007ffd39cc0000 - 0x00007ffd39cc8000 	C:\WINDOWS\System32\PSAPI.DLL
0x00007ffd1b520000 - 0x00007ffd1b529000 	C:\WINDOWS\SYSTEM32\WSOCK32.dll
0x00007ffd2d020000 - 0x00007ffd2d054000 	C:\WINDOWS\SYSTEM32\WINMM.dll
0x00007ffd39250000 - 0x00007ffd392c1000 	C:\WINDOWS\System32\WS2_32.dll
0x00007ffd2cff0000 - 0x00007ffd2cffa000 	C:\WINDOWS\SYSTEM32\VERSION.dll
0x00007ffd376a0000 - 0x00007ffd376b8000 	C:\WINDOWS\SYSTEM32\kernel.appcore.dll
0x00007ffd07740000 - 0x00007ffd07750000 	C:\Program Files\Android\Android Studio\jbr\bin\verify.dll
0x00007ffd35fa0000 - 0x00007ffd361ce000 	C:\WINDOWS\SYSTEM32\DBGHELP.DLL
0x00007ffd3a6a0000 - 0x00007ffd3aa2a000 	C:\WINDOWS\System32\combase.dll
0x00007ffd3a130000 - 0x00007ffd3a207000 	C:\WINDOWS\System32\OLEAUT32.dll
0x00007ffd24a30000 - 0x00007ffd24a62000 	C:\WINDOWS\SYSTEM32\dbgcore.DLL
0x00007ffd38810000 - 0x00007ffd3888b000 	C:\WINDOWS\System32\bcryptPrimitives.dll
0x00007ffcbaf70000 - 0x00007ffcbaf98000 	C:\Program Files\Android\Android Studio\jbr\bin\java.dll
0x00007ffd02da0000 - 0x00007ffd02daa000 	C:\Program Files\Android\Android Studio\jbr\bin\jimage.dll
0x00007ffcba5d0000 - 0x00007ffcba5e8000 	C:\Program Files\Android\Android Studio\jbr\bin\zip.dll
0x00007ffd39390000 - 0x00007ffd39b7f000 	C:\WINDOWS\System32\SHELL32.dll
0x00007ffd36670000 - 0x00007ffd36f38000 	C:\WINDOWS\SYSTEM32\windows.storage.dll
0x00007ffd36530000 - 0x00007ffd3666e000 	C:\WINDOWS\SYSTEM32\wintypes.dll
0x00007ffd39bc0000 - 0x00007ffd39cb1000 	C:\WINDOWS\System32\SHCORE.dll
0x00007ffd391f0000 - 0x00007ffd3924e000 	C:\WINDOWS\System32\shlwapi.dll
0x00007ffd38580000 - 0x00007ffd385a1000 	C:\WINDOWS\SYSTEM32\profapi.dll
0x00007ffcba5b0000 - 0x00007ffcba5c9000 	C:\Program Files\Android\Android Studio\jbr\bin\net.dll
0x00007ffd2e950000 - 0x00007ffd2ea7f000 	C:\WINDOWS\SYSTEM32\WINHTTP.dll
0x00007ffd37b10000 - 0x00007ffd37b79000 	C:\WINDOWS\system32\mswsock.dll
0x00007ffcba590000 - 0x00007ffcba5a3000 	C:\Program Files\Android\Android Studio\jbr\bin\nio.dll

dbghelp: loaded successfully - version: 4.0.5 - missing functions: none
symbol engine: initialized successfully - sym options: 0x614 - pdb path: .;C:\Program Files\Android\Android Studio\jbr\bin;C:\WINDOWS\SYSTEM32;C:\WINDOWS\WinSxS\amd64_microsoft.windows.common-controls_6595b64144ccf1df_6.0.22621.608_none_a9444ca7c10bb01d;C:\Program Files\Android\Android Studio\jbr\bin\server

VM Arguments:
java_command: org.jetbrains.kotlin.cli.jvm.K2JVMCompiler @C:\Users\User\Downloads\Aplikasi-Sederhana-Kotlin-main\Aplikasi-Sederhana-Kotlin-main\app\build\20230529_16400380034741832579.compiler.options
java_class_path (initial): C:\Users\User\.gradle\caches\modules-2\files-2.1\org.jetbrains.kotlin\kotlin-compiler-embeddable\1.5.30\3362a354066df1578a057c200da23cf2a1d8144f\kotlin-compiler-embeddable-1.5.30.jar;C:\Users\User\.gradle\caches\modules-2\files-2.1\org.jetbrains.kotlin\kotlin-reflect\1.5.30\6773e974437dd6432aa646cc2f8ab71de42b5773\kotlin-reflect-1.5.30.jar;C:\Users\User\.gradle\caches\modules-2\files-2.1\org.jetbrains.kotlin\kotlin-stdlib\1.5.30\d68efdea04955974ac1020f8f66ef8176bfbce1f\kotlin-stdlib-1.5.30.jar;C:\Users\User\.gradle\caches\modules-2\files-2.1\org.jetbrains.kotlin\kotlin-script-runtime\1.5.30\10697ab20bfd2f1b23baa91306950c36c4e89a8d\kotlin-script-runtime-1.5.30.jar;C:\Users\User\.gradle\caches\modules-2\files-2.1\org.jetbrains.kotlin\kotlin-daemon-embeddable\1.5.30\e355dc9011e559a475608265607948109e113ae0\kotlin-daemon-embeddable-1.5.30.jar;C:\Users\User\.gradle\caches\modules-2\files-2.1\org.jetbrains.intellij.deps\trove4j\1.0.20181211\216c2e14b070f334479d800987affe4054cd563f\trove4j-1.0.20181211.jar;C:\Users\User\.gradle\caches\modules-2\files-2.1\org.jetbrains\annotations\13.0\919f0dfe192fb4e063e7dacadee7f8bb9a2672a9\annotations-13.0.jar;C:\Users\User\.gradle\caches\modules-2\files-2.1\org.jetbrains.kotlin\kotlin-stdlib-common\1.5.30\649ffab7767038323fec0cc41e2d7b0a8f65a378\kotlin-stdlib-common-1.5.30.jar
Launcher Type: SUN_STANDARD

[Global flags]
     intx CICompilerCount                          = 4                                         {product} {ergonomic}
     uint ConcGCThreads                            = 2                                         {product} {ergonomic}
     uint G1ConcRefinementThreads                  = 8                                         {product} {ergonomic}
   size_t G1HeapRegionSize                         = 1048576                                   {product} {ergonomic}
    uintx GCDrainStackTargetSize                   = 64                                        {product} {ergonomic}
   size_t InitialHeapSize                          = 132120576                                 {product} {ergonomic}
   size_t MarkStackSize                            = 4194304                                   {product} {ergonomic}
   size_t MaxHeapSize                              = 2084569088                                {product} {ergonomic}
   size_t MaxNewSize                               = 1249902592                                {product} {ergonomic}
   size_t MinHeapDeltaBytes                        = 1048576                                   {product} {ergonomic}
    uintx NonNMethodCodeHeapSize                   = 5836300                                {pd product} {ergonomic}
    uintx NonProfiledCodeHeapSize                  = 122910970                              {pd product} {ergonomic}
    uintx ProfiledCodeHeapSize                     = 122910970                              {pd product} {ergonomic}
    uintx ReservedCodeCacheSize                    = 251658240                              {pd product} {ergonomic}
     bool SegmentedCodeCache                       = true                                      {product} {ergonomic}
     bool UseCompressedClassPointers               = true                                 {lp64_product} {ergonomic}
     bool UseCompressedOops                        = true                                 {lp64_product} {ergonomic}
     bool UseG1GC                                  = true                                      {product} {ergonomic}
     bool UseLargePagesIndividualAllocation        = false                                  {pd product} {ergonomic}

Logging:
Log output configuration:
 #0: stdout all=warning uptime,level,tags
 #1: stderr all=off uptime,level,tags

Environment Variables:
JAVA_HOME=C:\Program Files\Java\jdk-19
PATH=C:\Program Files\Common Files\Oracle\Java\javapath;C:\WINDOWS\system32;C:\WINDOWS;C:\WINDOWS\System32\Wbem;C:\WINDOWS\System32\WindowsPowerShell\v1.0\;C:\WINDOWS\System32\OpenSSH\;C:\xampp\php;C:\ProgramData\ComposerSetup\bin;C:\Program Files\PuTTY\;C:\Program Files\Common Files\Oracle\Java\javapath;C:\Program Files\Java\jdk-19\bin;C:\Program Files\Git\cmd;C:\Users\User\AppData\Local\Programs\Python\Python311\Scripts\;C:\Users\User\AppData\Local\Programs\Python\Python311\;C:\Users\User\AppData\Local\Microsoft\WindowsApps;C:\Users\User\AppData\Roaming\Composer\vendor\bin;C:\Users\User\AppData\Local\Programs\Microsoft VS Code\bin
USERNAME=User
OS=Windows_NT
PROCESSOR_IDENTIFIER=Intel64 Family 6 Model 142 Stepping 12, GenuineIntel



---------------  S Y S T E M  ---------------

OS: Windows 11 , 64 bit Build 22621 (10.0.22621.1194)
OS uptime: 0 days 14:25 hours

CPU:total 8 (initial active 8) (4 cores per cpu, 2 threads per core) family 6 model 142 stepping 12 microcode 0xde, cmov, cx8, fxsr, mmx, sse, sse2, sse3, ssse3, sse4.1, sse4.2, popcnt, avx, avx2, aes, clmul, erms, 3dnowpref, lzcnt, ht, tsc, tscinvbit, bmi1, bmi2, adx, fma

Memory: 4k page, system-wide physical 7945M (354M free)
TotalPageFile size 12041M (AvailPageFile size 5M)
current process WorkingSet (physical memory assigned to process): 233M, peak: 236M
current process commit charge ("private bytes"): 309M, peak: 311M

vm_info: OpenJDK 64-Bit Server VM (11.0.15+0-b2043.56-8887301) for windows-amd64 JRE (11.0.15+0-b2043.56-8887301), built on Jul 29 2022 23:19:47 by "builduser" with unknown MS VC++:1929

END.
