#
# There is insufficient memory for the Java Runtime Environment to continue.
# Native memory allocation (malloc) failed to allocate 858256 bytes for Chunk::new
# Possible reasons:
#   The system is out of physical RAM or swap space
#   The process is running with CompressedOops enabled, and the Java Heap may be blocking the growth of the native heap
# Possible solutions:
#   Reduce memory load on the system
#   Increase physical memory or swap space
#   Check if swap backing store is full
#   Decrease Java heap size (-Xmx/-Xms)
#   Decrease number of Java threads
#   Decrease Java thread stack sizes (-Xss)
#   Set larger code cache with -XX:ReservedCodeCacheSize=
#   JVM is running with Unscaled Compressed Oops mode in which the Java heap is
#     placed in the first 4GB address space. The Java Heap base address is the
#     maximum limit for the native heap growth. Please use -XX:HeapBaseMinAddress
#     to set the Java Heap base and to place the Java Heap above 4GB virtual address.
# This output file may be truncated or incomplete.
#
#  Out of Memory Error (src/hotspot/share/memory/arena.cpp:197), pid=17060, tid=12664
#
# JRE version: OpenJDK Runtime Environment (11.0.15) (build 11.0.15+0-b2043.56-8887301)
# Java VM: OpenJDK 64-Bit Server VM (11.0.15+0-b2043.56-8887301, mixed mode, tiered, compressed oops, g1 gc, windows-amd64)
# No core dump will be written. Minidumps are not enabled by default on client versions of Windows
#

---------------  S U M M A R Y ------------

Command Line: org.jetbrains.kotlin.cli.jvm.K2JVMCompiler @C:\Users\User\Downloads\Aplikasi-Sederhana-Kotlin-main\Aplikasi-Sederhana-Kotlin-main\app\build\20230529_2405015498168667567.compiler.options

Host: Intel(R) Core(TM) i5-10210U CPU @ 1.60GHz, 8 cores, 7G,  Windows 11 , 64 bit Build 22621 (10.0.22621.1194)
Time: Mon May 29 15:24:29 2023 SE Asia Standard Time elapsed time: 12.078177 seconds (0d 0h 0m 12s)

---------------  T H R E A D  ---------------

Current thread (0x000001679ea5e000):  JavaThread "C2 CompilerThread0" daemon [_thread_in_native, id=12664, stack(0x00000045e8100000,0x00000045e8200000)]


Current CompileTask:
C2:  12078 9410       4       org.jetbrains.kotlin.cli.jvm.index.JvmDependenciesIndexImpl::travelPath (170 bytes)

Stack: [0x00000045e8100000,0x00000045e8200000]
Native frames: (J=compiled Java code, j=interpreted, Vv=VM code, C=native code)
V  [jvm.dll+0x64135a]
V  [jvm.dll+0x7d39f9]
V  [jvm.dll+0x7d51b9]
V  [jvm.dll+0x7d58a3]
V  [jvm.dll+0x2691c5]
V  [jvm.dll+0xc1a5c]
V  [jvm.dll+0xc200c]
V  [jvm.dll+0x2da2c2]
V  [jvm.dll+0x54cad9]
V  [jvm.dll+0x22a011]
V  [jvm.dll+0x223809]
V  [jvm.dll+0x220384]
V  [jvm.dll+0x19e851]
V  [jvm.dll+0x230479]
V  [jvm.dll+0x22e5ef]
V  [jvm.dll+0x794de1]
V  [jvm.dll+0x78dc24]
V  [jvm.dll+0x6400f6]
C  [ucrtbase.dll+0x29363]
C  [KERNEL32.DLL+0x126bd]
C  [ntdll.dll+0x5dfb8]


---------------  P R O C E S S  ---------------

Threads class SMR info:
_java_thread_list=0x00000167a3487a70, length=11, elements={
0x0000016783f94000, 0x000001679e23c000, 0x000001679e232000, 0x000001679ea57000,
0x000001679ea5b800, 0x000001679eaa6800, 0x000001679ea5e000, 0x000001679e24d000,
0x000001679eaf9000, 0x000001679eaa9000, 0x00000167a26c3800
}

Java Threads: ( => current thread )
  0x0000016783f94000 JavaThread "main" [_thread_blocked, id=3136, stack(0x00000045e7500000,0x00000045e7600000)]
  0x000001679e23c000 JavaThread "Reference Handler" daemon [_thread_blocked, id=11220, stack(0x00000045e7c00000,0x00000045e7d00000)]
  0x000001679e232000 JavaThread "Finalizer" daemon [_thread_blocked, id=17268, stack(0x00000045e7d00000,0x00000045e7e00000)]
  0x000001679ea57000 JavaThread "Signal Dispatcher" daemon [_thread_blocked, id=5572, stack(0x00000045e7e00000,0x00000045e7f00000)]
  0x000001679ea5b800 JavaThread "Attach Listener" daemon [_thread_blocked, id=5244, stack(0x00000045e7f00000,0x00000045e8000000)]
  0x000001679eaa6800 JavaThread "Service Thread" daemon [_thread_blocked, id=8808, stack(0x00000045e8000000,0x00000045e8100000)]
=>0x000001679ea5e000 JavaThread "C2 CompilerThread0" daemon [_thread_in_native, id=12664, stack(0x00000045e8100000,0x00000045e8200000)]
  0x000001679e24d000 JavaThread "C1 CompilerThread0" daemon [_thread_blocked, id=5212, stack(0x00000045e8200000,0x00000045e8300000)]
  0x000001679eaf9000 JavaThread "Sweeper thread" daemon [_thread_blocked, id=1836, stack(0x00000045e8300000,0x00000045e8400000)]
  0x000001679eaa9000 JavaThread "Common-Cleaner" daemon [_thread_blocked, id=17700, stack(0x00000045e8500000,0x00000045e8600000)]
  0x00000167a26c3800 JavaThread "C2 CompilerThread1" daemon [_thread_blocked, id=11696, stack(0x00000045e8700000,0x00000045e8800000)]

Other Threads:
  0x000001679ea50800 VMThread "VM Thread" [stack: 0x00000045e7b00000,0x00000045e7c00000] [id=10108]
  0x000001679ec0a000 WatcherThread [stack: 0x00000045e8400000,0x00000045e8500000] [id=18440]
  0x0000016781ddb000 GCTaskThread "GC Thread#0" [stack: 0x00000045e7600000,0x00000045e7700000] [id=8684]
  0x000001679f319800 GCTaskThread "GC Thread#1" [stack: 0x00000045e8800000,0x00000045e8900000] [id=16708]
  0x000001679f344800 GCTaskThread "GC Thread#2" [stack: 0x00000045e8900000,0x00000045e8a00000] [id=11376]
  0x00000167a3fa1800 GCTaskThread "GC Thread#3" [stack: 0x00000045e8a00000,0x00000045e8b00000] [id=1820]
  0x0000016783fd6000 ConcurrentGCThread "G1 Main Marker" [stack: 0x00000045e7700000,0x00000045e7800000] [id=12852]
  0x0000016783fda000 ConcurrentGCThread "G1 Conc#0" [stack: 0x00000045e7800000,0x00000045e7900000] [id=1088]
  0x000001679f3e4800 ConcurrentGCThread "G1 Conc#1" [stack: 0x00000045e8600000,0x00000045e8700000] [id=16572]
  0x000001678405d800 ConcurrentGCThread "G1 Refine#0" [stack: 0x00000045e7900000,0x00000045e7a00000] [id=18656]
  0x000001679e072800 ConcurrentGCThread "G1 Young RemSet Sampling" [stack: 0x00000045e7a00000,0x00000045e7b00000] [id=1128]

Threads with active compile tasks:
C2 CompilerThread0    12094 9410       4       org.jetbrains.kotlin.cli.jvm.index.JvmDependenciesIndexImpl::travelPath (170 bytes)

VM state:at safepoint (normal execution)

VM Mutex/Monitor currently owned by a thread:  ([mutex/lock_event])
[0x0000016783f91980] Threads_lock - owner thread: 0x000001679ea50800
[0x0000016783f90270] Heap_lock - owner thread: 0x0000016783f94000

Heap address: 0x0000000083c00000, size: 1988 MB, Compressed Oops mode: 32-bit
Narrow klass base: 0x0000000000000000, Narrow klass shift: 3
Compressed class space size: 1073741824 Address: 0x0000000100000000

Heap:
 garbage-first heap   total 187392K, used 105718K [0x0000000083c00000, 0x0000000100000000)
  region size 1024K, 47 young (48128K), 2 survivors (2048K)
 Metaspace       used 73124K, capacity 73701K, committed 73752K, reserved 1120256K
  class space    used 7941K, capacity 8177K, committed 8216K, reserved 1048576K
Heap Regions: E=young(eden), S=young(survivor), O=old, HS=humongous(starts), HC=humongous(continues), CS=collection set, F=free, A=archive, TAMS=top-at-mark-start (previous, next)
|   0|0x0000000083c00000, 0x0000000083d00000, 0x0000000083d00000|100%|HS|  |TAMS 0x0000000083d00000, 0x0000000083d00000| Complete 
|   1|0x0000000083d00000, 0x0000000083e00000, 0x0000000083e00000|100%|HC|  |TAMS 0x0000000083e00000, 0x0000000083e00000| Complete 
|   2|0x0000000083e00000, 0x0000000083f00000, 0x0000000083f00000|100%|HC|  |TAMS 0x0000000083f00000, 0x0000000083f00000| Complete 
|   3|0x0000000083f00000, 0x0000000084000000, 0x0000000084000000|100%|HS|  |TAMS 0x0000000084000000, 0x0000000084000000| Complete 
|   4|0x0000000084000000, 0x0000000084100000, 0x0000000084100000|100%|HC|  |TAMS 0x0000000084100000, 0x0000000084100000| Complete 
|   5|0x0000000084100000, 0x0000000084200000, 0x0000000084200000|100%|HC|  |TAMS 0x0000000084200000, 0x0000000084200000| Complete 
|   6|0x0000000084200000, 0x0000000084300000, 0x0000000084300000|100%|HS|  |TAMS 0x0000000084300000, 0x0000000084300000| Complete 
|   7|0x0000000084300000, 0x0000000084400000, 0x0000000084400000|100%|HC|  |TAMS 0x0000000084400000, 0x0000000084400000| Complete 
|   8|0x0000000084400000, 0x0000000084500000, 0x0000000084500000|100%|HC|  |TAMS 0x0000000084500000, 0x0000000084500000| Complete 
|   9|0x0000000084500000, 0x0000000084600000, 0x0000000084600000|100%| O|  |TAMS 0x0000000084600000, 0x0000000084600000| Untracked 
|  10|0x0000000084600000, 0x0000000084700000, 0x0000000084700000|100%| O|  |TAMS 0x0000000084700000, 0x0000000084700000| Untracked 
|  11|0x0000000084700000, 0x0000000084800000, 0x0000000084800000|100%| O|  |TAMS 0x0000000084800000, 0x0000000084800000| Untracked 
|  12|0x0000000084800000, 0x0000000084900000, 0x0000000084900000|100%| O|  |TAMS 0x0000000084900000, 0x0000000084900000| Untracked 
|  13|0x0000000084900000, 0x0000000084a00000, 0x0000000084a00000|100%|HS|  |TAMS 0x0000000084a00000, 0x0000000084a00000| Complete 
|  14|0x0000000084a00000, 0x0000000084b00000, 0x0000000084b00000|100%|HC|  |TAMS 0x0000000084b00000, 0x0000000084b00000| Complete 
|  15|0x0000000084b00000, 0x0000000084c00000, 0x0000000084c00000|100%| O|  |TAMS 0x0000000084c00000, 0x0000000084c00000| Untracked 
|  16|0x0000000084c00000, 0x0000000084d00000, 0x0000000084d00000|100%| O|  |TAMS 0x0000000084d00000, 0x0000000084d00000| Untracked 
|  17|0x0000000084d00000, 0x0000000084e00000, 0x0000000084e00000|100%| O|  |TAMS 0x0000000084e00000, 0x0000000084e00000| Untracked 
|  18|0x0000000084e00000, 0x0000000084f00000, 0x0000000084f00000|100%| O|  |TAMS 0x0000000084f00000, 0x0000000084f00000| Untracked 
|  19|0x0000000084f00000, 0x0000000085000000, 0x0000000085000000|100%| O|  |TAMS 0x0000000085000000, 0x0000000085000000| Untracked 
|  20|0x0000000085000000, 0x0000000085100000, 0x0000000085100000|100%| O|  |TAMS 0x0000000085100000, 0x0000000085100000| Untracked 
|  21|0x0000000085100000, 0x0000000085200000, 0x0000000085200000|100%| O|  |TAMS 0x0000000085200000, 0x0000000085200000| Untracked 
|  22|0x0000000085200000, 0x0000000085300000, 0x0000000085300000|100%| O|  |TAMS 0x0000000085300000, 0x0000000085300000| Untracked 
|  23|0x0000000085300000, 0x0000000085400000, 0x0000000085400000|100%| O|  |TAMS 0x0000000085400000, 0x0000000085400000| Untracked 
|  24|0x0000000085400000, 0x0000000085500000, 0x0000000085500000|100%| O|  |TAMS 0x0000000085500000, 0x0000000085500000| Untracked 
|  25|0x0000000085500000, 0x0000000085600000, 0x0000000085600000|100%| O|  |TAMS 0x0000000085600000, 0x0000000085600000| Untracked 
|  26|0x0000000085600000, 0x0000000085700000, 0x0000000085700000|100%| O|  |TAMS 0x0000000085700000, 0x0000000085700000| Untracked 
|  27|0x0000000085700000, 0x0000000085800000, 0x0000000085800000|100%| O|  |TAMS 0x0000000085800000, 0x0000000085800000| Untracked 
|  28|0x0000000085800000, 0x0000000085900000, 0x0000000085900000|100%| O|  |TAMS 0x0000000085900000, 0x0000000085900000| Untracked 
|  29|0x0000000085900000, 0x0000000085a00000, 0x0000000085a00000|100%| O|  |TAMS 0x0000000085a00000, 0x0000000085a00000| Untracked 
|  30|0x0000000085a00000, 0x0000000085b00000, 0x0000000085b00000|100%| O|  |TAMS 0x0000000085b00000, 0x0000000085b00000| Untracked 
|  31|0x0000000085b00000, 0x0000000085c00000, 0x0000000085c00000|100%| O|  |TAMS 0x0000000085c00000, 0x0000000085c00000| Untracked 
|  32|0x0000000085c00000, 0x0000000085d00000, 0x0000000085d00000|100%| O|  |TAMS 0x0000000085d00000, 0x0000000085d00000| Untracked 
|  33|0x0000000085d00000, 0x0000000085e00000, 0x0000000085e00000|100%| O|  |TAMS 0x0000000085e00000, 0x0000000085e00000| Untracked 
|  34|0x0000000085e00000, 0x0000000085f00000, 0x0000000085f00000|100%| O|  |TAMS 0x0000000085f00000, 0x0000000085f00000| Untracked 
|  35|0x0000000085f00000, 0x0000000086000000, 0x0000000086000000|100%| O|  |TAMS 0x0000000086000000, 0x0000000086000000| Untracked 
|  36|0x0000000086000000, 0x0000000086100000, 0x0000000086100000|100%| O|  |TAMS 0x0000000086100000, 0x0000000086100000| Untracked 
|  37|0x0000000086100000, 0x0000000086200000, 0x0000000086200000|100%| O|  |TAMS 0x0000000086200000, 0x0000000086200000| Untracked 
|  38|0x0000000086200000, 0x0000000086300000, 0x0000000086300000|100%| O|  |TAMS 0x0000000086300000, 0x0000000086300000| Untracked 
|  39|0x0000000086300000, 0x0000000086400000, 0x0000000086400000|100%| O|  |TAMS 0x0000000086400000, 0x0000000086400000| Untracked 
|  40|0x0000000086400000, 0x0000000086500000, 0x0000000086500000|100%| O|  |TAMS 0x0000000086500000, 0x0000000086500000| Untracked 
|  41|0x0000000086500000, 0x0000000086600000, 0x0000000086600000|100%| O|  |TAMS 0x0000000086600000, 0x0000000086600000| Untracked 
|  42|0x0000000086600000, 0x0000000086700000, 0x0000000086700000|100%| O|  |TAMS 0x0000000086700000, 0x0000000086700000| Untracked 
|  43|0x0000000086700000, 0x0000000086800000, 0x0000000086800000|100%| O|  |TAMS 0x0000000086800000, 0x0000000086800000| Untracked 
|  44|0x0000000086800000, 0x0000000086900000, 0x0000000086900000|100%| O|  |TAMS 0x0000000086900000, 0x0000000086900000| Untracked 
|  45|0x0000000086900000, 0x0000000086a00000, 0x0000000086a00000|100%| O|  |TAMS 0x0000000086a00000, 0x0000000086a00000| Untracked 
|  46|0x0000000086a00000, 0x0000000086b00000, 0x0000000086b00000|100%| O|  |TAMS 0x0000000086b00000, 0x0000000086b00000| Untracked 
|  47|0x0000000086b00000, 0x0000000086c00000, 0x0000000086c00000|100%| O|  |TAMS 0x0000000086c00000, 0x0000000086c00000| Untracked 
|  48|0x0000000086c00000, 0x0000000086d00000, 0x0000000086d00000|100%| O|  |TAMS 0x0000000086d00000, 0x0000000086d00000| Untracked 
|  49|0x0000000086d00000, 0x0000000086e00000, 0x0000000086e00000|100%| O|  |TAMS 0x0000000086d75400, 0x0000000086e00000| Untracked 
|  50|0x0000000086e00000, 0x0000000086f00000, 0x0000000086f00000|100%| O|  |TAMS 0x0000000086e00000, 0x0000000086f00000| Untracked 
|  51|0x0000000086f00000, 0x0000000087000000, 0x0000000087000000|100%| O|  |TAMS 0x0000000086f00000, 0x0000000087000000| Untracked 
|  52|0x0000000087000000, 0x0000000087100000, 0x0000000087100000|100%| O|  |TAMS 0x0000000087000000, 0x0000000087100000| Untracked 
|  53|0x0000000087100000, 0x0000000087200000, 0x0000000087200000|100%| O|  |TAMS 0x0000000087100000, 0x0000000087200000| Untracked 
|  54|0x0000000087200000, 0x0000000087300000, 0x0000000087300000|100%| O|  |TAMS 0x0000000087200000, 0x0000000087300000| Untracked 
|  55|0x0000000087300000, 0x0000000087300000, 0x0000000087400000|  0%| F|  |TAMS 0x0000000087300000, 0x0000000087300000| Untracked 
|  56|0x0000000087400000, 0x0000000087400000, 0x0000000087500000|  0%| F|  |TAMS 0x0000000087400000, 0x0000000087400000| Untracked 
|  57|0x0000000087500000, 0x0000000087500000, 0x0000000087600000|  0%| F|  |TAMS 0x0000000087500000, 0x0000000087500000| Untracked 
|  58|0x0000000087600000, 0x0000000087600000, 0x0000000087700000|  0%| F|  |TAMS 0x0000000087600000, 0x0000000087600000| Untracked 
|  59|0x0000000087700000, 0x0000000087700000, 0x0000000087800000|  0%| F|  |TAMS 0x0000000087700000, 0x0000000087700000| Untracked 
|  60|0x0000000087800000, 0x0000000087800000, 0x0000000087900000|  0%| F|  |TAMS 0x0000000087800000, 0x0000000087800000| Untracked 
|  61|0x0000000087900000, 0x0000000087900000, 0x0000000087a00000|  0%| F|  |TAMS 0x0000000087900000, 0x0000000087900000| Untracked 
|  62|0x0000000087a00000, 0x0000000087a00000, 0x0000000087b00000|  0%| F|  |TAMS 0x0000000087a00000, 0x0000000087a00000| Untracked 
|  63|0x0000000087b00000, 0x0000000087b00000, 0x0000000087c00000|  0%| F|  |TAMS 0x0000000087b00000, 0x0000000087b00000| Untracked 
|  64|0x0000000087c00000, 0x0000000087c00000, 0x0000000087d00000|  0%| F|  |TAMS 0x0000000087c00000, 0x0000000087c00000| Untracked 
|  65|0x0000000087d00000, 0x0000000087d00000, 0x0000000087e00000|  0%| F|  |TAMS 0x0000000087d00000, 0x0000000087d00000| Untracked 
|  66|0x0000000087e00000, 0x0000000087e00000, 0x0000000087f00000|  0%| F|  |TAMS 0x0000000087e00000, 0x0000000087e00000| Untracked 
|  67|0x0000000087f00000, 0x0000000087f00000, 0x0000000088000000|  0%| F|  |TAMS 0x0000000087f00000, 0x0000000087f00000| Untracked 
|  68|0x0000000088000000, 0x0000000088000000, 0x0000000088100000|  0%| F|  |TAMS 0x0000000088000000, 0x0000000088000000| Untracked 
|  69|0x0000000088100000, 0x0000000088100000, 0x0000000088200000|  0%| F|  |TAMS 0x0000000088100000, 0x0000000088100000| Untracked 
|  70|0x0000000088200000, 0x0000000088200000, 0x0000000088300000|  0%| F|  |TAMS 0x0000000088200000, 0x0000000088200000| Untracked 
|  71|0x0000000088300000, 0x0000000088300000, 0x0000000088400000|  0%| F|  |TAMS 0x0000000088300000, 0x0000000088300000| Untracked 
|  72|0x0000000088400000, 0x0000000088400000, 0x0000000088500000|  0%| F|  |TAMS 0x0000000088400000, 0x0000000088400000| Untracked 
|  73|0x0000000088500000, 0x0000000088500000, 0x0000000088600000|  0%| F|  |TAMS 0x0000000088500000, 0x0000000088500000| Untracked 
|  74|0x0000000088600000, 0x0000000088600000, 0x0000000088700000|  0%| F|  |TAMS 0x0000000088600000, 0x0000000088600000| Untracked 
|  75|0x0000000088700000, 0x0000000088700000, 0x0000000088800000|  0%| F|  |TAMS 0x0000000088700000, 0x0000000088700000| Untracked 
|  76|0x0000000088800000, 0x0000000088800000, 0x0000000088900000|  0%| F|  |TAMS 0x0000000088800000, 0x0000000088800000| Untracked 
|  77|0x0000000088900000, 0x0000000088900000, 0x0000000088a00000|  0%| F|  |TAMS 0x0000000088900000, 0x0000000088900000| Untracked 
|  78|0x0000000088a00000, 0x0000000088a00000, 0x0000000088b00000|  0%| F|  |TAMS 0x0000000088a00000, 0x0000000088a00000| Untracked 
|  79|0x0000000088b00000, 0x0000000088b00000, 0x0000000088c00000|  0%| F|  |TAMS 0x0000000088b00000, 0x0000000088b00000| Untracked 
|  80|0x0000000088c00000, 0x0000000088c00000, 0x0000000088d00000|  0%| F|  |TAMS 0x0000000088c00000, 0x0000000088c00000| Untracked 
|  81|0x0000000088d00000, 0x0000000088d00000, 0x0000000088e00000|  0%| F|  |TAMS 0x0000000088d00000, 0x0000000088d00000| Untracked 
|  82|0x0000000088e00000, 0x0000000088e00000, 0x0000000088f00000|  0%| F|  |TAMS 0x0000000088e00000, 0x0000000088e00000| Untracked 
|  83|0x0000000088f00000, 0x0000000089000000, 0x0000000089000000|100%| E|CS|TAMS 0x0000000088f00000, 0x0000000089000000| Complete 
|  84|0x0000000089000000, 0x0000000089100000, 0x0000000089100000|100%| E|CS|TAMS 0x0000000089000000, 0x0000000089100000| Complete 
|  85|0x0000000089100000, 0x0000000089100000, 0x0000000089200000|  0%| F|  |TAMS 0x0000000089100000, 0x0000000089100000| Untracked 
|  86|0x0000000089200000, 0x0000000089200000, 0x0000000089300000|  0%| F|  |TAMS 0x0000000089200000, 0x0000000089200000| Untracked 
|  87|0x0000000089300000, 0x0000000089300000, 0x0000000089400000|  0%| F|  |TAMS 0x0000000089300000, 0x0000000089300000| Untracked 
|  88|0x0000000089400000, 0x0000000089400000, 0x0000000089500000|  0%| F|  |TAMS 0x0000000089400000, 0x0000000089400000| Untracked 
|  89|0x0000000089500000, 0x0000000089600000, 0x0000000089600000|100%| E|CS|TAMS 0x0000000089500000, 0x0000000089600000| Complete 
|  90|0x0000000089600000, 0x0000000089700000, 0x0000000089700000|100%| E|CS|TAMS 0x0000000089600000, 0x0000000089700000| Complete 
|  91|0x0000000089700000, 0x0000000089800000, 0x0000000089800000|100%| E|CS|TAMS 0x0000000089700000, 0x0000000089800000| Complete 
|  92|0x0000000089800000, 0x0000000089900000, 0x0000000089900000|100%| E|CS|TAMS 0x0000000089800000, 0x0000000089900000| Complete 
|  93|0x0000000089900000, 0x0000000089a00000, 0x0000000089a00000|100%| E|CS|TAMS 0x0000000089900000, 0x0000000089a00000| Complete 
|  94|0x0000000089a00000, 0x0000000089b00000, 0x0000000089b00000|100%| E|CS|TAMS 0x0000000089a00000, 0x0000000089b00000| Complete 
|  95|0x0000000089b00000, 0x0000000089b00000, 0x0000000089c00000|  0%| F|  |TAMS 0x0000000089b00000, 0x0000000089b00000| Untracked 
|  96|0x0000000089c00000, 0x0000000089c00000, 0x0000000089d00000|  0%| F|  |TAMS 0x0000000089c00000, 0x0000000089c00000| Untracked 
|  97|0x0000000089d00000, 0x0000000089d00000, 0x0000000089e00000|  0%| F|  |TAMS 0x0000000089d00000, 0x0000000089d00000| Untracked 
|  98|0x0000000089e00000, 0x0000000089e00000, 0x0000000089f00000|  0%| F|  |TAMS 0x0000000089e00000, 0x0000000089e00000| Untracked 
|  99|0x0000000089f00000, 0x0000000089f00000, 0x000000008a000000|  0%| F|  |TAMS 0x0000000089f00000, 0x0000000089f00000| Untracked 
| 100|0x000000008a000000, 0x000000008a000000, 0x000000008a100000|  0%| F|  |TAMS 0x000000008a000000, 0x000000008a000000| Untracked 
| 101|0x000000008a100000, 0x000000008a100000, 0x000000008a200000|  0%| F|  |TAMS 0x000000008a100000, 0x000000008a100000| Untracked 
| 102|0x000000008a200000, 0x000000008a200000, 0x000000008a300000|  0%| F|  |TAMS 0x000000008a200000, 0x000000008a200000| Untracked 
| 103|0x000000008a300000, 0x000000008a300000, 0x000000008a400000|  0%| F|  |TAMS 0x000000008a300000, 0x000000008a300000| Untracked 
| 104|0x000000008a400000, 0x000000008a400000, 0x000000008a500000|  0%| F|  |TAMS 0x000000008a400000, 0x000000008a400000| Untracked 
| 105|0x000000008a500000, 0x000000008a500000, 0x000000008a600000|  0%| F|  |TAMS 0x000000008a500000, 0x000000008a500000| Untracked 
| 106|0x000000008a600000, 0x000000008a600000, 0x000000008a700000|  0%| F|  |TAMS 0x000000008a600000, 0x000000008a600000| Untracked 
| 107|0x000000008a700000, 0x000000008a700000, 0x000000008a800000|  0%| F|  |TAMS 0x000000008a700000, 0x000000008a700000| Untracked 
| 108|0x000000008a800000, 0x000000008a800000, 0x000000008a900000|  0%| F|  |TAMS 0x000000008a800000, 0x000000008a800000| Untracked 
| 109|0x000000008a900000, 0x000000008a900000, 0x000000008aa00000|  0%| F|  |TAMS 0x000000008a900000, 0x000000008a900000| Untracked 
| 110|0x000000008aa00000, 0x000000008aa00000, 0x000000008ab00000|  0%| F|  |TAMS 0x000000008aa00000, 0x000000008aa00000| Untracked 
| 111|0x000000008ab00000, 0x000000008ab00000, 0x000000008ac00000|  0%| F|  |TAMS 0x000000008ab00000, 0x000000008ab00000| Untracked 
| 112|0x000000008ac00000, 0x000000008ac00000, 0x000000008ad00000|  0%| F|  |TAMS 0x000000008ac00000, 0x000000008ac00000| Untracked 
| 113|0x000000008ad00000, 0x000000008ad00000, 0x000000008ae00000|  0%| F|  |TAMS 0x000000008ad00000, 0x000000008ad00000| Untracked 
| 114|0x000000008ae00000, 0x000000008ae00000, 0x000000008af00000|  0%| F|  |TAMS 0x000000008ae00000, 0x000000008ae00000| Untracked 
| 115|0x000000008af00000, 0x000000008af00000, 0x000000008b000000|  0%| F|  |TAMS 0x000000008af00000, 0x000000008af00000| Untracked 
| 116|0x000000008b000000, 0x000000008b000000, 0x000000008b100000|  0%| F|  |TAMS 0x000000008b000000, 0x000000008b000000| Untracked 
| 117|0x000000008b100000, 0x000000008b100000, 0x000000008b200000|  0%| F|  |TAMS 0x000000008b100000, 0x000000008b100000| Untracked 
| 118|0x000000008b200000, 0x000000008b200000, 0x000000008b300000|  0%| F|  |TAMS 0x000000008b200000, 0x000000008b200000| Untracked 
| 119|0x000000008b300000, 0x000000008b300000, 0x000000008b400000|  0%| F|  |TAMS 0x000000008b300000, 0x000000008b300000| Untracked 
| 120|0x000000008b400000, 0x000000008b400000, 0x000000008b500000|  0%| F|  |TAMS 0x000000008b400000, 0x000000008b400000| Untracked 
| 121|0x000000008b500000, 0x000000008b500000, 0x000000008b600000|  0%| F|  |TAMS 0x000000008b500000, 0x000000008b500000| Untracked 
| 122|0x000000008b600000, 0x000000008b600000, 0x000000008b700000|  0%| F|  |TAMS 0x000000008b600000, 0x000000008b600000| Untracked 
| 123|0x000000008b700000, 0x000000008b700000, 0x000000008b800000|  0%| F|  |TAMS 0x000000008b700000, 0x000000008b700000| Untracked 
| 124|0x000000008b800000, 0x000000008b800000, 0x000000008b900000|  0%| F|  |TAMS 0x000000008b800000, 0x000000008b800000| Untracked 
| 125|0x000000008b900000, 0x000000008b900000, 0x000000008ba00000|  0%| F|  |TAMS 0x000000008b900000, 0x000000008b900000| Untracked 
| 126|0x000000008ba00000, 0x000000008ba00000, 0x000000008bb00000|  0%| F|  |TAMS 0x000000008ba00000, 0x000000008ba00000| Untracked 
| 127|0x000000008bb00000, 0x000000008bb00000, 0x000000008bc00000|  0%| F|  |TAMS 0x000000008bb00000, 0x000000008bb00000| Untracked 
| 128|0x000000008bc00000, 0x000000008bc00000, 0x000000008bd00000|  0%| F|  |TAMS 0x000000008bc00000, 0x000000008bc00000| Untracked 
| 129|0x000000008bd00000, 0x000000008bd00000, 0x000000008be00000|  0%| F|  |TAMS 0x000000008bd00000, 0x000000008bd00000| Untracked 
| 130|0x000000008be00000, 0x000000008be00000, 0x000000008bf00000|  0%| F|  |TAMS 0x000000008be00000, 0x000000008be00000| Untracked 
| 131|0x000000008bf00000, 0x000000008bf00000, 0x000000008c000000|  0%| F|  |TAMS 0x000000008bf00000, 0x000000008bf00000| Untracked 
| 132|0x000000008c000000, 0x000000008c000000, 0x000000008c100000|  0%| F|  |TAMS 0x000000008c000000, 0x000000008c000000| Untracked 
| 133|0x000000008c100000, 0x000000008c100000, 0x000000008c200000|  0%| F|  |TAMS 0x000000008c100000, 0x000000008c100000| Untracked 
| 134|0x000000008c200000, 0x000000008c200000, 0x000000008c300000|  0%| F|  |TAMS 0x000000008c200000, 0x000000008c200000| Untracked 
| 135|0x000000008c300000, 0x000000008c300000, 0x000000008c400000|  0%| F|  |TAMS 0x000000008c300000, 0x000000008c300000| Untracked 
| 136|0x000000008c400000, 0x000000008c4b33e0, 0x000000008c500000| 70%| S|  |TAMS 0x000000008c400000, 0x000000008c400000| Complete 
| 137|0x000000008c500000, 0x000000008c600000, 0x000000008c600000|100%| S|  |TAMS 0x000000008c500000, 0x000000008c500000| Complete 
| 138|0x000000008c600000, 0x000000008c686938, 0x000000008c700000| 52%| E|CS|TAMS 0x000000008c600000, 0x000000008c686938| Complete 
| 139|0x000000008c700000, 0x000000008c800000, 0x000000008c800000|100%| E|CS|TAMS 0x000000008c700000, 0x000000008c800000| Complete 
| 140|0x000000008c800000, 0x000000008c900000, 0x000000008c900000|100%| E|CS|TAMS 0x000000008c800000, 0x000000008c900000| Complete 
| 141|0x000000008c900000, 0x000000008ca00000, 0x000000008ca00000|100%| E|CS|TAMS 0x000000008c900000, 0x000000008ca00000| Complete 
| 142|0x000000008ca00000, 0x000000008cb00000, 0x000000008cb00000|100%| E|CS|TAMS 0x000000008ca00000, 0x000000008cb00000| Complete 
| 143|0x000000008cb00000, 0x000000008cc00000, 0x000000008cc00000|100%| E|CS|TAMS 0x000000008cb00000, 0x000000008cc00000| Complete 
| 144|0x000000008cc00000, 0x000000008cd00000, 0x000000008cd00000|100%| E|CS|TAMS 0x000000008cc00000, 0x000000008cd00000| Complete 
| 145|0x000000008cd00000, 0x000000008ce00000, 0x000000008ce00000|100%| E|CS|TAMS 0x000000008cd00000, 0x000000008ce00000| Complete 
| 146|0x000000008ce00000, 0x000000008cf00000, 0x000000008cf00000|100%| E|CS|TAMS 0x000000008ce00000, 0x000000008cf00000| Complete 
| 147|0x000000008cf00000, 0x000000008d000000, 0x000000008d000000|100%| E|CS|TAMS 0x000000008cf00000, 0x000000008d000000| Complete 
| 148|0x000000008d000000, 0x000000008d100000, 0x000000008d100000|100%| E|CS|TAMS 0x000000008d000000, 0x000000008d100000| Complete 
| 149|0x000000008d100000, 0x000000008d200000, 0x000000008d200000|100%| E|CS|TAMS 0x000000008d100000, 0x000000008d200000| Complete 
| 150|0x000000008d200000, 0x000000008d300000, 0x000000008d300000|100%| E|CS|TAMS 0x000000008d200000, 0x000000008d300000| Complete 
| 151|0x000000008d300000, 0x000000008d400000, 0x000000008d400000|100%| E|CS|TAMS 0x000000008d300000, 0x000000008d400000| Complete 
| 152|0x000000008d400000, 0x000000008d500000, 0x000000008d500000|100%| E|CS|TAMS 0x000000008d400000, 0x000000008d500000| Complete 
| 153|0x000000008d500000, 0x000000008d600000, 0x000000008d600000|100%| E|CS|TAMS 0x000000008d500000, 0x000000008d600000| Complete 
| 154|0x000000008d600000, 0x000000008d700000, 0x000000008d700000|100%| E|CS|TAMS 0x000000008d600000, 0x000000008d700000| Complete 
| 155|0x000000008d700000, 0x000000008d800000, 0x000000008d800000|100%| E|CS|TAMS 0x000000008d700000, 0x000000008d800000| Complete 
| 156|0x000000008d800000, 0x000000008d900000, 0x000000008d900000|100%| E|CS|TAMS 0x000000008d800000, 0x000000008d900000| Complete 
| 157|0x000000008d900000, 0x000000008da00000, 0x000000008da00000|100%| E|CS|TAMS 0x000000008d900000, 0x000000008da00000| Complete 
| 158|0x000000008da00000, 0x000000008db00000, 0x000000008db00000|100%| E|CS|TAMS 0x000000008da00000, 0x000000008db00000| Complete 
| 159|0x000000008db00000, 0x000000008dc00000, 0x000000008dc00000|100%| E|CS|TAMS 0x000000008db00000, 0x000000008dc00000| Complete 
| 160|0x000000008dc00000, 0x000000008dd00000, 0x000000008dd00000|100%| E|CS|TAMS 0x000000008dc00000, 0x000000008dd00000| Complete 
| 161|0x000000008dd00000, 0x000000008de00000, 0x000000008de00000|100%| E|CS|TAMS 0x000000008dd00000, 0x000000008de00000| Complete 
| 162|0x000000008de00000, 0x000000008df00000, 0x000000008df00000|100%| E|CS|TAMS 0x000000008de00000, 0x000000008df00000| Complete 
| 163|0x000000008df00000, 0x000000008e000000, 0x000000008e000000|100%| E|CS|TAMS 0x000000008df00000, 0x000000008e000000| Complete 
| 164|0x000000008e000000, 0x000000008e100000, 0x000000008e100000|100%| E|CS|TAMS 0x000000008e000000, 0x000000008e100000| Complete 
| 165|0x000000008e100000, 0x000000008e200000, 0x000000008e200000|100%| E|CS|TAMS 0x000000008e100000, 0x000000008e200000| Complete 
| 166|0x000000008e200000, 0x000000008e300000, 0x000000008e300000|100%| E|CS|TAMS 0x000000008e200000, 0x000000008e300000| Complete 
| 167|0x000000008e300000, 0x000000008e400000, 0x000000008e400000|100%| E|CS|TAMS 0x000000008e300000, 0x000000008e400000| Complete 
| 168|0x000000008e400000, 0x000000008e500000, 0x000000008e500000|100%| E|CS|TAMS 0x000000008e400000, 0x000000008e500000| Complete 
| 169|0x000000008e500000, 0x000000008e600000, 0x000000008e600000|100%| E|CS|TAMS 0x000000008e500000, 0x000000008e600000| Complete 
| 170|0x000000008e600000, 0x000000008e700000, 0x000000008e700000|100%| E|CS|TAMS 0x000000008e600000, 0x000000008e700000| Complete 
| 171|0x000000008e700000, 0x000000008e800000, 0x000000008e800000|100%| E|CS|TAMS 0x000000008e700000, 0x000000008e800000| Complete 
| 172|0x000000008e800000, 0x000000008e900000, 0x000000008e900000|100%| E|CS|TAMS 0x000000008e800000, 0x000000008e900000| Complete 
| 173|0x000000008e900000, 0x000000008ea00000, 0x000000008ea00000|100%| E|CS|TAMS 0x000000008e900000, 0x000000008ea00000| Complete 
| 174|0x000000008ea00000, 0x000000008eb00000, 0x000000008eb00000|100%| E|CS|TAMS 0x000000008ea00000, 0x000000008eb00000| Complete 
| 175|0x000000008eb00000, 0x000000008ec00000, 0x000000008ec00000|100%| E|CS|TAMS 0x000000008eb00000, 0x000000008ec00000| Complete 
| 176|0x000000008ec00000, 0x000000008ed00000, 0x000000008ed00000|100%| E|CS|TAMS 0x000000008ec00000, 0x000000008ed00000| Complete 
| 177|0x000000008ed00000, 0x000000008ee00000, 0x000000008ee00000|100%| E|CS|TAMS 0x000000008ed00000, 0x000000008ee00000| Complete 
| 178|0x000000008ee00000, 0x000000008ef00000, 0x000000008ef00000|100%| E|CS|TAMS 0x000000008ee00000, 0x000000008ef00000| Complete 
| 179|0x000000008ef00000, 0x000000008f000000, 0x000000008f000000|100%| E|CS|TAMS 0x000000008ef00000, 0x000000008f000000| Complete 
| 180|0x000000008f000000, 0x000000008f100000, 0x000000008f100000|100%| E|CS|TAMS 0x000000008f000000, 0x000000008f100000| Complete 
| 181|0x000000008f100000, 0x000000008f200000, 0x000000008f200000|100%| E|CS|TAMS 0x000000008f100000, 0x000000008f200000| Complete 
| 182|0x000000008f200000, 0x000000008f300000, 0x000000008f300000|100%| E|CS|TAMS 0x000000008f200000, 0x000000008f300000| Complete 

Card table byte_map: [0x00000167971d0000,0x00000167975c0000] _byte_map_base: 0x0000016796db2000

Marking Bits (Prev, Next): (CMBitMap*) 0x0000016783fcd998, (CMBitMap*) 0x0000016783fcd9d0
 Prev Bits: [0x00000167979b0000, 0x00000167998c0000)
 Next Bits: [0x00000167998c0000, 0x000001679b7d0000)

Polling page: 0x0000016783760000

Metaspace:

Usage:
  Non-class:     63.99 MB capacity,    63.66 MB (>99%) used,   239.61 KB ( <1%) free+waste,   100.75 KB ( <1%) overhead. 
      Class:      7.99 MB capacity,     7.76 MB ( 97%) used,   197.06 KB (  2%) free+waste,    38.81 KB ( <1%) overhead. 
       Both:     71.97 MB capacity,    71.41 MB (>99%) used,   436.67 KB ( <1%) free+waste,   139.56 KB ( <1%) overhead. 

Virtual space:
  Non-class space:       70.00 MB reserved,      64.00 MB ( 91%) committed 
      Class space:        1.00 GB reserved,       8.02 MB ( <1%) committed 
             Both:        1.07 GB reserved,      72.02 MB (  7%) committed 

Chunk freelists:
   Non-Class:  12.00 KB
       Class:  15.00 KB
        Both:  27.00 KB

MaxMetaspaceSize: 17179869184.00 GB
CompressedClassSpaceSize: 1.00 GB
Initial GC threshold: 20.80 MB
Current GC threshold: 104.83 MB
CDS: off

CodeHeap 'non-profiled nmethods': size=120000Kb used=4416Kb max_used=4416Kb free=115584Kb
 bounds [0x000001678f580000, 0x000001678f9d0000, 0x0000016796ab0000]
CodeHeap 'profiled nmethods': size=120000Kb used=25397Kb max_used=25397Kb free=94602Kb
 bounds [0x0000016788050000, 0x0000016789920000, 0x000001678f580000]
CodeHeap 'non-nmethods': size=5760Kb used=1352Kb max_used=1379Kb free=4407Kb
 bounds [0x0000016787ab0000, 0x0000016787d20000, 0x0000016788050000]
 total_blobs=10043 nmethods=9394 adapters=559
 compilation: enabled
              stopped_count=0, restarted_count=0
 full_count=0

Compilation events (20 events):
Event: 12.052 Thread 0x00000167a26c3800 9422       4       org.jetbrains.kotlin.ir.types.impl.IrSimpleTypeBuilder::setVariance (12 bytes)
Event: 12.054 Thread 0x00000167a26c3800 nmethod 9422 0x000001678f9ce590 code [0x000001678f9ce720, 0x000001678f9ce858]
Event: 12.054 Thread 0x00000167a26c3800 9429       4       java.util.LinkedList$Node::<init> (20 bytes)
Event: 12.057 Thread 0x00000167a26c3800 nmethod 9429 0x000001678f9ce910 code [0x000001678f9ceaa0, 0x000001678f9ced58]
Event: 12.057 Thread 0x000001679e24d000 9487       3       org.jetbrains.org.objectweb.asm.ClassReader::readMethod (1061 bytes)
Event: 12.059 Thread 0x00000167a26c3800 9489       4       kotlin.ranges.RangesKt___RangesKt::coerceAtLeast (11 bytes)
Event: 12.060 Thread 0x00000167a26c3800 nmethod 9489 0x000001678f9cee10 code [0x000001678f9cefa0, 0x000001678f9ceff8]
Event: 12.060 Thread 0x00000167a26c3800 9491       4       kotlin.ranges.IntRange::<init> (8 bytes)
Event: 12.060 Thread 0x00000167a26c3800 nmethod 9491 0x000001678f9cf110 code [0x000001678f9cf2a0, 0x000001678f9cf318]
Event: 12.062 Thread 0x000001679e24d000 nmethod 9487 0x0000016789914590 code [0x0000016789914d00, 0x0000016789919df8]
Event: 12.062 Thread 0x000001679e24d000 9492       1       kotlin.ranges.IntProgression::getFirst (5 bytes)
Event: 12.062 Thread 0x000001679e24d000 nmethod 9492 0x000001678f9cf410 code [0x000001678f9cf5c0, 0x000001678f9cf678]
Event: 12.062 Thread 0x000001679e24d000 9493       1       kotlin.ranges.IntProgression::getLast (5 bytes)
Event: 12.063 Thread 0x000001679e24d000 nmethod 9493 0x000001678f9cf710 code [0x000001678f9cf8c0, 0x000001678f9cf978]
Event: 12.063 Thread 0x000001679e24d000 9490       1       kotlin.text.DelimitedRangesSequence::access$getInput$p (5 bytes)
Event: 12.063 Thread 0x000001679e24d000 nmethod 9490 0x000001678f9cfa10 code [0x000001678f9cfbc0, 0x000001678f9cfc58]
Event: 12.063 Thread 0x000001679e24d000 9494       1       org.jetbrains.kotlin.codegen.inline.RangeMapping::getDest (5 bytes)
Event: 12.063 Thread 0x000001679e24d000 nmethod 9494 0x000001678f9cfd10 code [0x000001678f9cfec0, 0x000001678f9cff78]
Event: 12.063 Thread 0x000001679e24d000 9488       3       kotlin.text.StringsKt__StringsJVMKt::regionMatches (43 bytes)
Event: 12.063 Thread 0x000001679e24d000 nmethod 9488 0x000001678991c310 code [0x000001678991c5e0, 0x000001678991d118]

GC Heap History (20 events):
Event: 1.122 GC heap before
{Heap before GC invocations=0 (full 0):
 garbage-first heap   total 129024K, used 27648K [0x0000000083c00000, 0x0000000100000000)
  region size 1024K, 24 young (24576K), 0 survivors (0K)
 Metaspace       used 12314K, capacity 12469K, committed 12800K, reserved 1060864K
  class space    used 1140K, capacity 1174K, committed 1280K, reserved 1048576K
}
Event: 1.129 GC heap after
{Heap after GC invocations=1 (full 0):
 garbage-first heap   total 129024K, used 5835K [0x0000000083c00000, 0x0000000100000000)
  region size 1024K, 3 young (3072K), 3 survivors (3072K)
 Metaspace       used 12314K, capacity 12469K, committed 12800K, reserved 1060864K
  class space    used 1140K, capacity 1174K, committed 1280K, reserved 1048576K
}
Event: 2.172 GC heap before
{Heap before GC invocations=1 (full 0):
 garbage-first heap   total 129024K, used 42699K [0x0000000083c00000, 0x0000000100000000)
  region size 1024K, 40 young (40960K), 3 survivors (3072K)
 Metaspace       used 21004K, capacity 21180K, committed 21248K, reserved 1069056K
  class space    used 2189K, capacity 2246K, committed 2304K, reserved 1048576K
}
Event: 2.205 GC heap after
{Heap after GC invocations=2 (full 0):
 garbage-first heap   total 129024K, used 9533K [0x0000000083c00000, 0x0000000100000000)
  region size 1024K, 7 young (7168K), 7 survivors (7168K)
 Metaspace       used 21004K, capacity 21180K, committed 21248K, reserved 1069056K
  class space    used 2189K, capacity 2246K, committed 2304K, reserved 1048576K
}
Event: 3.599 GC heap before
{Heap before GC invocations=3 (full 0):
 garbage-first heap   total 129024K, used 69949K [0x0000000083c00000, 0x0000000100000000)
  region size 1024K, 54 young (55296K), 7 survivors (7168K)
 Metaspace       used 31486K, capacity 31918K, committed 32000K, reserved 1077248K
  class space    used 3880K, capacity 4050K, committed 4096K, reserved 1048576K
}
Event: 3.613 GC heap after
{Heap after GC invocations=4 (full 0):
 garbage-first heap   total 129024K, used 23861K [0x0000000083c00000, 0x0000000100000000)
  region size 1024K, 6 young (6144K), 6 survivors (6144K)
 Metaspace       used 31486K, capacity 31918K, committed 32000K, reserved 1077248K
  class space    used 3880K, capacity 4050K, committed 4096K, reserved 1048576K
}
Event: 4.030 GC heap before
{Heap before GC invocations=4 (full 0):
 garbage-first heap   total 129024K, used 41269K [0x0000000083c00000, 0x0000000100000000)
  region size 1024K, 24 young (24576K), 6 survivors (6144K)
 Metaspace       used 35415K, capacity 35803K, committed 35840K, reserved 1081344K
  class space    used 4312K, capacity 4471K, committed 4480K, reserved 1048576K
}
Event: 4.054 GC heap after
{Heap after GC invocations=5 (full 0):
 garbage-first heap   total 129024K, used 25851K [0x0000000083c00000, 0x0000000100000000)
  region size 1024K, 2 young (2048K), 2 survivors (2048K)
 Metaspace       used 35415K, capacity 35803K, committed 35840K, reserved 1081344K
  class space    used 4312K, capacity 4471K, committed 4480K, reserved 1048576K
}
Event: 5.423 GC heap before
{Heap before GC invocations=6 (full 0):
 garbage-first heap   total 129024K, used 78075K [0x0000000083c00000, 0x0000000100000000)
  region size 1024K, 53 young (54272K), 2 survivors (2048K)
 Metaspace       used 45721K, capacity 46211K, committed 46284K, reserved 1089536K
  class space    used 5359K, capacity 5546K, committed 5580K, reserved 1048576K
}
Event: 5.433 GC heap after
{Heap after GC invocations=7 (full 0):
 garbage-first heap   total 155648K, used 30971K [0x0000000083c00000, 0x0000000100000000)
  region size 1024K, 7 young (7168K), 7 survivors (7168K)
 Metaspace       used 45721K, capacity 46211K, committed 46284K, reserved 1089536K
  class space    used 5359K, capacity 5546K, committed 5580K, reserved 1048576K
}
Event: 6.383 GC heap before
{Heap before GC invocations=7 (full 0):
 garbage-first heap   total 155648K, used 91387K [0x0000000083c00000, 0x0000000100000000)
  region size 1024K, 65 young (66560K), 7 survivors (7168K)
 Metaspace       used 50647K, capacity 51152K, committed 51404K, reserved 1095680K
  class space    used 5814K, capacity 6014K, committed 6092K, reserved 1048576K
}
Event: 6.406 GC heap after
{Heap after GC invocations=8 (full 0):
 garbage-first heap   total 155648K, used 37118K [0x0000000083c00000, 0x0000000100000000)
  region size 1024K, 6 young (6144K), 6 survivors (6144K)
 Metaspace       used 50647K, capacity 51152K, committed 51404K, reserved 1095680K
  class space    used 5814K, capacity 6014K, committed 6092K, reserved 1048576K
}
Event: 7.578 GC heap before
{Heap before GC invocations=8 (full 0):
 garbage-first heap   total 155648K, used 99582K [0x0000000083c00000, 0x0000000100000000)
  region size 1024K, 67 young (68608K), 6 survivors (6144K)
 Metaspace       used 52977K, capacity 53551K, committed 53580K, reserved 1097728K
  class space    used 5989K, capacity 6196K, committed 6220K, reserved 1048576K
}
Event: 7.604 GC heap after
{Heap after GC invocations=9 (full 0):
 garbage-first heap   total 155648K, used 45056K [0x0000000083c00000, 0x0000000100000000)
  region size 1024K, 8 young (8192K), 8 survivors (8192K)
 Metaspace       used 52977K, capacity 53551K, committed 53580K, reserved 1097728K
  class space    used 5989K, capacity 6196K, committed 6220K, reserved 1048576K
}
Event: 9.137 GC heap before
{Heap before GC invocations=9 (full 0):
 garbage-first heap   total 155648K, used 89088K [0x0000000083c00000, 0x0000000100000000)
  region size 1024K, 51 young (52224K), 8 survivors (8192K)
 Metaspace       used 59591K, capacity 60138K, committed 60236K, reserved 1101824K
  class space    used 6690K, capacity 6920K, committed 6988K, reserved 1048576K
}
Event: 9.165 GC heap after
{Heap after GC invocations=10 (full 0):
 garbage-first heap   total 155648K, used 51120K [0x0000000083c00000, 0x0000000100000000)
  region size 1024K, 6 young (6144K), 6 survivors (6144K)
 Metaspace       used 59591K, capacity 60138K, committed 60236K, reserved 1101824K
  class space    used 6690K, capacity 6920K, committed 6988K, reserved 1048576K
}
Event: 10.164 GC heap before
{Heap before GC invocations=11 (full 0):
 garbage-first heap   total 155648K, used 109488K [0x0000000083c00000, 0x0000000100000000)
  region size 1024K, 63 young (64512K), 6 survivors (6144K)
 Metaspace       used 63186K, capacity 63793K, committed 63896K, reserved 1105920K
  class space    used 7000K, capacity 7242K, committed 7320K, reserved 1048576K
}
Event: 10.190 GC heap after
{Heap after GC invocations=12 (full 0):
 garbage-first heap   total 155648K, used 54741K [0x0000000083c00000, 0x0000000100000000)
  region size 1024K, 4 young (4096K), 4 survivors (4096K)
 Metaspace       used 63186K, capacity 63793K, committed 63896K, reserved 1105920K
  class space    used 7000K, capacity 7242K, committed 7320K, reserved 1048576K
}
Event: 11.320 GC heap before
{Heap before GC invocations=13 (full 0):
 garbage-first heap   total 155648K, used 113109K [0x0000000083c00000, 0x0000000100000000)
  region size 1024K, 61 young (62464K), 4 survivors (4096K)
 Metaspace       used 68880K, capacity 69492K, committed 69656K, reserved 1112064K
  class space    used 7586K, capacity 7819K, committed 7960K, reserved 1048576K
}
Event: 11.342 GC heap after
{Heap after GC invocations=14 (full 0):
 garbage-first heap   total 187392K, used 60124K [0x0000000083c00000, 0x0000000100000000)
  region size 1024K, 8 young (8192K), 8 survivors (8192K)
 Metaspace       used 68880K, capacity 69492K, committed 69656K, reserved 1112064K
  class space    used 7586K, capacity 7819K, committed 7960K, reserved 1048576K
}

Deoptimization events (20 events):
Event: 11.996 Thread 0x0000016783f94000 Uncommon trap: trap_request=0xffffffc6 fr.pc=0x000001678f9c5d84 relative=0x0000000000000584
Event: 11.997 Thread 0x0000016783f94000 Uncommon trap: reason=bimorphic_or_optimized_type_check action=maybe_recompile pc=0x000001678f9c5d84 method=gnu.trove.TObjectHash.insertionIndex(Ljava/lang/Object;)I @ 75 c2
Event: 11.997 Thread 0x0000016783f94000 DEOPT PACKING pc=0x000001678f9c5d84 sp=0x00000045e75fc880
Event: 11.997 Thread 0x0000016783f94000 DEOPT UNPACKING pc=0x0000016787afa1af sp=0x00000045e75fc808 mode 2
Event: 11.997 Thread 0x0000016783f94000 Uncommon trap: trap_request=0xffffffc6 fr.pc=0x000001678f9c5d84 relative=0x0000000000000584
Event: 11.998 Thread 0x0000016783f94000 Uncommon trap: reason=bimorphic_or_optimized_type_check action=maybe_recompile pc=0x000001678f9c5d84 method=gnu.trove.TObjectHash.insertionIndex(Ljava/lang/Object;)I @ 75 c2
Event: 11.998 Thread 0x0000016783f94000 DEOPT PACKING pc=0x000001678f9c5d84 sp=0x00000045e75fc880
Event: 11.998 Thread 0x0000016783f94000 DEOPT UNPACKING pc=0x0000016787afa1af sp=0x00000045e75fc808 mode 2
Event: 12.052 Thread 0x0000016783f94000 Uncommon trap: trap_request=0xffffffde fr.pc=0x000001678f970630 relative=0x0000000000000250
Event: 12.052 Thread 0x0000016783f94000 Uncommon trap: reason=class_check action=maybe_recompile pc=0x000001678f970630 method=org.jetbrains.kotlin.utils.ThreadLocalDelegate.getValue(Ljava/lang/Object;Lkotlin/reflect/KProperty;)Ljava/lang/Object; @ 45 c2
Event: 12.052 Thread 0x0000016783f94000 DEOPT PACKING pc=0x000001678f970630 sp=0x00000045e75fc780
Event: 12.052 Thread 0x0000016783f94000 DEOPT UNPACKING pc=0x0000016787afa1af sp=0x00000045e75fc708 mode 2
Event: 12.057 Thread 0x0000016783f94000 Uncommon trap: trap_request=0xffffff4d fr.pc=0x000001678f884d48 relative=0x0000000000006de8
Event: 12.057 Thread 0x0000016783f94000 Uncommon trap: reason=unstable_if action=reinterpret pc=0x000001678f884d48 method=org.jetbrains.org.objectweb.asm.ClassReader.readMethod(Lorg/jetbrains/org/objectweb/asm/ClassVisitor;Lorg/jetbrains/org/objectweb/asm/Context;I)I @ 151 c2
Event: 12.057 Thread 0x0000016783f94000 DEOPT PACKING pc=0x000001678f884d48 sp=0x00000045e75fbf80
Event: 12.057 Thread 0x0000016783f94000 DEOPT UNPACKING pc=0x0000016787afa1af sp=0x00000045e75fbf78 mode 2
Event: 12.075 Thread 0x0000016783f94000 Uncommon trap: trap_request=0xffffff4d fr.pc=0x000001678f754eb8 relative=0x00000000000004f8
Event: 12.075 Thread 0x0000016783f94000 Uncommon trap: reason=unstable_if action=reinterpret pc=0x000001678f754eb8 method=java.lang.String.valueOf(Ljava/lang/Object;)Ljava/lang/String; @ 1 c2
Event: 12.075 Thread 0x0000016783f94000 DEOPT PACKING pc=0x000001678f754eb8 sp=0x00000045e75fc3c0
Event: 12.075 Thread 0x0000016783f94000 DEOPT UNPACKING pc=0x0000016787afa1af sp=0x00000045e75fc358 mode 2

Classes redefined (0 events):
No events

Internal exceptions (20 events):
Event: 7.170 Thread 0x0000016783f94000 Implicit null exception at 0x000001678f73d9f5 to 0x000001678f73e270
Event: 7.170 Thread 0x0000016783f94000 Implicit null exception at 0x000001678f74392f to 0x000001678f74395c
Event: 7.225 Thread 0x0000016783f94000 Exception <a 'java/lang/NoSuchMethodError'{0x000000008b366ad0}: 'java.lang.Object java.lang.invoke.DirectMethodHandle$Holder.invokeStatic(java.lang.Object, int, java.lang.Object, java.lang.Object)'> (0x000000008b366ad0) thrown at [src/hotspot/share/interpreter/linkResolver.cpp, line 773]
Event: 7.226 Thread 0x0000016783f94000 Exception <a 'java/lang/NoSuchMethodError'{0x000000008b36e0f0}: 'java.lang.Object java.lang.invoke.DirectMethodHandle$Holder.invokeStatic(java.lang.Object, int, java.lang.Object)'> (0x000000008b36e0f0) thrown at [src/hotspot/share/interpreter/linkResolver.cpp, line 773]
Event: 7.227 Thread 0x0000016783f94000 Exception <a 'java/lang/NoSuchMethodError'{0x000000008b373f60}: 'int java.lang.invoke.DirectMethodHandle$Holder.invokeInterface(java.lang.Object, java.lang.Object)'> (0x000000008b373f60) thrown at [src/hotspot/share/interpreter/linkResolver.cpp, line 773]
Event: 7.458 Thread 0x0000016783f94000 Implicit null exception at 0x000001678f5de4de to 0x000001678f5dec4a
Event: 7.458 Thread 0x0000016783f94000 Implicit null exception at 0x000001678f5e08af to 0x000001678f5e091d
Event: 7.470 Thread 0x0000016783f94000 Exception <a 'java/lang/NoSuchMethodError'{0x0000000089a46098}: 'java.lang.Object java.lang.invoke.Invokers$Holder.linkToTargetMethod(java.lang.Object, java.lang.Object, java.lang.Object, java.lang.Object, java.lang.Object, java.lang.Object)'> (0x0000000089a46098) thrown at [src/hotspot/share/interpreter/linkResolver.cpp, line 773]
Event: 7.605 Thread 0x0000016783f94000 Implicit null exception at 0x000001678f6a024c to 0x000001678f6a0328
Event: 7.646 Thread 0x0000016783f94000 Exception <a 'java/lang/NoSuchMethodError'{0x000000008d3d0588}: 'java.lang.Object java.lang.invoke.DirectMethodHandle$Holder.invokeInterface(java.lang.Object, java.lang.Object, java.lang.Object)'> (0x000000008d3d0588) thrown at [src/hotspot/share/interpreter/linkResolver.cpp, line 773]
Event: 7.646 Thread 0x0000016783f94000 Exception <a 'java/lang/IncompatibleClassChangeError'{0x000000008d3d37b8}: Found class java.lang.Object, but interface was expected> (0x000000008d3d37b8) thrown at [src/hotspot/share/interpreter/linkResolver.cpp, line 839]
Event: 7.699 Thread 0x0000016783f94000 Exception <a 'java/lang/NoSuchMethodError'{0x000000008d1c18d0}: 'java.lang.Object java.lang.invoke.Invokers$Holder.linkToTargetMethod(java.lang.Object, java.lang.Object, java.lang.Object, int, int, java.lang.Object)'> (0x000000008d1c18d0) thrown at [src/hotspot/share/interpreter/linkResolver.cpp, line 773]
Event: 7.846 Thread 0x0000016783f94000 Implicit null exception at 0x000001678f7e2a47 to 0x000001678f7e2db4
Event: 8.240 Thread 0x0000016783f94000 Exception <a 'java/lang/NoSuchMethodError'{0x000000008bf39a60}: 'java.lang.Object java.lang.invoke.Invokers$Holder.linkToTargetMethod(java.lang.Object, java.lang.Object, java.lang.Object, java.lang.Object, java.lang.Object, java.lang.Object, java.lang.Object)'> (0x000000008bf39a60) thrown at [src/hotspot/share/interpreter/linkResolver.cpp, line 773]
Event: 8.257 Thread 0x0000016783f94000 Implicit null exception at 0x000001678f7e5ea4 to 0x000001678f7e7560
Event: 8.364 Thread 0x0000016783f94000 Exception <a 'java/lang/NoSuchMethodError'{0x000000008bdc5978}: 'int java.lang.invoke.DirectMethodHandle$Holder.invokeStaticInit(java.lang.Object, int)'> (0x000000008bdc5978) thrown at [src/hotspot/share/interpreter/linkResolver.cpp, line 773]
Event: 8.691 Thread 0x0000016783f94000 Implicit null exception at 0x000001678f5db6f5 to 0x000001678f5db8bc
Event: 8.837 Thread 0x0000016783f94000 Implicit null exception at 0x000001678f78bbfc to 0x000001678f78bee0
Event: 9.447 Thread 0x0000016783f94000 Implicit null exception at 0x000001678f5e80f4 to 0x000001678f5e830c
Event: 10.868 Thread 0x0000016783f94000 Implicit null exception at 0x000001678f93d172 to 0x000001678f93d21d

Events (20 events):
Event: 12.065 loading class org/jetbrains/kotlin/codegen/inline/MethodInliner
Event: 12.065 loading class org/jetbrains/kotlin/codegen/inline/MethodInliner done
Event: 12.067 loading class org/jetbrains/kotlin/codegen/inline/MethodInliner$Companion
Event: 12.067 loading class org/jetbrains/kotlin/codegen/inline/MethodInliner$Companion done
Event: 12.068 loading class org/jetbrains/kotlin/codegen/inline/FieldRemapper
Event: 12.068 loading class org/jetbrains/kotlin/codegen/inline/FieldRemapper done
Event: 12.068 loading class org/jetbrains/kotlin/codegen/inline/FieldRemapper$Companion
Event: 12.068 loading class org/jetbrains/kotlin/codegen/inline/FieldRemapper$Companion done
Event: 12.068 loading class org/jetbrains/kotlin/ir/util/RenderIrElementKt
Event: 12.068 loading class org/jetbrains/kotlin/ir/util/RenderIrElementKt done
Event: 12.069 loading class org/jetbrains/kotlin/ir/util/RenderIrElementVisitor
Event: 12.069 loading class org/jetbrains/kotlin/ir/util/RenderIrElementVisitor done
Event: 12.073 loading class org/jetbrains/kotlin/ir/util/RenderIrElementVisitor$BoundSymbolReferenceRenderer
Event: 12.073 loading class org/jetbrains/kotlin/ir/util/RenderIrElementVisitor$BoundSymbolReferenceRenderer done
Event: 12.075 loading class org/jetbrains/kotlin/codegen/inline/InlineOnlySmapSkipper
Event: 12.075 loading class org/jetbrains/kotlin/codegen/inline/InlineOnlySmapSkipper done
Event: 12.075 loading class org/jetbrains/kotlin/codegen/inline/InlineOnlySmapSkipper$Companion
Event: 12.075 loading class org/jetbrains/kotlin/codegen/inline/InlineOnlySmapSkipper$Companion done
Event: 12.075 loading class org/jetbrains/kotlin/codegen/ExpressionCodegen
Event: 12.075 loading class org/jetbrains/kotlin/codegen/ExpressionCodegen done


Dynamic libraries:
0x00007ff7fe400000 - 0x00007ff7fe40a000 	C:\Program Files\Android\Android Studio\jbr\bin\java.exe
0x00007ffadfb50000 - 0x00007ffadfd64000 	C:\WINDOWS\SYSTEM32\ntdll.dll
0x00007ffadea90000 - 0x00007ffadeb53000 	C:\WINDOWS\System32\KERNEL32.DLL
0x00007ffadd0b0000 - 0x00007ffadd44c000 	C:\WINDOWS\System32\KERNELBASE.dll
0x00007ffadcf90000 - 0x00007ffadd0a1000 	C:\WINDOWS\System32\ucrtbase.dll
0x00007ffabb890000 - 0x00007ffabb8a7000 	C:\Program Files\Android\Android Studio\jbr\bin\jli.dll
0x00007ffabb870000 - 0x00007ffabb88b000 	C:\Program Files\Android\Android Studio\jbr\bin\VCRUNTIME140.dll
0x00007ffadf960000 - 0x00007ffadfb0d000 	C:\WINDOWS\System32\USER32.dll
0x00007ffadd6b0000 - 0x00007ffadd6d6000 	C:\WINDOWS\System32\win32u.dll
0x00007ffac4c90000 - 0x00007ffac4f1e000 	C:\WINDOWS\WinSxS\amd64_microsoft.windows.common-controls_6595b64144ccf1df_6.0.22621.608_none_a9444ca7c10bb01d\COMCTL32.dll
0x00007ffaddf70000 - 0x00007ffaddf99000 	C:\WINDOWS\System32\GDI32.dll
0x00007ffadd450000 - 0x00007ffadd562000 	C:\WINDOWS\System32\gdi32full.dll
0x00007ffaddfa0000 - 0x00007ffade047000 	C:\WINDOWS\System32\msvcrt.dll
0x00007ffadd6e0000 - 0x00007ffadd77a000 	C:\WINDOWS\System32\msvcp_win.dll
0x00007ffade850000 - 0x00007ffade882000 	C:\WINDOWS\System32\IMM32.DLL
0x00007ffa82010000 - 0x00007ffa8209d000 	C:\Program Files\Android\Android Studio\jbr\bin\msvcp140.dll
0x00007ffac2b80000 - 0x00007ffac2b8c000 	C:\WINDOWS\SYSTEM32\VCRUNTIME140_1.dll
0x00007ffa6f600000 - 0x00007ffa701bc000 	C:\Program Files\Android\Android Studio\jbr\bin\server\jvm.dll
0x00007ffadf7d0000 - 0x00007ffadf87e000 	C:\WINDOWS\System32\ADVAPI32.dll
0x00007ffadeb60000 - 0x00007ffadec04000 	C:\WINDOWS\System32\sechost.dll
0x00007ffadf4e0000 - 0x00007ffadf5f5000 	C:\WINDOWS\System32\RPCRT4.dll
0x00007ffadf7c0000 - 0x00007ffadf7c8000 	C:\WINDOWS\System32\PSAPI.DLL
0x00007ffad0720000 - 0x00007ffad0754000 	C:\WINDOWS\SYSTEM32\WINMM.dll
0x00007ffad1590000 - 0x00007ffad159a000 	C:\WINDOWS\SYSTEM32\VERSION.dll
0x00007ffabfc70000 - 0x00007ffabfc79000 	C:\WINDOWS\SYSTEM32\WSOCK32.dll
0x00007ffadec10000 - 0x00007ffadec81000 	C:\WINDOWS\System32\WS2_32.dll
0x00007ffadbfe0000 - 0x00007ffadbff8000 	C:\WINDOWS\SYSTEM32\kernel.appcore.dll
0x00007ffacf0c0000 - 0x00007ffacf0d0000 	C:\Program Files\Android\Android Studio\jbr\bin\verify.dll
0x00007ffada8f0000 - 0x00007ffadab1e000 	C:\WINDOWS\SYSTEM32\DBGHELP.DLL
0x00007ffadef80000 - 0x00007ffadf30a000 	C:\WINDOWS\System32\combase.dll
0x00007ffadf880000 - 0x00007ffadf957000 	C:\WINDOWS\System32\OLEAUT32.dll
0x00007ffabc210000 - 0x00007ffabc242000 	C:\WINDOWS\SYSTEM32\dbgcore.DLL
0x00007ffadd630000 - 0x00007ffadd6ab000 	C:\WINDOWS\System32\bcryptPrimitives.dll
0x00007ffac3cf0000 - 0x00007ffac3d18000 	C:\Program Files\Android\Android Studio\jbr\bin\java.dll
0x00007ffacf0b0000 - 0x00007ffacf0ba000 	C:\Program Files\Android\Android Studio\jbr\bin\jimage.dll
0x00007fface890000 - 0x00007fface8a8000 	C:\Program Files\Android\Android Studio\jbr\bin\zip.dll
0x00007ffade060000 - 0x00007ffade84f000 	C:\WINDOWS\System32\SHELL32.dll
0x00007ffadafb0000 - 0x00007ffadb878000 	C:\WINDOWS\SYSTEM32\windows.storage.dll
0x00007ffadae70000 - 0x00007ffadafae000 	C:\WINDOWS\SYSTEM32\wintypes.dll
0x00007ffadf6c0000 - 0x00007ffadf7b1000 	C:\WINDOWS\System32\SHCORE.dll
0x00007ffadf420000 - 0x00007ffadf47e000 	C:\WINDOWS\System32\shlwapi.dll
0x00007ffadcec0000 - 0x00007ffadcee1000 	C:\WINDOWS\SYSTEM32\profapi.dll
0x00007ffac5e30000 - 0x00007ffac5e49000 	C:\Program Files\Android\Android Studio\jbr\bin\net.dll
0x00007ffad3c60000 - 0x00007ffad3d8f000 	C:\WINDOWS\SYSTEM32\WINHTTP.dll
0x00007ffadc450000 - 0x00007ffadc4b9000 	C:\WINDOWS\system32\mswsock.dll
0x00007ffac3c00000 - 0x00007ffac3c13000 	C:\Program Files\Android\Android Studio\jbr\bin\nio.dll

dbghelp: loaded successfully - version: 4.0.5 - missing functions: none
symbol engine: initialized successfully - sym options: 0x614 - pdb path: .;C:\Program Files\Android\Android Studio\jbr\bin;C:\WINDOWS\SYSTEM32;C:\WINDOWS\WinSxS\amd64_microsoft.windows.common-controls_6595b64144ccf1df_6.0.22621.608_none_a9444ca7c10bb01d;C:\Program Files\Android\Android Studio\jbr\bin\server

VM Arguments:
java_command: org.jetbrains.kotlin.cli.jvm.K2JVMCompiler @C:\Users\User\Downloads\Aplikasi-Sederhana-Kotlin-main\Aplikasi-Sederhana-Kotlin-main\app\build\20230529_2405015498168667567.compiler.options
java_class_path (initial): C:\Users\User\.gradle\caches\modules-2\files-2.1\org.jetbrains.kotlin\kotlin-compiler-embeddable\1.5.30\3362a354066df1578a057c200da23cf2a1d8144f\kotlin-compiler-embeddable-1.5.30.jar;C:\Users\User\.gradle\caches\modules-2\files-2.1\org.jetbrains.kotlin\kotlin-reflect\1.5.30\6773e974437dd6432aa646cc2f8ab71de42b5773\kotlin-reflect-1.5.30.jar;C:\Users\User\.gradle\caches\modules-2\files-2.1\org.jetbrains.kotlin\kotlin-stdlib\1.5.30\d68efdea04955974ac1020f8f66ef8176bfbce1f\kotlin-stdlib-1.5.30.jar;C:\Users\User\.gradle\caches\modules-2\files-2.1\org.jetbrains.kotlin\kotlin-script-runtime\1.5.30\10697ab20bfd2f1b23baa91306950c36c4e89a8d\kotlin-script-runtime-1.5.30.jar;C:\Users\User\.gradle\caches\modules-2\files-2.1\org.jetbrains.kotlin\kotlin-daemon-embeddable\1.5.30\e355dc9011e559a475608265607948109e113ae0\kotlin-daemon-embeddable-1.5.30.jar;C:\Users\User\.gradle\caches\modules-2\files-2.1\org.jetbrains.intellij.deps\trove4j\1.0.20181211\216c2e14b070f334479d800987affe4054cd563f\trove4j-1.0.20181211.jar;C:\Users\User\.gradle\caches\modules-2\files-2.1\org.jetbrains\annotations\13.0\919f0dfe192fb4e063e7dacadee7f8bb9a2672a9\annotations-13.0.jar;C:\Users\User\.gradle\caches\modules-2\files-2.1\org.jetbrains.kotlin\kotlin-stdlib-common\1.5.30\649ffab7767038323fec0cc41e2d7b0a8f65a378\kotlin-stdlib-common-1.5.30.jar
Launcher Type: SUN_STANDARD

[Global flags]
     intx CICompilerCount                          = 4                                         {product} {ergonomic}
     uint ConcGCThreads                            = 2                                         {product} {ergonomic}
     uint G1ConcRefinementThreads                  = 8                                         {product} {ergonomic}
   size_t G1HeapRegionSize                         = 1048576                                   {product} {ergonomic}
    uintx GCDrainStackTargetSize                   = 64                                        {product} {ergonomic}
   size_t InitialHeapSize                          = 132120576                                 {product} {ergonomic}
   size_t MarkStackSize                            = 4194304                                   {product} {ergonomic}
   size_t MaxHeapSize                              = 2084569088                                {product} {ergonomic}
   size_t MaxNewSize                               = 1249902592                                {product} {ergonomic}
   size_t MinHeapDeltaBytes                        = 1048576                                   {product} {ergonomic}
    uintx NonNMethodCodeHeapSize                   = 5836300                                {pd product} {ergonomic}
    uintx NonProfiledCodeHeapSize                  = 122910970                              {pd product} {ergonomic}
    uintx ProfiledCodeHeapSize                     = 122910970                              {pd product} {ergonomic}
    uintx ReservedCodeCacheSize                    = 251658240                              {pd product} {ergonomic}
     bool SegmentedCodeCache                       = true                                      {product} {ergonomic}
     bool UseCompressedClassPointers               = true                                 {lp64_product} {ergonomic}
     bool UseCompressedOops                        = true                                 {lp64_product} {ergonomic}
     bool UseG1GC                                  = true                                      {product} {ergonomic}
     bool UseLargePagesIndividualAllocation        = false                                  {pd product} {ergonomic}

Logging:
Log output configuration:
 #0: stdout all=warning uptime,level,tags
 #1: stderr all=off uptime,level,tags

Environment Variables:
JAVA_HOME=C:\Program Files\Java\jdk-19
PATH=C:\Program Files\Common Files\Oracle\Java\javapath;C:\WINDOWS\system32;C:\WINDOWS;C:\WINDOWS\System32\Wbem;C:\WINDOWS\System32\WindowsPowerShell\v1.0\;C:\WINDOWS\System32\OpenSSH\;C:\xampp\php;C:\ProgramData\ComposerSetup\bin;C:\Program Files\PuTTY\;C:\Program Files\Common Files\Oracle\Java\javapath;C:\Program Files\Java\jdk-19\bin;C:\Program Files\Git\cmd;C:\Users\User\AppData\Local\Programs\Python\Python311\Scripts\;C:\Users\User\AppData\Local\Programs\Python\Python311\;C:\Users\User\AppData\Local\Microsoft\WindowsApps;C:\Users\User\AppData\Roaming\Composer\vendor\bin;C:\Users\User\AppData\Local\Programs\Microsoft VS Code\bin
USERNAME=User
OS=Windows_NT
PROCESSOR_IDENTIFIER=Intel64 Family 6 Model 142 Stepping 12, GenuineIntel



---------------  S Y S T E M  ---------------

OS: Windows 11 , 64 bit Build 22621 (10.0.22621.1194)
OS uptime: 0 days 2:55 hours

CPU:total 8 (initial active 8) (4 cores per cpu, 2 threads per core) family 6 model 142 stepping 12 microcode 0xde, cmov, cx8, fxsr, mmx, sse, sse2, sse3, ssse3, sse4.1, sse4.2, popcnt, avx, avx2, aes, clmul, erms, 3dnowpref, lzcnt, ht, tsc, tscinvbit, bmi1, bmi2, adx, fma

Memory: 4k page, system-wide physical 7945M (385M free)
TotalPageFile size 12041M (AvailPageFile size 5M)
current process WorkingSet (physical memory assigned to process): 359M, peak: 359M
current process commit charge ("private bytes"): 406M, peak: 407M

vm_info: OpenJDK 64-Bit Server VM (11.0.15+0-b2043.56-8887301) for windows-amd64 JRE (11.0.15+0-b2043.56-8887301), built on Jul 29 2022 23:19:47 by "builduser" with unknown MS VC++:1929

END.
