#
# There is insufficient memory for the Java Runtime Environment to continue.
# Native memory allocation (mmap) failed to map 32505856 bytes for Failed to commit area from 0x0000000089800000 to 0x000000008b700000 of length 32505856.
# Possible reasons:
#   The system is out of physical RAM or swap space
#   The process is running with CompressedOops enabled, and the Java Heap may be blocking the growth of the native heap
# Possible solutions:
#   Reduce memory load on the system
#   Increase physical memory or swap space
#   Check if swap backing store is full
#   Decrease Java heap size (-Xmx/-Xms)
#   Decrease number of Java threads
#   Decrease Java thread stack sizes (-Xss)
#   Set larger code cache with -XX:ReservedCodeCacheSize=
#   JVM is running with Unscaled Compressed Oops mode in which the Java heap is
#     placed in the first 4GB address space. The Java Heap base address is the
#     maximum limit for the native heap growth. Please use -XX:HeapBaseMinAddress
#     to set the Java Heap base and to place the Java Heap above 4GB virtual address.
# This output file may be truncated or incomplete.
#
#  Out of Memory Error (src/hotspot/os/windows/os_windows.cpp:3627), pid=4296, tid=12140
#
# JRE version: OpenJDK Runtime Environment (11.0.15) (build 11.0.15+0-b2043.56-8887301)
# Java VM: OpenJDK 64-Bit Server VM (11.0.15+0-b2043.56-8887301, mixed mode, tiered, compressed oops, g1 gc, windows-amd64)
# No core dump will be written. Minidumps are not enabled by default on client versions of Windows
#

---------------  S U M M A R Y ------------

Command Line: --add-opens=java.base/java.util=ALL-UNNAMED --add-opens=java.base/java.lang=ALL-UNNAMED --add-opens=java.base/java.lang.invoke=ALL-UNNAMED --add-opens=java.base/java.util=ALL-UNNAMED --add-opens=java.prefs/java.util.prefs=ALL-UNNAMED --add-opens=java.prefs/java.util.prefs=ALL-UNNAMED --add-opens=java.base/java.nio.charset=ALL-UNNAMED --add-opens=java.base/java.net=ALL-UNNAMED --add-opens=java.base/java.util.concurrent.atomic=ALL-UNNAMED -Xmx2048m -Dfile.encoding=UTF-8 -Duser.country=ID -Duser.language=en -Duser.variant org.gradle.launcher.daemon.bootstrap.GradleDaemon 7.2

Host: Intel(R) Core(TM) i5-10210U CPU @ 1.60GHz, 8 cores, 7G,  Windows 11 , 64 bit Build 22621 (10.0.22621.1194)
Time: Mon May 29 09:33:20 2023 SE Asia Standard Time elapsed time: 62.979144 seconds (0d 0h 1m 2s)

---------------  T H R E A D  ---------------

Current thread (0x00000184798c2000):  VMThread "VM Thread" [stack: 0x00000067fa300000,0x00000067fa400000] [id=12140]

Stack: [0x00000067fa300000,0x00000067fa400000]
[error occurred during error reporting (printing stack bounds), id 0xc0000005, EXCEPTION_ACCESS_VIOLATION (0xc0000005) at pc=0x000001840000112d]

Native frames: (J=compiled Java code, j=interpreted, Vv=VM code, C=native code)
V  [jvm.dll+0x64135a]
V  [jvm.dll+0x7d39f9]
V  [jvm.dll+0x7d51b9]
V  [jvm.dll+0x7d5805]
V  [jvm.dll+0x7d57bb]
V  [jvm.dll+0x640655]
V  [jvm.dll+0x640d68]
C  [ntdll.dll+0xa3eaf]
C  [ntdll.dll+0x1eae6]
C  [ntdll.dll+0xa2e9e]
C  0x000001840000112d

VM_Operation (0x00000067fccfd570): G1CollectForAllocation, mode: safepoint, requested by thread 0x000001847bb7b800


---------------  P R O C E S S  ---------------

Threads class SMR info:
_java_thread_list=0x000001847ed86610, length=40, elements={
0x000001846c45e800, 0x00000184798c6800, 0x00000184798c8000, 0x00000184798df800,
0x00000184798e0800, 0x00000184798e4000, 0x00000184798e7800, 0x00000184798ed000,
0x000001847a246000, 0x000001847a39d800, 0x000001847c4b4800, 0x000001847bb0d800,
0x000001847c345800, 0x000001847b867000, 0x000001847b856800, 0x000001847bcf8800,
0x000001847bcf9800, 0x000001847bcc2000, 0x000001847bcf1000, 0x000001847bdba800,
0x000001847bdbb800, 0x000001847bdbd000, 0x000001847bdbe000, 0x000001847bdbf800,
0x000001847bdbc000, 0x000001847bdbe800, 0x000001847bdba000, 0x000001847bdc0800,
0x000001847bb7b800, 0x000001847bb82800, 0x000001847bb7c800, 0x000001847bb7f000,
0x000001847bb83000, 0x000001847bb7d800, 0x000001847bb84000, 0x000001847bb80000,
0x000001847bb80800, 0x000001847bb81800, 0x000001847bb7e000, 0x000001847bb89000
}

Java Threads: ( => current thread )
  0x000001846c45e800 JavaThread "main" [_thread_blocked, id=11384, stack(0x00000067f9d00000,0x00000067f9e00000)]
  0x00000184798c6800 JavaThread "Reference Handler" daemon [_thread_blocked, id=18732, stack(0x00000067fa400000,0x00000067fa500000)]
  0x00000184798c8000 JavaThread "Finalizer" daemon [_thread_blocked, id=908, stack(0x00000067fa500000,0x00000067fa600000)]
  0x00000184798df800 JavaThread "Signal Dispatcher" daemon [_thread_blocked, id=14668, stack(0x00000067fa600000,0x00000067fa700000)]
  0x00000184798e0800 JavaThread "Attach Listener" daemon [_thread_blocked, id=18868, stack(0x00000067fa700000,0x00000067fa800000)]
  0x00000184798e4000 JavaThread "Service Thread" daemon [_thread_blocked, id=12868, stack(0x00000067fa800000,0x00000067fa900000)]
  0x00000184798e7800 JavaThread "C2 CompilerThread0" daemon [_thread_blocked, id=15584, stack(0x00000067fa900000,0x00000067faa00000)]
  0x00000184798ed000 JavaThread "C1 CompilerThread0" daemon [_thread_blocked, id=6832, stack(0x00000067faa00000,0x00000067fab00000)]
  0x000001847a246000 JavaThread "Sweeper thread" daemon [_thread_blocked, id=13280, stack(0x00000067fab00000,0x00000067fac00000)]
  0x000001847a39d800 JavaThread "Common-Cleaner" daemon [_thread_blocked, id=12636, stack(0x00000067fac00000,0x00000067fad00000)]
  0x000001847c4b4800 JavaThread "Daemon health stats" [_thread_blocked, id=6192, stack(0x00000067fb000000,0x00000067fb100000)]
  0x000001847bb0d800 JavaThread "Incoming local TCP Connector on port 53038" [_thread_in_native, id=18144, stack(0x00000067fb100000,0x00000067fb200000)]
  0x000001847c345800 JavaThread "Daemon periodic checks" [_thread_blocked, id=10648, stack(0x00000067fb200000,0x00000067fb300000)]
  0x000001847b867000 JavaThread "Daemon" [_thread_blocked, id=15056, stack(0x00000067fb300000,0x00000067fb400000)]
  0x000001847b856800 JavaThread "Handler for socket connection from /127.0.0.1:53038 to /127.0.0.1:53039" [_thread_in_native, id=18036, stack(0x00000067fb400000,0x00000067fb500000)]
  0x000001847bcf8800 JavaThread "Cancel handler" [_thread_blocked, id=20052, stack(0x00000067fb500000,0x00000067fb600000)]
  0x000001847bcf9800 JavaThread "Daemon worker" [_thread_blocked, id=12160, stack(0x00000067fb600000,0x00000067fb700000)]
  0x000001847bcc2000 JavaThread "Asynchronous log dispatcher for DefaultDaemonConnection: socket connection from /127.0.0.1:53038 to /127.0.0.1:53039" [_thread_blocked, id=2140, stack(0x00000067fb700000,0x00000067fb800000)]
  0x000001847bcf1000 JavaThread "Stdin handler" [_thread_blocked, id=13508, stack(0x00000067fb800000,0x00000067fb900000)]
  0x000001847bdba800 JavaThread "Daemon client event forwarder" [_thread_blocked, id=10876, stack(0x00000067fb900000,0x00000067fba00000)]
  0x000001847bdbb800 JavaThread "Cache worker for journal cache (C:\Users\User\.gradle\caches\journal-1)" [_thread_blocked, id=11696, stack(0x00000067fc100000,0x00000067fc200000)]
  0x000001847bdbd000 JavaThread "File lock request listener" [_thread_in_native, id=6168, stack(0x00000067fc200000,0x00000067fc300000)]
  0x000001847bdbe000 JavaThread "Cache worker for file hash cache (C:\Users\User\.gradle\caches\7.2\fileHashes)" [_thread_blocked, id=19752, stack(0x00000067fc300000,0x00000067fc400000)]
  0x000001847bdbf800 JavaThread "File lock release action executor" [_thread_blocked, id=16884, stack(0x00000067fc500000,0x00000067fc600000)]
  0x000001847bdbc000 JavaThread "Cache worker for file hash cache (D:\Absensi-Apps-main\.gradle\7.2\fileHashes)" [_thread_blocked, id=7228, stack(0x00000067fc600000,0x00000067fc700000)]
  0x000001847bdbe800 JavaThread "File watcher server" daemon [_thread_in_native, id=17576, stack(0x00000067fc700000,0x00000067fc800000)]
  0x000001847bdba000 JavaThread "File watcher consumer" daemon [_thread_blocked, id=14832, stack(0x00000067fc800000,0x00000067fc900000)]
  0x000001847bdc0800 JavaThread "jar transforms" [_thread_blocked, id=10688, stack(0x00000067fcb00000,0x00000067fcc00000)]
  0x000001847bb7b800 JavaThread "jar transforms Thread 2" [_thread_blocked, id=8064, stack(0x00000067fcc00000,0x00000067fcd00000)]
  0x000001847bb82800 JavaThread "jar transforms Thread 3" [_thread_blocked, id=19084, stack(0x00000067fcd00000,0x00000067fce00000)]
  0x000001847bb7c800 JavaThread "jar transforms Thread 4" [_thread_blocked, id=4484, stack(0x00000067fce00000,0x00000067fcf00000)]
  0x000001847bb7f000 JavaThread "jar transforms Thread 5" [_thread_blocked, id=8628, stack(0x00000067fcf00000,0x00000067fd000000)]
  0x000001847bb83000 JavaThread "jar transforms Thread 6" [_thread_blocked, id=12496, stack(0x00000067fd000000,0x00000067fd100000)]
  0x000001847bb7d800 JavaThread "jar transforms Thread 7" [_thread_blocked, id=10032, stack(0x00000067fd100000,0x00000067fd200000)]
  0x000001847bb84000 JavaThread "jar transforms Thread 8" [_thread_blocked, id=3092, stack(0x00000067fd200000,0x00000067fd300000)]
  0x000001847bb80000 JavaThread "Cache worker for checksums cache (D:\Absensi-Apps-main\.gradle\checksums)" [_thread_blocked, id=7860, stack(0x00000067fd300000,0x00000067fd400000)]
  0x000001847bb80800 JavaThread "Cache worker for cache directory md-supplier (C:\Users\User\.gradle\caches\7.2\md-supplier)" [_thread_blocked, id=20428, stack(0x00000067fd400000,0x00000067fd500000)]
  0x000001847bb81800 JavaThread "Cache worker for cache directory md-rule (C:\Users\User\.gradle\caches\7.2\md-rule)" [_thread_blocked, id=8676, stack(0x00000067fd500000,0x00000067fd600000)]
  0x000001847bb7e000 JavaThread "Cache worker for execution history cache (C:\Users\User\.gradle\caches\7.2\executionHistory)" [_thread_blocked, id=14048, stack(0x00000067fd600000,0x00000067fd700000)]
  0x000001847bb89000 JavaThread "Cache worker for file content cache (C:\Users\User\.gradle\caches\7.2\fileContent)" [_thread_blocked, id=11236, stack(0x00000067fd700000,0x00000067fd800000)]

Other Threads:
=>0x00000184798c2000 VMThread "VM Thread" [stack: 0x00000067fa300000,0x00000067fa400000] [id=12140]
  0x000001847a3be000 WatcherThread [stack: 0x00000067fad00000,0x00000067fae00000] [id=14800]
  0x000001846c479000 GCTaskThread "GC Thread#0" [stack: 0x00000067f9e00000,0x00000067f9f00000] [id=17476]
  0x000001847a724000 GCTaskThread "GC Thread#1" [stack: 0x00000067fae00000,0x00000067faf00000] [id=4200]
  0x000001847ac80800 GCTaskThread "GC Thread#2" [stack: 0x00000067faf00000,0x00000067fb000000] [id=4164]
  0x000001847bd7d000 GCTaskThread "GC Thread#3" [stack: 0x00000067fba00000,0x00000067fbb00000] [id=7984]
  0x000001847bd69800 GCTaskThread "GC Thread#4" [stack: 0x00000067fbb00000,0x00000067fbc00000] [id=17152]
  0x000001847c246000 GCTaskThread "GC Thread#5" [stack: 0x00000067fbc00000,0x00000067fbd00000] [id=16420]
  0x000001847c616000 GCTaskThread "GC Thread#6" [stack: 0x00000067fbd00000,0x00000067fbe00000] [id=15768]
  0x000001847c1de800 GCTaskThread "GC Thread#7" [stack: 0x00000067fbe00000,0x00000067fbf00000] [id=13804]
  0x000001846c4ac800 ConcurrentGCThread "G1 Main Marker" [stack: 0x00000067f9f00000,0x00000067fa000000] [id=16640]
  0x000001846c4ad800 ConcurrentGCThread "G1 Conc#0" [stack: 0x00000067fa000000,0x00000067fa100000] [id=6288]
  0x000001847c742000 ConcurrentGCThread "G1 Conc#1" [stack: 0x00000067fc400000,0x00000067fc500000] [id=10164]
  0x0000018479711800 ConcurrentGCThread "G1 Refine#0" [stack: 0x00000067fa100000,0x00000067fa200000] [id=1044]
  0x000001847af77800 ConcurrentGCThread "G1 Refine#1" [stack: 0x00000067fbf00000,0x00000067fc000000] [id=15536]
  0x000001847c2ae800 ConcurrentGCThread "G1 Refine#2" [stack: 0x00000067fc000000,0x00000067fc100000] [id=15368]
  0x0000018479712000 ConcurrentGCThread "G1 Young RemSet Sampling" [stack: 0x00000067fa200000,0x00000067fa300000] [id=3524]

Threads with active compile tasks:
C2 CompilerThread0    63038 5062 %     4       org.objectweb.asm.ClassReader::readCode @ 2185 (5109 bytes)

VM state:at safepoint (normal execution)

VM Mutex/Monitor currently owned by a thread:  ([mutex/lock_event])
[0x000001846c45a690] Threads_lock - owner thread: 0x00000184798c2000
[0x000001846c45a450] Heap_lock - owner thread: 0x000001847bb7b800

Heap address: 0x0000000080000000, size: 2048 MB, Compressed Oops mode: 32-bit
Narrow klass base: 0x0000000000000000, Narrow klass shift: 3
Compressed class space size: 1073741824 Address: 0x0000000100000000

Heap:
 garbage-first heap   total 187392K, used 76907K [0x0000000080000000, 0x0000000100000000)
  region size 1024K, 3 young (3072K), 3 survivors (3072K)
 Metaspace       used 48384K, capacity 49634K, committed 49840K, reserved 1093632K
  class space    used 6130K, capacity 6596K, committed 6656K, reserved 1048576K
Heap Regions: E=young(eden), S=young(survivor), O=old, HS=humongous(starts), HC=humongous(continues), CS=collection set, F=free, A=archive, TAMS=top-at-mark-start (previous, next)
|   0|0x0000000080000000, 0x00000000800ffff8, 0x0000000080100000| 99%| O|  |TAMS 0x00000000800ffff8, 0x00000000800ffff8| Untracked 
|   1|0x0000000080100000, 0x0000000080200000, 0x0000000080200000|100%| O|  |TAMS 0x0000000080200000, 0x0000000080200000| Untracked 
|   2|0x0000000080200000, 0x0000000080300000, 0x0000000080300000|100%| O|  |TAMS 0x0000000080300000, 0x0000000080300000| Untracked 
|   3|0x0000000080300000, 0x0000000080400000, 0x0000000080400000|100%|HS|  |TAMS 0x0000000080400000, 0x0000000080400000| Complete 
|   4|0x0000000080400000, 0x0000000080500000, 0x0000000080500000|100%|HC|  |TAMS 0x0000000080500000, 0x0000000080500000| Complete 
|   5|0x0000000080500000, 0x0000000080600000, 0x0000000080600000|100%|HC|  |TAMS 0x0000000080600000, 0x0000000080600000| Complete 
|   6|0x0000000080600000, 0x0000000080700000, 0x0000000080700000|100%| O|  |TAMS 0x0000000080700000, 0x0000000080700000| Untracked 
|   7|0x0000000080700000, 0x0000000080800000, 0x0000000080800000|100%| O|  |TAMS 0x0000000080800000, 0x0000000080800000| Untracked 
|   8|0x0000000080800000, 0x0000000080900000, 0x0000000080900000|100%| O|  |TAMS 0x0000000080900000, 0x0000000080900000| Untracked 
|   9|0x0000000080900000, 0x0000000080a00000, 0x0000000080a00000|100%| O|  |TAMS 0x0000000080a00000, 0x0000000080a00000| Untracked 
|  10|0x0000000080a00000, 0x0000000080b00000, 0x0000000080b00000|100%| O|  |TAMS 0x0000000080b00000, 0x0000000080b00000| Untracked 
|  11|0x0000000080b00000, 0x0000000080c00000, 0x0000000080c00000|100%| O|  |TAMS 0x0000000080c00000, 0x0000000080c00000| Untracked 
|  12|0x0000000080c00000, 0x0000000080d00000, 0x0000000080d00000|100%| O|  |TAMS 0x0000000080d00000, 0x0000000080d00000| Untracked 
|  13|0x0000000080d00000, 0x0000000080e00000, 0x0000000080e00000|100%| O|  |TAMS 0x0000000080e00000, 0x0000000080e00000| Untracked 
|  14|0x0000000080e00000, 0x0000000080f00000, 0x0000000080f00000|100%| O|  |TAMS 0x0000000080f00000, 0x0000000080f00000| Untracked 
|  15|0x0000000080f00000, 0x0000000081000000, 0x0000000081000000|100%| O|  |TAMS 0x0000000081000000, 0x0000000081000000| Untracked 
|  16|0x0000000081000000, 0x0000000081100000, 0x0000000081100000|100%| O|  |TAMS 0x0000000081100000, 0x0000000081100000| Untracked 
|  17|0x0000000081100000, 0x0000000081200000, 0x0000000081200000|100%|HS|  |TAMS 0x0000000081200000, 0x0000000081200000| Complete 
|  18|0x0000000081200000, 0x0000000081300000, 0x0000000081300000|100%|HC|  |TAMS 0x0000000081300000, 0x0000000081300000| Complete 
|  19|0x0000000081300000, 0x0000000081400000, 0x0000000081400000|100%|HS|  |TAMS 0x0000000081400000, 0x0000000081400000| Complete 
|  20|0x0000000081400000, 0x0000000081500000, 0x0000000081500000|100%|HC|  |TAMS 0x0000000081500000, 0x0000000081500000| Complete 
|  21|0x0000000081500000, 0x0000000081600000, 0x0000000081600000|100%|HC|  |TAMS 0x0000000081600000, 0x0000000081600000| Complete 
|  22|0x0000000081600000, 0x0000000081700000, 0x0000000081700000|100%|HS|  |TAMS 0x0000000081700000, 0x0000000081700000| Complete 
|  23|0x0000000081700000, 0x0000000081800000, 0x0000000081800000|100%|HC|  |TAMS 0x0000000081800000, 0x0000000081800000| Complete 
|  24|0x0000000081800000, 0x0000000081900000, 0x0000000081900000|100%|HC|  |TAMS 0x0000000081900000, 0x0000000081900000| Complete 
|  25|0x0000000081900000, 0x0000000081a00000, 0x0000000081a00000|100%|HS|  |TAMS 0x0000000081a00000, 0x0000000081a00000| Complete 
|  26|0x0000000081a00000, 0x0000000081b00000, 0x0000000081b00000|100%|HC|  |TAMS 0x0000000081b00000, 0x0000000081b00000| Complete 
|  27|0x0000000081b00000, 0x0000000081c00000, 0x0000000081c00000|100%|HS|  |TAMS 0x0000000081c00000, 0x0000000081c00000| Complete 
|  28|0x0000000081c00000, 0x0000000081d00000, 0x0000000081d00000|100%|HC|  |TAMS 0x0000000081d00000, 0x0000000081d00000| Complete 
|  29|0x0000000081d00000, 0x0000000081e00000, 0x0000000081e00000|100%|HC|  |TAMS 0x0000000081e00000, 0x0000000081e00000| Complete 
|  30|0x0000000081e00000, 0x0000000081f00000, 0x0000000081f00000|100%|HC|  |TAMS 0x0000000081f00000, 0x0000000081f00000| Complete 
|  31|0x0000000081f00000, 0x0000000082000000, 0x0000000082000000|100%|HC|  |TAMS 0x0000000082000000, 0x0000000082000000| Complete 
|  32|0x0000000082000000, 0x0000000082100000, 0x0000000082100000|100%|HS|  |TAMS 0x0000000082100000, 0x0000000082100000| Complete 
|  33|0x0000000082100000, 0x0000000082200000, 0x0000000082200000|100%|HC|  |TAMS 0x0000000082200000, 0x0000000082200000| Complete 
|  34|0x0000000082200000, 0x0000000082300000, 0x0000000082300000|100%|HC|  |TAMS 0x0000000082300000, 0x0000000082300000| Complete 
|  35|0x0000000082300000, 0x0000000082400000, 0x0000000082400000|100%|HC|  |TAMS 0x0000000082400000, 0x0000000082400000| Complete 
|  36|0x0000000082400000, 0x0000000082500000, 0x0000000082500000|100%|HC|  |TAMS 0x0000000082500000, 0x0000000082500000| Complete 
|  37|0x0000000082500000, 0x0000000082600000, 0x0000000082600000|100%|HC|  |TAMS 0x0000000082600000, 0x0000000082600000| Complete 
|  38|0x0000000082600000, 0x0000000082700000, 0x0000000082700000|100%|HC|  |TAMS 0x0000000082700000, 0x0000000082700000| Complete 
|  39|0x0000000082700000, 0x0000000082800000, 0x0000000082800000|100%|HC|  |TAMS 0x0000000082800000, 0x0000000082800000| Complete 
|  40|0x0000000082800000, 0x0000000082900000, 0x0000000082900000|100%|HC|  |TAMS 0x0000000082900000, 0x0000000082900000| Complete 
|  41|0x0000000082900000, 0x0000000082a00000, 0x0000000082a00000|100%|HC|  |TAMS 0x0000000082a00000, 0x0000000082a00000| Complete 
|  42|0x0000000082a00000, 0x0000000082b00000, 0x0000000082b00000|100%|HS|  |TAMS 0x0000000082b00000, 0x0000000082b00000| Complete 
|  43|0x0000000082b00000, 0x0000000082c00000, 0x0000000082c00000|100%|HC|  |TAMS 0x0000000082c00000, 0x0000000082c00000| Complete 
|  44|0x0000000082c00000, 0x0000000082d00000, 0x0000000082d00000|100%| O|  |TAMS 0x0000000082d00000, 0x0000000082d00000| Untracked 
|  45|0x0000000082d00000, 0x0000000082e00000, 0x0000000082e00000|100%| O|  |TAMS 0x0000000082e00000, 0x0000000082e00000| Untracked 
|  46|0x0000000082e00000, 0x0000000082f00000, 0x0000000082f00000|100%| O|  |TAMS 0x0000000082f00000, 0x0000000082f00000| Untracked 
|  47|0x0000000082f00000, 0x0000000083000000, 0x0000000083000000|100%| O|  |TAMS 0x0000000083000000, 0x0000000083000000| Untracked 
|  48|0x0000000083000000, 0x0000000083100000, 0x0000000083100000|100%| O|  |TAMS 0x0000000083100000, 0x0000000083100000| Untracked 
|  49|0x0000000083100000, 0x0000000083200000, 0x0000000083200000|100%| O|  |TAMS 0x0000000083200000, 0x0000000083200000| Untracked 
|  50|0x0000000083200000, 0x0000000083300000, 0x0000000083300000|100%| O|  |TAMS 0x0000000083300000, 0x0000000083300000| Untracked 
|  51|0x0000000083300000, 0x0000000083400000, 0x0000000083400000|100%| O|  |TAMS 0x0000000083400000, 0x0000000083400000| Untracked 
|  52|0x0000000083400000, 0x0000000083500000, 0x0000000083500000|100%| O|  |TAMS 0x0000000083500000, 0x0000000083500000| Untracked 
|  53|0x0000000083500000, 0x0000000083600000, 0x0000000083600000|100%| O|  |TAMS 0x0000000083600000, 0x0000000083600000| Untracked 
|  54|0x0000000083600000, 0x0000000083700000, 0x0000000083700000|100%|HS|  |TAMS 0x0000000083700000, 0x0000000083700000| Complete 
|  55|0x0000000083700000, 0x0000000083800000, 0x0000000083800000|100%|HC|  |TAMS 0x0000000083800000, 0x0000000083800000| Complete 
|  56|0x0000000083800000, 0x0000000083900000, 0x0000000083900000|100%| O|  |TAMS 0x0000000083900000, 0x0000000083900000| Untracked 
|  57|0x0000000083900000, 0x0000000083a00000, 0x0000000083a00000|100%| O|  |TAMS 0x0000000083a00000, 0x0000000083a00000| Untracked 
|  58|0x0000000083a00000, 0x0000000083b00000, 0x0000000083b00000|100%| O|  |TAMS 0x0000000083b00000, 0x0000000083b00000| Untracked 
|  59|0x0000000083b00000, 0x0000000083c00000, 0x0000000083c00000|100%| O|  |TAMS 0x0000000083c00000, 0x0000000083c00000| Untracked 
|  60|0x0000000083c00000, 0x0000000083d00000, 0x0000000083d00000|100%| O|  |TAMS 0x0000000083d00000, 0x0000000083d00000| Untracked 
|  61|0x0000000083d00000, 0x0000000083e00000, 0x0000000083e00000|100%| O|  |TAMS 0x0000000083e00000, 0x0000000083e00000| Untracked 
|  62|0x0000000083e00000, 0x0000000083f00000, 0x0000000083f00000|100%|HS|  |TAMS 0x0000000083f00000, 0x0000000083f00000| Complete 
|  63|0x0000000083f00000, 0x0000000084000000, 0x0000000084000000|100%|HC|  |TAMS 0x0000000084000000, 0x0000000084000000| Complete 
|  64|0x0000000084000000, 0x0000000084100000, 0x0000000084100000|100%|HC|  |TAMS 0x0000000084100000, 0x0000000084100000| Complete 
|  65|0x0000000084100000, 0x0000000084200000, 0x0000000084200000|100%|HC|  |TAMS 0x0000000084200000, 0x0000000084200000| Complete 
|  66|0x0000000084200000, 0x0000000084300000, 0x0000000084300000|100%|HC|  |TAMS 0x0000000084300000, 0x0000000084300000| Complete 
|  67|0x0000000084300000, 0x0000000084400000, 0x0000000084400000|100%| O|  |TAMS 0x0000000084400000, 0x0000000084400000| Untracked 
|  68|0x0000000084400000, 0x0000000084400000, 0x0000000084500000|  0%| F|  |TAMS 0x0000000084400000, 0x0000000084400000| Untracked 
|  69|0x0000000084500000, 0x0000000084600000, 0x0000000084600000|100%| O|  |TAMS 0x0000000084600000, 0x0000000084600000| Untracked 
|  70|0x0000000084600000, 0x0000000084700000, 0x0000000084700000|100%| O|  |TAMS 0x0000000084700000, 0x0000000084700000| Untracked 
|  71|0x0000000084700000, 0x0000000084800000, 0x0000000084800000|100%| O|  |TAMS 0x0000000084800000, 0x0000000084800000| Untracked 
|  72|0x0000000084800000, 0x0000000084900000, 0x0000000084900000|100%| O|  |TAMS 0x0000000084900000, 0x0000000084900000| Untracked 
|  73|0x0000000084900000, 0x0000000084900000, 0x0000000084a00000|  0%| F|  |TAMS 0x0000000084900000, 0x0000000084900000| Untracked 
|  74|0x0000000084a00000, 0x0000000084a33c00, 0x0000000084b00000| 20%| O|  |TAMS 0x0000000084a33c00, 0x0000000084a33c00| Untracked 
|  75|0x0000000084b00000, 0x0000000084b00000, 0x0000000084c00000|  0%| F|  |TAMS 0x0000000084b00000, 0x0000000084b00000| Untracked 
|  76|0x0000000084c00000, 0x0000000084c00000, 0x0000000084d00000|  0%| F|  |TAMS 0x0000000084c00000, 0x0000000084c00000| Untracked 
|  77|0x0000000084d00000, 0x0000000084d00000, 0x0000000084e00000|  0%| F|  |TAMS 0x0000000084d00000, 0x0000000084d00000| Untracked 
|  78|0x0000000084e00000, 0x0000000084e00000, 0x0000000084f00000|  0%| F|  |TAMS 0x0000000084e00000, 0x0000000084e00000| Untracked 
|  79|0x0000000084f00000, 0x0000000084f00000, 0x0000000085000000|  0%| F|  |TAMS 0x0000000084f00000, 0x0000000084f00000| Untracked 
|  80|0x0000000085000000, 0x0000000085000000, 0x0000000085100000|  0%| F|  |TAMS 0x0000000085000000, 0x0000000085000000| Untracked 
|  81|0x0000000085100000, 0x0000000085100000, 0x0000000085200000|  0%| F|  |TAMS 0x0000000085100000, 0x0000000085100000| Untracked 
|  82|0x0000000085200000, 0x0000000085200000, 0x0000000085300000|  0%| F|  |TAMS 0x0000000085200000, 0x0000000085200000| Untracked 
|  83|0x0000000085300000, 0x0000000085300000, 0x0000000085400000|  0%| F|  |TAMS 0x0000000085300000, 0x0000000085300000| Untracked 
|  84|0x0000000085400000, 0x0000000085400000, 0x0000000085500000|  0%| F|  |TAMS 0x0000000085400000, 0x0000000085400000| Untracked 
|  85|0x0000000085500000, 0x0000000085500000, 0x0000000085600000|  0%| F|  |TAMS 0x0000000085500000, 0x0000000085500000| Untracked 
|  86|0x0000000085600000, 0x0000000085600000, 0x0000000085700000|  0%| F|  |TAMS 0x0000000085600000, 0x0000000085600000| Untracked 
|  87|0x0000000085700000, 0x0000000085700000, 0x0000000085800000|  0%| F|  |TAMS 0x0000000085700000, 0x0000000085700000| Untracked 
|  88|0x0000000085800000, 0x0000000085800000, 0x0000000085900000|  0%| F|  |TAMS 0x0000000085800000, 0x0000000085800000| Untracked 
|  89|0x0000000085900000, 0x0000000085900000, 0x0000000085a00000|  0%| F|  |TAMS 0x0000000085900000, 0x0000000085900000| Untracked 
|  90|0x0000000085a00000, 0x0000000085a00000, 0x0000000085b00000|  0%| F|  |TAMS 0x0000000085a00000, 0x0000000085a00000| Untracked 
|  91|0x0000000085b00000, 0x0000000085b00000, 0x0000000085c00000|  0%| F|  |TAMS 0x0000000085b00000, 0x0000000085b00000| Untracked 
|  92|0x0000000085c00000, 0x0000000085c00000, 0x0000000085d00000|  0%| F|  |TAMS 0x0000000085c00000, 0x0000000085c00000| Untracked 
|  93|0x0000000085d00000, 0x0000000085d00000, 0x0000000085e00000|  0%| F|  |TAMS 0x0000000085d00000, 0x0000000085d00000| Untracked 
|  94|0x0000000085e00000, 0x0000000085e00000, 0x0000000085f00000|  0%| F|  |TAMS 0x0000000085e00000, 0x0000000085e00000| Untracked 
|  95|0x0000000085f00000, 0x0000000085f00000, 0x0000000086000000|  0%| F|  |TAMS 0x0000000085f00000, 0x0000000085f00000| Untracked 
|  96|0x0000000086000000, 0x0000000086000000, 0x0000000086100000|  0%| F|  |TAMS 0x0000000086000000, 0x0000000086000000| Untracked 
|  97|0x0000000086100000, 0x0000000086100000, 0x0000000086200000|  0%| F|  |TAMS 0x0000000086100000, 0x0000000086100000| Untracked 
|  98|0x0000000086200000, 0x0000000086200000, 0x0000000086300000|  0%| F|  |TAMS 0x0000000086200000, 0x0000000086200000| Untracked 
|  99|0x0000000086300000, 0x0000000086300000, 0x0000000086400000|  0%| F|  |TAMS 0x0000000086300000, 0x0000000086300000| Untracked 
| 100|0x0000000086400000, 0x0000000086400000, 0x0000000086500000|  0%| F|  |TAMS 0x0000000086400000, 0x0000000086400000| Untracked 
| 101|0x0000000086500000, 0x00000000865e7080, 0x0000000086600000| 90%| S|CS|TAMS 0x0000000086500000, 0x0000000086500000| Complete 
| 102|0x0000000086600000, 0x0000000086700000, 0x0000000086700000|100%| S|CS|TAMS 0x0000000086600000, 0x0000000086600000| Complete 
| 103|0x0000000086700000, 0x0000000086700000, 0x0000000086800000|  0%| F|  |TAMS 0x0000000086700000, 0x0000000086700000| Untracked 
| 104|0x0000000086800000, 0x0000000086800000, 0x0000000086900000|  0%| F|  |TAMS 0x0000000086800000, 0x0000000086800000| Untracked 
| 105|0x0000000086900000, 0x0000000086a00000, 0x0000000086a00000|100%| S|CS|TAMS 0x0000000086900000, 0x0000000086900000| Complete 
| 106|0x0000000086a00000, 0x0000000086a00000, 0x0000000086b00000|  0%| F|  |TAMS 0x0000000086a00000, 0x0000000086a00000| Untracked 
| 107|0x0000000086b00000, 0x0000000086b00000, 0x0000000086c00000|  0%| F|  |TAMS 0x0000000086b00000, 0x0000000086b00000| Untracked 
| 108|0x0000000086c00000, 0x0000000086c00000, 0x0000000086d00000|  0%| F|  |TAMS 0x0000000086c00000, 0x0000000086c00000| Untracked 
| 109|0x0000000086d00000, 0x0000000086d00000, 0x0000000086e00000|  0%| F|  |TAMS 0x0000000086d00000, 0x0000000086d00000| Untracked 
| 110|0x0000000086e00000, 0x0000000086e00000, 0x0000000086f00000|  0%| F|  |TAMS 0x0000000086e00000, 0x0000000086e00000| Untracked 
| 111|0x0000000086f00000, 0x0000000086f00000, 0x0000000087000000|  0%| F|  |TAMS 0x0000000086f00000, 0x0000000086f00000| Untracked 
| 112|0x0000000087000000, 0x0000000087000000, 0x0000000087100000|  0%| F|  |TAMS 0x0000000087000000, 0x0000000087000000| Untracked 
| 113|0x0000000087100000, 0x0000000087100000, 0x0000000087200000|  0%| F|  |TAMS 0x0000000087100000, 0x0000000087100000| Untracked 
| 114|0x0000000087200000, 0x0000000087200000, 0x0000000087300000|  0%| F|  |TAMS 0x0000000087200000, 0x0000000087200000| Untracked 
| 115|0x0000000087300000, 0x0000000087300000, 0x0000000087400000|  0%| F|  |TAMS 0x0000000087300000, 0x0000000087300000| Untracked 
| 116|0x0000000087400000, 0x0000000087400000, 0x0000000087500000|  0%| F|  |TAMS 0x0000000087400000, 0x0000000087400000| Untracked 
| 117|0x0000000087500000, 0x0000000087500000, 0x0000000087600000|  0%| F|  |TAMS 0x0000000087500000, 0x0000000087500000| Untracked 
| 118|0x0000000087600000, 0x0000000087600000, 0x0000000087700000|  0%| F|  |TAMS 0x0000000087600000, 0x0000000087600000| Untracked 
| 119|0x0000000087700000, 0x0000000087700000, 0x0000000087800000|  0%| F|  |TAMS 0x0000000087700000, 0x0000000087700000| Untracked 
| 120|0x0000000087800000, 0x0000000087800000, 0x0000000087900000|  0%| F|  |TAMS 0x0000000087800000, 0x0000000087800000| Untracked 
| 121|0x0000000087900000, 0x0000000087900000, 0x0000000087a00000|  0%| F|  |TAMS 0x0000000087900000, 0x0000000087900000| Untracked 
| 122|0x0000000087a00000, 0x0000000087a00000, 0x0000000087b00000|  0%| F|  |TAMS 0x0000000087a00000, 0x0000000087a00000| Untracked 
| 123|0x0000000087b00000, 0x0000000087b00000, 0x0000000087c00000|  0%| F|  |TAMS 0x0000000087b00000, 0x0000000087b00000| Untracked 
| 124|0x0000000087c00000, 0x0000000087c00000, 0x0000000087d00000|  0%| F|  |TAMS 0x0000000087c00000, 0x0000000087c00000| Untracked 
| 125|0x0000000087d00000, 0x0000000087d00000, 0x0000000087e00000|  0%| F|  |TAMS 0x0000000087d00000, 0x0000000087d00000| Untracked 
| 126|0x0000000087e00000, 0x0000000087e00000, 0x0000000087f00000|  0%| F|  |TAMS 0x0000000087e00000, 0x0000000087e00000| Untracked 
| 127|0x0000000087f00000, 0x0000000087f00000, 0x0000000088000000|  0%| F|  |TAMS 0x0000000087f00000, 0x0000000087f00000| Untracked 
| 128|0x0000000088000000, 0x0000000088000000, 0x0000000088100000|  0%| F|  |TAMS 0x0000000088000000, 0x0000000088000000| Untracked 
| 129|0x0000000088100000, 0x0000000088100000, 0x0000000088200000|  0%| F|  |TAMS 0x0000000088100000, 0x0000000088100000| Untracked 
| 130|0x0000000088200000, 0x0000000088200000, 0x0000000088300000|  0%| F|  |TAMS 0x0000000088200000, 0x0000000088200000| Untracked 
| 131|0x0000000088300000, 0x0000000088300000, 0x0000000088400000|  0%| F|  |TAMS 0x0000000088300000, 0x0000000088300000| Untracked 
| 132|0x0000000088400000, 0x0000000088400000, 0x0000000088500000|  0%| F|  |TAMS 0x0000000088400000, 0x0000000088400000| Untracked 
| 133|0x0000000088500000, 0x0000000088500000, 0x0000000088600000|  0%| F|  |TAMS 0x0000000088500000, 0x0000000088500000| Untracked 
| 134|0x0000000088600000, 0x0000000088600000, 0x0000000088700000|  0%| F|  |TAMS 0x0000000088600000, 0x0000000088600000| Untracked 
| 135|0x0000000088700000, 0x0000000088700000, 0x0000000088800000|  0%| F|  |TAMS 0x0000000088700000, 0x0000000088700000| Untracked 
| 136|0x0000000088800000, 0x0000000088800000, 0x0000000088900000|  0%| F|  |TAMS 0x0000000088800000, 0x0000000088800000| Untracked 
| 137|0x0000000088900000, 0x0000000088900000, 0x0000000088a00000|  0%| F|  |TAMS 0x0000000088900000, 0x0000000088900000| Untracked 
| 138|0x0000000088a00000, 0x0000000088a00000, 0x0000000088b00000|  0%| F|  |TAMS 0x0000000088a00000, 0x0000000088a00000| Untracked 
| 139|0x0000000088b00000, 0x0000000088b00000, 0x0000000088c00000|  0%| F|  |TAMS 0x0000000088b00000, 0x0000000088b00000| Untracked 
| 140|0x0000000088c00000, 0x0000000088c00000, 0x0000000088d00000|  0%| F|  |TAMS 0x0000000088c00000, 0x0000000088c00000| Untracked 
| 141|0x0000000088d00000, 0x0000000088d00000, 0x0000000088e00000|  0%| F|  |TAMS 0x0000000088d00000, 0x0000000088d00000| Untracked 
| 142|0x0000000088e00000, 0x0000000088e00000, 0x0000000088f00000|  0%| F|  |TAMS 0x0000000088e00000, 0x0000000088e00000| Untracked 
| 143|0x0000000088f00000, 0x0000000088f00000, 0x0000000089000000|  0%| F|  |TAMS 0x0000000088f00000, 0x0000000088f00000| Untracked 
| 144|0x0000000089000000, 0x0000000089000000, 0x0000000089100000|  0%| F|  |TAMS 0x0000000089000000, 0x0000000089000000| Untracked 
| 145|0x0000000089100000, 0x0000000089100000, 0x0000000089200000|  0%| F|  |TAMS 0x0000000089100000, 0x0000000089100000| Untracked 
| 146|0x0000000089200000, 0x0000000089200000, 0x0000000089300000|  0%| F|  |TAMS 0x0000000089200000, 0x0000000089200000| Untracked 
| 147|0x0000000089300000, 0x0000000089300000, 0x0000000089400000|  0%| F|  |TAMS 0x0000000089300000, 0x0000000089300000| Untracked 
| 148|0x0000000089400000, 0x0000000089400000, 0x0000000089500000|  0%| F|  |TAMS 0x0000000089400000, 0x0000000089400000| Untracked 
| 149|0x0000000089500000, 0x0000000089500000, 0x0000000089600000|  0%| F|  |TAMS 0x0000000089500000, 0x0000000089500000| Untracked 
| 150|0x0000000089600000, 0x0000000089600000, 0x0000000089700000|  0%| F|  |TAMS 0x0000000089600000, 0x0000000089600000| Untracked 
| 151|0x0000000089700000, 0x0000000089700000, 0x0000000089800000|  0%| F|  |TAMS 0x0000000089700000, 0x0000000089700000| Untracked 

Card table byte_map: [0x00000184725d0000,0x00000184729d0000] _byte_map_base: 0x00000184721d0000

Marking Bits (Prev, Next): (CMBitMap*) 0x000001846c4a3b70, (CMBitMap*) 0x000001846c4a3b38
 Prev Bits: [0x0000018474dd0000, 0x0000018476dd0000)
 Next Bits: [0x0000018472dd0000, 0x0000018474dd0000)

Polling page: 0x0000018471730000

Metaspace:

Usage:
  Non-class:     42.03 MB capacity,    41.26 MB ( 98%) used,   660.12 KB (  2%) free+waste,   123.19 KB ( <1%) overhead. 
      Class:      6.44 MB capacity,     5.99 MB ( 93%) used,   407.24 KB (  6%) free+waste,    58.69 KB ( <1%) overhead. 
       Both:     48.47 MB capacity,    47.25 MB ( 97%) used,     1.04 MB (  2%) free+waste,   181.88 KB ( <1%) overhead. 

Virtual space:
  Non-class space:       44.00 MB reserved,      42.17 MB ( 96%) committed 
      Class space:        1.00 GB reserved,       6.50 MB ( <1%) committed 
             Both:        1.04 GB reserved,      48.67 MB (  5%) committed 

Chunk freelists:
   Non-Class:  18.00 KB
       Class:  28.00 KB
        Both:  46.00 KB

MaxMetaspaceSize: 17179869184.00 GB
CompressedClassSpaceSize: 1.00 GB
Initial GC threshold: 20.80 MB
Current GC threshold: 81.12 MB
CDS: off

CodeHeap 'non-profiled nmethods': size=120000Kb used=2234Kb max_used=2234Kb free=117765Kb
 bounds [0x0000018407ad0000, 0x0000018407d40000, 0x000001840f000000]
CodeHeap 'profiled nmethods': size=120000Kb used=11458Kb max_used=11458Kb free=108541Kb
 bounds [0x00000184005a0000, 0x00000184010e0000, 0x0000018407ad0000]
CodeHeap 'non-nmethods': size=5760Kb used=2293Kb max_used=2339Kb free=3466Kb
 bounds [0x0000018400000000, 0x0000018400270000, 0x00000184005a0000]
 total_blobs=5758 nmethods=4966 adapters=704
 compilation: enabled
              stopped_count=0, restarted_count=0
 full_count=0

Compilation events (20 events):
Event: 62.667 Thread 0x00000184798ed000 5083       3       org.objectweb.asm.AnnotationWriter::computeParameterAnnotationsSize (51 bytes)
Event: 62.668 Thread 0x00000184798ed000 nmethod 5083 0x00000184010b5890 code [0x00000184010b5a60, 0x00000184010b5ce8]
Event: 62.681 Thread 0x00000184798ed000 5084       2       org.objectweb.asm.ClassVisitor::visitTypeAnnotation (41 bytes)
Event: 62.682 Thread 0x00000184798ed000 nmethod 5084 0x00000184010b5e90 code [0x00000184010b6060, 0x00000184010b6278]
Event: 62.684 Thread 0x00000184798ed000 5085       3       org.objectweb.asm.Type::hashCode (68 bytes)
Event: 62.685 Thread 0x00000184798ed000 nmethod 5085 0x00000184010b6390 code [0x00000184010b65c0, 0x00000184010b6cf8]
Event: 62.868 Thread 0x00000184798ed000 5089 %     3       java.util.StringTokenizer::setMaxDelimCodePoint @ 20 (156 bytes)
Event: 62.870 Thread 0x00000184798ed000 nmethod 5089% 0x00000184010b7010 code [0x00000184010b72a0, 0x00000184010b8058]
Event: 62.870 Thread 0x00000184798ed000 5090 %     3       org.objectweb.asm.ClassReader::readField @ 76 (667 bytes)
Event: 62.875 Thread 0x00000184798ed000 nmethod 5090% 0x00000184010b8590 code [0x00000184010b8b40, 0x00000184010bbed8]
Event: 62.895 Thread 0x00000184798ed000 5091       3       org.objectweb.asm.ClassReader::readField (667 bytes)
Event: 62.899 Thread 0x00000184798ed000 nmethod 5091 0x00000184010bd890 code [0x00000184010bde20, 0x00000184010c0e38]
Event: 62.900 Thread 0x00000184798ed000 5092       2       org.objectweb.asm.AnnotationWriter::visitEnum (63 bytes)
Event: 62.900 Thread 0x00000184798ed000 nmethod 5092 0x00000184010c2690 code [0x00000184010c2880, 0x00000184010c2ab8]
Event: 62.945 Thread 0x00000184798ed000 5093       2       org.objectweb.asm.ClassWriter::visitTypeAnnotation (45 bytes)
Event: 62.945 Thread 0x00000184798ed000 nmethod 5093 0x00000184010c2d10 code [0x00000184010c2ee0, 0x00000184010c30f8]
Event: 62.953 Thread 0x00000184798ed000 5094 %     3       org.objectweb.asm.AnnotationWriter::visit @ 619 (935 bytes)
Event: 62.957 Thread 0x00000184798ed000 nmethod 5094% 0x00000184010c3210 code [0x00000184010c3900, 0x00000184010c77b8]
Event: 62.963 Thread 0x00000184798ed000 5095 %     3       org.objectweb.asm.ClassReader::readElementValue @ 980 (1237 bytes)
Event: 62.969 Thread 0x00000184798ed000 nmethod 5095% 0x00000184010c8f10 code [0x00000184010c96e0, 0x00000184010ce7a8]

GC Heap History (20 events):
Event: 61.515 GC heap after
{Heap after GC invocations=21 (full 0):
 garbage-first heap   total 129024K, used 74936K [0x0000000080000000, 0x0000000100000000)
  region size 1024K, 5 young (5120K), 5 survivors (5120K)
 Metaspace       used 48369K, capacity 49634K, committed 49840K, reserved 1093632K
  class space    used 6129K, capacity 6596K, committed 6656K, reserved 1048576K
}
Event: 61.634 GC heap before
{Heap before GC invocations=22 (full 0):
 garbage-first heap   total 129024K, used 105656K [0x0000000080000000, 0x0000000100000000)
  region size 1024K, 34 young (34816K), 5 survivors (5120K)
 Metaspace       used 48374K, capacity 49634K, committed 49840K, reserved 1093632K
  class space    used 6129K, capacity 6596K, committed 6656K, reserved 1048576K
}
Event: 61.639 GC heap after
{Heap after GC invocations=23 (full 0):
 garbage-first heap   total 129024K, used 75444K [0x0000000080000000, 0x0000000100000000)
  region size 1024K, 1 young (1024K), 1 survivors (1024K)
 Metaspace       used 48374K, capacity 49634K, committed 49840K, reserved 1093632K
  class space    used 6129K, capacity 6596K, committed 6656K, reserved 1048576K
}
Event: 61.729 GC heap before
{Heap before GC invocations=23 (full 0):
 garbage-first heap   total 129024K, used 105140K [0x0000000080000000, 0x0000000100000000)
  region size 1024K, 30 young (30720K), 1 survivors (1024K)
 Metaspace       used 48376K, capacity 49634K, committed 49840K, reserved 1093632K
  class space    used 6129K, capacity 6596K, committed 6656K, reserved 1048576K
}
Event: 61.730 GC heap after
{Heap after GC invocations=24 (full 0):
 garbage-first heap   total 129024K, used 75532K [0x0000000080000000, 0x0000000100000000)
  region size 1024K, 1 young (1024K), 1 survivors (1024K)
 Metaspace       used 48376K, capacity 49634K, committed 49840K, reserved 1093632K
  class space    used 6129K, capacity 6596K, committed 6656K, reserved 1048576K
}
Event: 61.879 GC heap before
{Heap before GC invocations=25 (full 0):
 garbage-first heap   total 129024K, used 105228K [0x0000000080000000, 0x0000000100000000)
  region size 1024K, 31 young (31744K), 1 survivors (1024K)
 Metaspace       used 48376K, capacity 49634K, committed 49840K, reserved 1093632K
  class space    used 6129K, capacity 6596K, committed 6656K, reserved 1048576K
}
Event: 61.881 GC heap after
{Heap after GC invocations=26 (full 0):
 garbage-first heap   total 129024K, used 74824K [0x0000000080000000, 0x0000000100000000)
  region size 1024K, 1 young (1024K), 1 survivors (1024K)
 Metaspace       used 48376K, capacity 49634K, committed 49840K, reserved 1093632K
  class space    used 6129K, capacity 6596K, committed 6656K, reserved 1048576K
}
Event: 62.023 GC heap before
{Heap before GC invocations=26 (full 0):
 garbage-first heap   total 129024K, used 106568K [0x0000000080000000, 0x0000000100000000)
  region size 1024K, 32 young (32768K), 1 survivors (1024K)
 Metaspace       used 48376K, capacity 49634K, committed 49840K, reserved 1093632K
  class space    used 6129K, capacity 6596K, committed 6656K, reserved 1048576K
}
Event: 62.025 GC heap after
{Heap after GC invocations=27 (full 0):
 garbage-first heap   total 129024K, used 74958K [0x0000000080000000, 0x0000000100000000)
  region size 1024K, 1 young (1024K), 1 survivors (1024K)
 Metaspace       used 48376K, capacity 49634K, committed 49840K, reserved 1093632K
  class space    used 6129K, capacity 6596K, committed 6656K, reserved 1048576K
}
Event: 62.151 GC heap before
{Heap before GC invocations=28 (full 0):
 garbage-first heap   total 129024K, used 106702K [0x0000000080000000, 0x0000000100000000)
  region size 1024K, 32 young (32768K), 1 survivors (1024K)
 Metaspace       used 48376K, capacity 49634K, committed 49840K, reserved 1093632K
  class space    used 6129K, capacity 6596K, committed 6656K, reserved 1048576K
}
Event: 62.153 GC heap after
{Heap after GC invocations=29 (full 0):
 garbage-first heap   total 129024K, used 75634K [0x0000000080000000, 0x0000000100000000)
  region size 1024K, 2 young (2048K), 2 survivors (2048K)
 Metaspace       used 48376K, capacity 49634K, committed 49840K, reserved 1093632K
  class space    used 6129K, capacity 6596K, committed 6656K, reserved 1048576K
}
Event: 62.274 GC heap before
{Heap before GC invocations=29 (full 0):
 garbage-first heap   total 129024K, used 107378K [0x0000000080000000, 0x0000000100000000)
  region size 1024K, 33 young (33792K), 2 survivors (2048K)
 Metaspace       used 48376K, capacity 49634K, committed 49840K, reserved 1093632K
  class space    used 6129K, capacity 6596K, committed 6656K, reserved 1048576K
}
Event: 62.278 GC heap after
{Heap after GC invocations=30 (full 0):
 garbage-first heap   total 155648K, used 75508K [0x0000000080000000, 0x0000000100000000)
  region size 1024K, 2 young (2048K), 2 survivors (2048K)
 Metaspace       used 48376K, capacity 49634K, committed 49840K, reserved 1093632K
  class space    used 6129K, capacity 6596K, committed 6656K, reserved 1048576K
}
Event: 62.468 GC heap before
{Heap before GC invocations=31 (full 0):
 garbage-first heap   total 155648K, used 117492K [0x0000000080000000, 0x0000000100000000)
  region size 1024K, 43 young (44032K), 2 survivors (2048K)
 Metaspace       used 48382K, capacity 49634K, committed 49840K, reserved 1093632K
  class space    used 6130K, capacity 6596K, committed 6656K, reserved 1048576K
}
Event: 62.469 GC heap after
{Heap after GC invocations=32 (full 0):
 garbage-first heap   total 155648K, used 75866K [0x0000000080000000, 0x0000000100000000)
  region size 1024K, 2 young (2048K), 2 survivors (2048K)
 Metaspace       used 48382K, capacity 49634K, committed 49840K, reserved 1093632K
  class space    used 6130K, capacity 6596K, committed 6656K, reserved 1048576K
}
Event: 62.606 GC heap before
{Heap before GC invocations=32 (full 0):
 garbage-first heap   total 155648K, used 118874K [0x0000000080000000, 0x0000000100000000)
  region size 1024K, 44 young (45056K), 2 survivors (2048K)
 Metaspace       used 48382K, capacity 49634K, committed 49840K, reserved 1093632K
  class space    used 6130K, capacity 6596K, committed 6656K, reserved 1048576K
}
Event: 62.610 GC heap after
{Heap after GC invocations=33 (full 0):
 garbage-first heap   total 155648K, used 76189K [0x0000000080000000, 0x0000000100000000)
  region size 1024K, 3 young (3072K), 3 survivors (3072K)
 Metaspace       used 48382K, capacity 49634K, committed 49840K, reserved 1093632K
  class space    used 6130K, capacity 6596K, committed 6656K, reserved 1048576K
}
Event: 62.798 GC heap before
{Heap before GC invocations=34 (full 0):
 garbage-first heap   total 155648K, used 120221K [0x0000000080000000, 0x0000000100000000)
  region size 1024K, 46 young (47104K), 3 survivors (3072K)
 Metaspace       used 48383K, capacity 49634K, committed 49840K, reserved 1093632K
  class space    used 6130K, capacity 6596K, committed 6656K, reserved 1048576K
}
Event: 62.801 GC heap after
{Heap after GC invocations=35 (full 0):
 garbage-first heap   total 155648K, used 76619K [0x0000000080000000, 0x0000000100000000)
  region size 1024K, 3 young (3072K), 3 survivors (3072K)
 Metaspace       used 48383K, capacity 49634K, committed 49840K, reserved 1093632K
  class space    used 6130K, capacity 6596K, committed 6656K, reserved 1048576K
}
Event: 62.970 GC heap before
{Heap before GC invocations=35 (full 0):
 garbage-first heap   total 155648K, used 122699K [0x0000000080000000, 0x0000000100000000)
  region size 1024K, 48 young (49152K), 3 survivors (3072K)
 Metaspace       used 48384K, capacity 49634K, committed 49840K, reserved 1093632K
  class space    used 6130K, capacity 6596K, committed 6656K, reserved 1048576K
}

Deoptimization events (20 events):
Event: 62.871 Thread 0x000001847bb7b800 DEOPT PACKING pc=0x000001840100a9f6 sp=0x00000067fccfe0d0
Event: 62.871 Thread 0x000001847bb7b800 DEOPT UNPACKING pc=0x000001840004a95e sp=0x00000067fccfd5f0 mode 0
Event: 62.882 Thread 0x000001847bb7b800 DEOPT PACKING pc=0x000001840100a9f6 sp=0x00000067fccfe0d0
Event: 62.882 Thread 0x000001847bb7b800 DEOPT UNPACKING pc=0x000001840004a95e sp=0x00000067fccfd5f0 mode 0
Event: 62.896 Thread 0x000001847bb7b800 DEOPT PACKING pc=0x000001840100a9f6 sp=0x00000067fccfe0d0
Event: 62.896 Thread 0x000001847bb7b800 DEOPT UNPACKING pc=0x000001840004a95e sp=0x00000067fccfd5f0 mode 0
Event: 62.909 Thread 0x000001847bb7b800 DEOPT PACKING pc=0x000001840100a9f6 sp=0x00000067fccfe0d0
Event: 62.909 Thread 0x000001847bb7b800 DEOPT UNPACKING pc=0x000001840004a95e sp=0x00000067fccfd5f0 mode 0
Event: 62.918 Thread 0x000001847bb7b800 DEOPT PACKING pc=0x000001840100a9f6 sp=0x00000067fccfe0d0
Event: 62.918 Thread 0x000001847bb7b800 DEOPT UNPACKING pc=0x000001840004a95e sp=0x00000067fccfd5f0 mode 0
Event: 62.928 Thread 0x000001847bdc0800 DEOPT PACKING pc=0x000001840100a9f6 sp=0x00000067fcbfe7e0
Event: 62.928 Thread 0x000001847bdc0800 DEOPT UNPACKING pc=0x000001840004a95e sp=0x00000067fcbfdd00 mode 0
Event: 62.938 Thread 0x000001847bdc0800 DEOPT PACKING pc=0x000001840100a9f6 sp=0x00000067fcbfe7e0
Event: 62.938 Thread 0x000001847bdc0800 DEOPT UNPACKING pc=0x000001840004a95e sp=0x00000067fcbfdd00 mode 0
Event: 62.949 Thread 0x000001847bdc0800 DEOPT PACKING pc=0x000001840100a9f6 sp=0x00000067fcbfe7e0
Event: 62.949 Thread 0x000001847bdc0800 DEOPT UNPACKING pc=0x000001840004a95e sp=0x00000067fcbfdd00 mode 0
Event: 62.958 Thread 0x000001847bdc0800 DEOPT PACKING pc=0x000001840100a9f6 sp=0x00000067fcbfe7e0
Event: 62.958 Thread 0x000001847bdc0800 DEOPT UNPACKING pc=0x000001840004a95e sp=0x00000067fcbfdd00 mode 0
Event: 62.969 Thread 0x000001847bdc0800 DEOPT PACKING pc=0x000001840100a9f6 sp=0x00000067fcbfe7e0
Event: 62.969 Thread 0x000001847bdc0800 DEOPT UNPACKING pc=0x000001840004a95e sp=0x00000067fcbfdd00 mode 0

Classes redefined (0 events):
No events

Internal exceptions (20 events):
Event: 60.274 Thread 0x000001847bb84000 Exception <a 'sun/nio/fs/WindowsException'{0x0000000086012548}> (0x0000000086012548) thrown at [src/hotspot/share/prims/jni.cpp, line 617]
Event: 60.283 Thread 0x000001847bb84000 Exception <a 'sun/nio/fs/WindowsException'{0x000000008609dd48}> (0x000000008609dd48) thrown at [src/hotspot/share/prims/jni.cpp, line 617]
Event: 60.285 Thread 0x000001847bb84000 Exception <a 'sun/nio/fs/WindowsException'{0x000000008609deb8}> (0x000000008609deb8) thrown at [src/hotspot/share/prims/jni.cpp, line 617]
Event: 60.294 Thread 0x000001847bcf9800 Exception <a 'java/lang/ClassNotFoundException'{0x00000000860d8e70}: sync_studio_tooling5_9lmq2g2zvgc2zzmliok8etk69BeanInfo> (0x00000000860d8e70) thrown at [src/hotspot/share/classfile/systemDictionary.cpp, line 230]
Event: 60.294 Thread 0x000001847bcf9800 Exception <a 'java/lang/ClassNotFoundException'{0x00000000860e47f8}: sync_studio_tooling5_9lmq2g2zvgc2zzmliok8etk69Customizer> (0x00000000860e47f8) thrown at [src/hotspot/share/classfile/systemDictionary.cpp, line 230]
Event: 60.301 Thread 0x000001847bcf9800 Exception <a 'java/lang/ClassNotFoundException'{0x0000000085f58108}: org/gradle/internal/metaobject/ConfigureDelegateBeanInfo> (0x0000000085f58108) thrown at [src/hotspot/share/classfile/systemDictionary.cpp, line 230]
Event: 60.302 Thread 0x000001847bcf9800 Exception <a 'java/lang/ClassNotFoundException'{0x0000000085f7b598}: org/gradle/internal/metaobject/ConfigureDelegateCustomizer> (0x0000000085f7b598) thrown at [src/hotspot/share/classfile/systemDictionary.cpp, line 230]
Event: 60.312 Thread 0x000001847bcf9800 Exception <a 'java/lang/ClassNotFoundException'{0x0000000085fe43c0}: org/gradle/api/internal/initialization/DefaultScriptHandlerBeanInfo> (0x0000000085fe43c0) thrown at [src/hotspot/share/classfile/systemDictionary.cpp, line 230]
Event: 60.313 Thread 0x000001847bcf9800 Exception <a 'java/lang/ClassNotFoundException'{0x0000000085e0acb0}: org/gradle/api/internal/initialization/DefaultScriptHandlerCustomizer> (0x0000000085e0acb0) thrown at [src/hotspot/share/classfile/systemDictionary.cpp, line 230]
Event: 60.446 Thread 0x000001847bcf9800 Exception <a 'java/lang/ClassNotFoundException'{0x000000008795fda8}: org/gradle/api/internal/artifacts/dsl/dependencies/DefaultDependencyHandler_DecoratedBeanInfo> (0x000000008795fda8) thrown at [src/hotspot/share/classfile/systemDictionary.cpp, line 230]
Event: 60.447 Thread 0x000001847bcf9800 Exception <a 'java/lang/ClassNotFoundException'{0x000000008799b478}: org/gradle/api/internal/artifacts/dsl/dependencies/DefaultDependencyHandlerBeanInfo> (0x000000008799b478) thrown at [src/hotspot/share/classfile/systemDictionary.cpp, line 230]
Event: 60.448 Thread 0x000001847bcf9800 Exception <a 'java/lang/ClassNotFoundException'{0x00000000879d6290}: org/gradle/api/internal/artifacts/dsl/dependencies/DefaultDependencyHandlerCustomizer> (0x00000000879d6290) thrown at [src/hotspot/share/classfile/systemDictionary.cpp, line 230]
Event: 60.450 Thread 0x000001847bcf9800 Exception <a 'java/lang/ClassNotFoundException'{0x000000008783a618}: org/gradle/api/internal/artifacts/dsl/dependencies/DefaultDependencyHandler_DecoratedCustomizer> (0x000000008783a618) thrown at [src/hotspot/share/classfile/systemDictionary.cpp, line 230]
Event: 60.555 Thread 0x000001847bcf9800 Exception <a 'java/lang/NoSuchMethodError'{0x00000000872125a8}: 'java.lang.Object java.lang.invoke.DirectMethodHandle$Holder.invokeStatic(java.lang.Object, int, java.lang.Object)'> (0x00000000872125a8) thrown at [src/hotspot/share/interpreter/linkResolver.cpp, line 773]
Event: 60.671 Thread 0x000001847bcf9800 Exception <a 'java/lang/IncompatibleClassChangeError'{0x0000000086a05ff8}: Found class java.lang.Object, but interface was expected> (0x0000000086a05ff8) thrown at [src/hotspot/share/interpreter/linkResolver.cpp, line 839]
Event: 60.729 Thread 0x000001847bcf9800 Exception <a 'java/lang/NoSuchMethodError'{0x00000000869c9eb8}: 'java.lang.Object java.lang.invoke.Invokers$Holder.linkToTargetMethod(java.lang.Object, int, java.lang.Object)'> (0x00000000869c9eb8) thrown at [src/hotspot/share/interpreter/linkResolver.cpp, line 773]
Event: 60.798 Thread 0x000001847bcf9800 Exception <a 'java/lang/NoSuchMethodError'{0x0000000086400598}: 'int java.lang.invoke.DirectMethodHandle$Holder.invokeStaticInit(java.lang.Object)'> (0x0000000086400598) thrown at [src/hotspot/share/interpreter/linkResolver.cpp, line 773]
Event: 60.972 Thread 0x000001847bb7b800 Exception <a 'sun/nio/fs/WindowsException'{0x0000000087a603b0}> (0x0000000087a603b0) thrown at [src/hotspot/share/prims/jni.cpp, line 617]
Event: 61.107 Thread 0x000001847bdc0800 Implicit null exception at 0x0000018407cd337b to 0x0000018407cd3bf5
Event: 61.108 Thread 0x000001847bdc0800 Exception <a 'sun/nio/fs/WindowsException'{0x00000000868ff620}> (0x00000000868ff620) thrown at [src/hotspot/share/prims/jni.cpp, line 617]

Events (20 events):
Event: 62.153 Executing VM operation: G1CollectForAllocation done
Event: 62.273 Executing VM operation: G1CollectForAllocation
Event: 62.278 Executing VM operation: G1CollectForAllocation done
Event: 62.303 loading class org/gradle/internal/classpath/InstrumentingTransformer$InstrumentingVisitor$1
Event: 62.303 loading class org/gradle/internal/classpath/InstrumentingTransformer$InstrumentingVisitor$1 done
Event: 62.335 Executing VM operation: CGC_Operation
Event: 62.343 Executing VM operation: CGC_Operation done
Event: 62.366 Executing VM operation: CGC_Operation
Event: 62.366 Executing VM operation: CGC_Operation done
Event: 62.468 Executing VM operation: G1CollectForAllocation
Event: 62.470 Executing VM operation: G1CollectForAllocation done
Event: 62.606 Executing VM operation: G1CollectForAllocation
Event: 62.610 Executing VM operation: G1CollectForAllocation done
Event: 62.656 Executing VM operation: CGC_Operation
Event: 62.662 Executing VM operation: CGC_Operation done
Event: 62.689 Executing VM operation: CGC_Operation
Event: 62.690 Executing VM operation: CGC_Operation done
Event: 62.798 Executing VM operation: G1CollectForAllocation
Event: 62.801 Executing VM operation: G1CollectForAllocation done
Event: 62.970 Executing VM operation: G1CollectForAllocation


Dynamic libraries:
0x00007ff7e5aa0000 - 0x00007ff7e5aaa000 	C:\Program Files\Android\Android Studio\jbr\bin\java.exe
0x00007ffd3b210000 - 0x00007ffd3b424000 	C:\WINDOWS\SYSTEM32\ntdll.dll
0x00007ffd3a060000 - 0x00007ffd3a123000 	C:\WINDOWS\System32\KERNEL32.DLL
0x00007ffd38bc0000 - 0x00007ffd38f5c000 	C:\WINDOWS\System32\KERNELBASE.dll
0x00007ffd386f0000 - 0x00007ffd38801000 	C:\WINDOWS\System32\ucrtbase.dll
0x00007ffd20440000 - 0x00007ffd2045b000 	C:\Program Files\Android\Android Studio\jbr\bin\VCRUNTIME140.dll
0x00007ffd2c060000 - 0x00007ffd2c077000 	C:\Program Files\Android\Android Studio\jbr\bin\jli.dll
0x00007ffd39d80000 - 0x00007ffd39f2d000 	C:\WINDOWS\System32\USER32.dll
0x00007ffd38890000 - 0x00007ffd388b6000 	C:\WINDOWS\System32\win32u.dll
0x00007ffd25650000 - 0x00007ffd258de000 	C:\WINDOWS\WinSxS\amd64_microsoft.windows.common-controls_6595b64144ccf1df_6.0.22621.608_none_a9444ca7c10bb01d\COMCTL32.dll
0x00007ffd392d0000 - 0x00007ffd392f9000 	C:\WINDOWS\System32\GDI32.dll
0x00007ffd39cd0000 - 0x00007ffd39d77000 	C:\WINDOWS\System32\msvcrt.dll
0x00007ffd388c0000 - 0x00007ffd389d2000 	C:\WINDOWS\System32\gdi32full.dll
0x00007ffd38650000 - 0x00007ffd386ea000 	C:\WINDOWS\System32\msvcp_win.dll
0x00007ffd39b80000 - 0x00007ffd39bb2000 	C:\WINDOWS\System32\IMM32.DLL
0x00007ffd03380000 - 0x00007ffd0340d000 	C:\Program Files\Android\Android Studio\jbr\bin\msvcp140.dll
0x00007ffd207d0000 - 0x00007ffd207dc000 	C:\WINDOWS\SYSTEM32\VCRUNTIME140_1.dll
0x00007ffc9fc50000 - 0x00007ffca080c000 	C:\Program Files\Android\Android Studio\jbr\bin\server\jvm.dll
0x00007ffd39130000 - 0x00007ffd391de000 	C:\WINDOWS\System32\ADVAPI32.dll
0x00007ffd39080000 - 0x00007ffd39124000 	C:\WINDOWS\System32\sechost.dll
0x00007ffd3ab00000 - 0x00007ffd3ac15000 	C:\WINDOWS\System32\RPCRT4.dll
0x00007ffd39cc0000 - 0x00007ffd39cc8000 	C:\WINDOWS\System32\PSAPI.DLL
0x00007ffd1b520000 - 0x00007ffd1b529000 	C:\WINDOWS\SYSTEM32\WSOCK32.dll
0x00007ffd2d020000 - 0x00007ffd2d054000 	C:\WINDOWS\SYSTEM32\WINMM.dll
0x00007ffd2cff0000 - 0x00007ffd2cffa000 	C:\WINDOWS\SYSTEM32\VERSION.dll
0x00007ffd39250000 - 0x00007ffd392c1000 	C:\WINDOWS\System32\WS2_32.dll
0x00007ffd376a0000 - 0x00007ffd376b8000 	C:\WINDOWS\SYSTEM32\kernel.appcore.dll
0x00007ffd07740000 - 0x00007ffd07750000 	C:\Program Files\Android\Android Studio\jbr\bin\verify.dll
0x00007ffd35fa0000 - 0x00007ffd361ce000 	C:\WINDOWS\SYSTEM32\DBGHELP.DLL
0x00007ffd3a6a0000 - 0x00007ffd3aa2a000 	C:\WINDOWS\System32\combase.dll
0x00007ffd3a130000 - 0x00007ffd3a207000 	C:\WINDOWS\System32\OLEAUT32.dll
0x00007ffd24a30000 - 0x00007ffd24a62000 	C:\WINDOWS\SYSTEM32\dbgcore.DLL
0x00007ffd38810000 - 0x00007ffd3888b000 	C:\WINDOWS\System32\bcryptPrimitives.dll
0x00007ffcbaf70000 - 0x00007ffcbaf98000 	C:\Program Files\Android\Android Studio\jbr\bin\java.dll
0x00007ffd02da0000 - 0x00007ffd02daa000 	C:\Program Files\Android\Android Studio\jbr\bin\jimage.dll
0x00007ffcba5d0000 - 0x00007ffcba5e8000 	C:\Program Files\Android\Android Studio\jbr\bin\zip.dll
0x00007ffd39390000 - 0x00007ffd39b7f000 	C:\WINDOWS\System32\SHELL32.dll
0x00007ffd36670000 - 0x00007ffd36f38000 	C:\WINDOWS\SYSTEM32\windows.storage.dll
0x00007ffd36530000 - 0x00007ffd3666e000 	C:\WINDOWS\SYSTEM32\wintypes.dll
0x00007ffd39bc0000 - 0x00007ffd39cb1000 	C:\WINDOWS\System32\SHCORE.dll
0x00007ffd391f0000 - 0x00007ffd3924e000 	C:\WINDOWS\System32\shlwapi.dll
0x00007ffd38580000 - 0x00007ffd385a1000 	C:\WINDOWS\SYSTEM32\profapi.dll
0x00007ffcba5b0000 - 0x00007ffcba5c9000 	C:\Program Files\Android\Android Studio\jbr\bin\net.dll
0x00007ffd2e950000 - 0x00007ffd2ea7f000 	C:\WINDOWS\SYSTEM32\WINHTTP.dll
0x00007ffd37b10000 - 0x00007ffd37b79000 	C:\WINDOWS\system32\mswsock.dll
0x00007ffcba590000 - 0x00007ffcba5a3000 	C:\Program Files\Android\Android Studio\jbr\bin\nio.dll
0x00007ffd2ced0000 - 0x00007ffd2cef7000 	C:\Users\User\.gradle\native\e1d6ef7f7dcc3fd88c89a11ec53ec762bb8ba0a96d01ffa2cd45eb1d1d8dd5c5\windows-amd64\native-platform.dll
0x00007ffcf3d80000 - 0x00007ffcf3ec4000 	C:\Users\User\.gradle\native\5664cfc778a61ccfe75a443a1ab52a65af34e5dc3c78e0209fed803814484fcb\windows-amd64\native-platform-file-events.dll
0x00007ffd00320000 - 0x00007ffd0032a000 	C:\Program Files\Android\Android Studio\jbr\bin\management.dll
0x00007ffcff940000 - 0x00007ffcff94b000 	C:\Program Files\Android\Android Studio\jbr\bin\management_ext.dll
0x00007ffd37d60000 - 0x00007ffd37d7b000 	C:\WINDOWS\SYSTEM32\CRYPTSP.dll
0x00007ffd37610000 - 0x00007ffd37645000 	C:\WINDOWS\system32\rsaenh.dll
0x00007ffd37c00000 - 0x00007ffd37c28000 	C:\WINDOWS\SYSTEM32\USERENV.dll
0x00007ffd37f20000 - 0x00007ffd37f48000 	C:\WINDOWS\SYSTEM32\bcrypt.dll
0x00007ffd37d80000 - 0x00007ffd37d8c000 	C:\WINDOWS\SYSTEM32\CRYPTBASE.dll
0x00007ffd371d0000 - 0x00007ffd371fd000 	C:\WINDOWS\SYSTEM32\IPHLPAPI.DLL
0x00007ffd3a210000 - 0x00007ffd3a219000 	C:\WINDOWS\System32\NSI.dll
0x00007ffd2d4d0000 - 0x00007ffd2d4e9000 	C:\WINDOWS\SYSTEM32\dhcpcsvc6.DLL
0x00007ffd2d2d0000 - 0x00007ffd2d2ef000 	C:\WINDOWS\SYSTEM32\dhcpcsvc.DLL
0x00007ffd37250000 - 0x00007ffd37343000 	C:\WINDOWS\SYSTEM32\DNSAPI.dll

dbghelp: loaded successfully - version: 4.0.5 - missing functions: none
symbol engine: initialized successfully - sym options: 0x614 - pdb path: .;C:\Program Files\Android\Android Studio\jbr\bin;C:\WINDOWS\SYSTEM32;C:\WINDOWS\WinSxS\amd64_microsoft.windows.common-controls_6595b64144ccf1df_6.0.22621.608_none_a9444ca7c10bb01d;C:\Program Files\Android\Android Studio\jbr\bin\server;C:\Users\User\.gradle\native\e1d6ef7f7dcc3fd88c89a11ec53ec762bb8ba0a96d01ffa2cd45eb1d1d8dd5c5\windows-amd64;C:\Users\User\.gradle\native\5664cfc778a61ccfe75a443a1ab52a65af34e5dc3c78e0209fed803814484fcb\windows-amd64

VM Arguments:
jvm_args: --add-opens=java.base/java.util=ALL-UNNAMED --add-opens=java.base/java.lang=ALL-UNNAMED --add-opens=java.base/java.lang.invoke=ALL-UNNAMED --add-opens=java.base/java.util=ALL-UNNAMED --add-opens=java.prefs/java.util.prefs=ALL-UNNAMED --add-opens=java.prefs/java.util.prefs=ALL-UNNAMED --add-opens=java.base/java.nio.charset=ALL-UNNAMED --add-opens=java.base/java.net=ALL-UNNAMED --add-opens=java.base/java.util.concurrent.atomic=ALL-UNNAMED -Xmx2048m -Dfile.encoding=UTF-8 -Duser.country=ID -Duser.language=en -Duser.variant 
java_command: org.gradle.launcher.daemon.bootstrap.GradleDaemon 7.2
java_class_path (initial): C:\Users\User\.gradle\wrapper\dists\gradle-7.2-bin\2dnblmf4td7x66yl1d74lt32g\gradle-7.2\lib\gradle-launcher-7.2.jar
Launcher Type: SUN_STANDARD

[Global flags]
     intx CICompilerCount                          = 4                                         {product} {ergonomic}
     uint ConcGCThreads                            = 2                                         {product} {ergonomic}
     uint G1ConcRefinementThreads                  = 8                                         {product} {ergonomic}
   size_t G1HeapRegionSize                         = 1048576                                   {product} {ergonomic}
    uintx GCDrainStackTargetSize                   = 64                                        {product} {ergonomic}
   size_t InitialHeapSize                          = 132120576                                 {product} {ergonomic}
   size_t MarkStackSize                            = 4194304                                   {product} {ergonomic}
   size_t MaxHeapSize                              = 2147483648                                {product} {command line}
   size_t MaxNewSize                               = 1287651328                                {product} {ergonomic}
   size_t MinHeapDeltaBytes                        = 1048576                                   {product} {ergonomic}
    uintx NonNMethodCodeHeapSize                   = 5836300                                {pd product} {ergonomic}
    uintx NonProfiledCodeHeapSize                  = 122910970                              {pd product} {ergonomic}
    uintx ProfiledCodeHeapSize                     = 122910970                              {pd product} {ergonomic}
    uintx ReservedCodeCacheSize                    = 251658240                              {pd product} {ergonomic}
     bool SegmentedCodeCache                       = true                                      {product} {ergonomic}
     bool UseCompressedClassPointers               = true                                 {lp64_product} {ergonomic}
     bool UseCompressedOops                        = true                                 {lp64_product} {ergonomic}
     bool UseG1GC                                  = true                                      {product} {ergonomic}
     bool UseLargePagesIndividualAllocation        = false                                  {pd product} {ergonomic}

Logging:
Log output configuration:
 #0: stdout all=warning uptime,level,tags
 #1: stderr all=off uptime,level,tags

Environment Variables:
JAVA_HOME=C:\Program Files\Java\jdk-19
PATH=C:\Program Files\Common Files\Oracle\Java\javapath;C:\WINDOWS\system32;C:\WINDOWS;C:\WINDOWS\System32\Wbem;C:\WINDOWS\System32\WindowsPowerShell\v1.0\;C:\WINDOWS\System32\OpenSSH\;C:\xampp\php;C:\ProgramData\ComposerSetup\bin;C:\Program Files\PuTTY\;C:\Program Files\Common Files\Oracle\Java\javapath;C:\Program Files\Java\jdk-19\bin;C:\Program Files\Git\cmd;C:\Users\User\AppData\Local\Programs\Python\Python311\Scripts\;C:\Users\User\AppData\Local\Programs\Python\Python311\;C:\Users\User\AppData\Local\Microsoft\WindowsApps;C:\Users\User\AppData\Roaming\Composer\vendor\bin;C:\Users\User\AppData\Local\Programs\Microsoft VS Code\bin
USERNAME=User
OS=Windows_NT
PROCESSOR_IDENTIFIER=Intel64 Family 6 Model 142 Stepping 12, GenuineIntel



---------------  S Y S T E M  ---------------

OS: Windows 11 , 64 bit Build 22621 (10.0.22621.1194)
OS uptime: 0 days 13:54 hours

CPU:total 8 (initial active 8) (4 cores per cpu, 2 threads per core) family 6 model 142 stepping 12 microcode 0xde, cmov, cx8, fxsr, mmx, sse, sse2, sse3, ssse3, sse4.1, sse4.2, popcnt, avx, avx2, aes, clmul, erms, 3dnowpref, lzcnt, ht, tsc, tscinvbit, bmi1, bmi2, adx, fma

Memory: 4k page, system-wide physical 7945M (273M free)
TotalPageFile size 12041M (AvailPageFile size 40M)
current process WorkingSet (physical memory assigned to process): 303M, peak: 308M
current process commit charge ("private bytes"): 351M, peak: 387M

vm_info: OpenJDK 64-Bit Server VM (11.0.15+0-b2043.56-8887301) for windows-amd64 JRE (11.0.15+0-b2043.56-8887301), built on Jul 29 2022 23:19:47 by "builduser" with unknown MS VC++:1929

END.
