#
# There is insufficient memory for the Java Runtime Environment to continue.
# Native memory allocation (malloc) failed to allocate 1439696 bytes for Chunk::new
# Possible reasons:
#   The system is out of physical RAM or swap space
#   The process is running with CompressedOops enabled, and the Java Heap may be blocking the growth of the native heap
# Possible solutions:
#   Reduce memory load on the system
#   Increase physical memory or swap space
#   Check if swap backing store is full
#   Decrease Java heap size (-Xmx/-Xms)
#   Decrease number of Java threads
#   Decrease Java thread stack sizes (-Xss)
#   Set larger code cache with -XX:ReservedCodeCacheSize=
#   JVM is running with Unscaled Compressed Oops mode in which the Java heap is
#     placed in the first 4GB address space. The Java Heap base address is the
#     maximum limit for the native heap growth. Please use -XX:HeapBaseMinAddress
#     to set the Java Heap base and to place the Java Heap above 4GB virtual address.
# This output file may be truncated or incomplete.
#
#  Out of Memory Error (src/hotspot/share/memory/arena.cpp:197), pid=9724, tid=13328
#
# JRE version: OpenJDK Runtime Environment (11.0.15) (build 11.0.15+0-b2043.56-8887301)
# Java VM: OpenJDK 64-Bit Server VM (11.0.15+0-b2043.56-8887301, mixed mode, tiered, compressed oops, g1 gc, windows-amd64)
# No core dump will be written. Minidumps are not enabled by default on client versions of Windows
#

---------------  S U M M A R Y ------------

Command Line: org.jetbrains.kotlin.cli.jvm.K2JVMCompiler @C:\Users\User\Downloads\Aplikasi-Sederhana-Kotlin-main\Aplikasi-Sederhana-Kotlin-main\app\build\20230529_17943908845806967625.compiler.options

Host: Intel(R) Core(TM) i5-10210U CPU @ 1.60GHz, 8 cores, 7G,  Windows 11 , 64 bit Build 22621 (10.0.22621.1194)
Time: Mon May 29 15:24:57 2023 SE Asia Standard Time elapsed time: 8.558802 seconds (0d 0h 0m 8s)

---------------  T H R E A D  ---------------

Current thread (0x00000207520a0000):  JavaThread "C2 CompilerThread0" daemon [_thread_in_native, id=13328, stack(0x0000006824800000,0x0000006824900000)]


Current CompileTask:
C2:   8558 7210       4       org.jetbrains.kotlin.types.TypeUtils::contains (336 bytes)

Stack: [0x0000006824800000,0x0000006824900000]
Native frames: (J=compiled Java code, j=interpreted, Vv=VM code, C=native code)
V  [jvm.dll+0x64135a]
V  [jvm.dll+0x7d39f9]
V  [jvm.dll+0x7d51b9]
V  [jvm.dll+0x7d58a3]
V  [jvm.dll+0x2691c5]
V  [jvm.dll+0xc1a5c]
V  [jvm.dll+0xc200c]
V  [jvm.dll+0x3774a7]
V  [jvm.dll+0x1b3914]
V  [jvm.dll+0x22163e]
V  [jvm.dll+0x220498]
V  [jvm.dll+0x19e851]
V  [jvm.dll+0x230479]
V  [jvm.dll+0x22e5ef]
V  [jvm.dll+0x794de1]
V  [jvm.dll+0x78dc24]
V  [jvm.dll+0x6400f6]
C  [ucrtbase.dll+0x29363]
C  [KERNEL32.DLL+0x126bd]
C  [ntdll.dll+0x5dfb8]


---------------  P R O C E S S  ---------------

Threads class SMR info:
_java_thread_list=0x0000020752b5e920, length=11, elements={
0x00000207375cf800, 0x000002075187d000, 0x000002075187e800, 0x0000020752097800,
0x000002075209b000, 0x000002075209d000, 0x00000207520a0000, 0x00000207520ec800,
0x00000207520ed800, 0x0000020752251800, 0x000002075224c000
}

Java Threads: ( => current thread )
  0x00000207375cf800 JavaThread "main" [_thread_in_Java, id=12568, stack(0x0000006823c00000,0x0000006823d00000)]
  0x000002075187d000 JavaThread "Reference Handler" daemon [_thread_blocked, id=4408, stack(0x0000006824300000,0x0000006824400000)]
  0x000002075187e800 JavaThread "Finalizer" daemon [_thread_blocked, id=15084, stack(0x0000006824400000,0x0000006824500000)]
  0x0000020752097800 JavaThread "Signal Dispatcher" daemon [_thread_blocked, id=16980, stack(0x0000006824500000,0x0000006824600000)]
  0x000002075209b000 JavaThread "Attach Listener" daemon [_thread_blocked, id=15668, stack(0x0000006824600000,0x0000006824700000)]
  0x000002075209d000 JavaThread "Service Thread" daemon [_thread_blocked, id=16116, stack(0x0000006824700000,0x0000006824800000)]
=>0x00000207520a0000 JavaThread "C2 CompilerThread0" daemon [_thread_in_native, id=13328, stack(0x0000006824800000,0x0000006824900000)]
  0x00000207520ec800 JavaThread "C1 CompilerThread0" daemon [_thread_in_native, id=6504, stack(0x0000006824900000,0x0000006824a00000)]
  0x00000207520ed800 JavaThread "Sweeper thread" daemon [_thread_blocked, id=16488, stack(0x0000006824a00000,0x0000006824b00000)]
  0x0000020752251800 JavaThread "Common-Cleaner" daemon [_thread_blocked, id=1428, stack(0x0000006824c00000,0x0000006824d00000)]
  0x000002075224c000 JavaThread "C2 CompilerThread1" daemon [_thread_in_native, id=6336, stack(0x0000006824d00000,0x0000006824e00000)]

Other Threads:
  0x0000020752091800 VMThread "VM Thread" [stack: 0x0000006824200000,0x0000006824300000] [id=15500]
  0x0000020752246800 WatcherThread [stack: 0x0000006824b00000,0x0000006824c00000] [id=10820]
  0x00000207375e7000 GCTaskThread "GC Thread#0" [stack: 0x0000006823d00000,0x0000006823e00000] [id=10156]
  0x000002075291a800 GCTaskThread "GC Thread#1" [stack: 0x0000006824f00000,0x0000006825000000] [id=14220]
  0x00000207529cf800 GCTaskThread "GC Thread#2" [stack: 0x0000006825000000,0x0000006825100000] [id=4228]
  0x0000020737615800 ConcurrentGCThread "G1 Main Marker" [stack: 0x0000006823e00000,0x0000006823f00000] [id=5176]
  0x000002073761a800 ConcurrentGCThread "G1 Conc#0" [stack: 0x0000006823f00000,0x0000006824000000] [id=14668]
  0x0000020753829800 ConcurrentGCThread "G1 Conc#1" [stack: 0x0000006824e00000,0x0000006824f00000] [id=15924]
  0x00000207516b2800 ConcurrentGCThread "G1 Refine#0" [stack: 0x0000006824000000,0x0000006824100000] [id=18184]
  0x00000207516b5000 ConcurrentGCThread "G1 Young RemSet Sampling" [stack: 0x0000006824100000,0x0000006824200000] [id=13696]

Threads with active compile tasks:
C2 CompilerThread0     8579 7210       4       org.jetbrains.kotlin.types.TypeUtils::contains (336 bytes)
C1 CompilerThread0     8579 7584       3       org.jetbrains.kotlin.load.java.typeEnhancement.SignatureEnhancement$SignatureParts::extractQualifiersFromAnnotations (669 bytes)
C2 CompilerThread1     8579 7604       4       org.jetbrains.kotlin.load.java.lazy.descriptors.LazyJavaScope::getContributedVariables (47 bytes)

VM state:not at safepoint (normal execution)

VM Mutex/Monitor currently owned by a thread:  ([mutex/lock_event])
[0x000002073548de40] Compile_lock - owner thread: 0x00000207520ec800
[0x000002073548d0c0] MethodCompileQueue_lock - owner thread: 0x00000207520ec800

Heap address: 0x0000000083c00000, size: 1988 MB, Compressed Oops mode: 32-bit
Narrow klass base: 0x0000000000000000, Narrow klass shift: 3
Compressed class space size: 1073741824 Address: 0x0000000100000000

Heap:
 garbage-first heap   total 164864K, used 71148K [0x0000000083c00000, 0x0000000100000000)
  region size 1024K, 22 young (22528K), 1 survivors (1024K)
 Metaspace       used 62194K, capacity 62832K, committed 63128K, reserved 1105920K
  class space    used 6958K, capacity 7178K, committed 7320K, reserved 1048576K
Heap Regions: E=young(eden), S=young(survivor), O=old, HS=humongous(starts), HC=humongous(continues), CS=collection set, F=free, A=archive, TAMS=top-at-mark-start (previous, next)
|   0|0x0000000083c00000, 0x0000000083d00000, 0x0000000083d00000|100%|HS|  |TAMS 0x0000000083d00000, 0x0000000083c00000| Complete 
|   1|0x0000000083d00000, 0x0000000083e00000, 0x0000000083e00000|100%|HC|  |TAMS 0x0000000083e00000, 0x0000000083d00000| Complete 
|   2|0x0000000083e00000, 0x0000000083f00000, 0x0000000083f00000|100%|HC|  |TAMS 0x0000000083f00000, 0x0000000083e00000| Complete 
|   3|0x0000000083f00000, 0x0000000084000000, 0x0000000084000000|100%|HS|  |TAMS 0x0000000084000000, 0x0000000083f00000| Complete 
|   4|0x0000000084000000, 0x0000000084100000, 0x0000000084100000|100%|HC|  |TAMS 0x0000000084100000, 0x0000000084000000| Complete 
|   5|0x0000000084100000, 0x0000000084200000, 0x0000000084200000|100%|HC|  |TAMS 0x0000000084200000, 0x0000000084100000| Complete 
|   6|0x0000000084200000, 0x0000000084300000, 0x0000000084300000|100%|HS|  |TAMS 0x0000000084300000, 0x0000000084200000| Complete 
|   7|0x0000000084300000, 0x0000000084400000, 0x0000000084400000|100%|HC|  |TAMS 0x0000000084400000, 0x0000000084300000| Complete 
|   8|0x0000000084400000, 0x0000000084500000, 0x0000000084500000|100%|HC|  |TAMS 0x0000000084500000, 0x0000000084400000| Complete 
|   9|0x0000000084500000, 0x0000000084600000, 0x0000000084600000|100%| O|  |TAMS 0x0000000084600000, 0x0000000084500000| Untracked 
|  10|0x0000000084600000, 0x0000000084700000, 0x0000000084700000|100%| O|  |TAMS 0x0000000084700000, 0x0000000084600000| Untracked 
|  11|0x0000000084700000, 0x0000000084800000, 0x0000000084800000|100%| O|  |TAMS 0x0000000084800000, 0x0000000084700000| Untracked 
|  12|0x0000000084800000, 0x0000000084900000, 0x0000000084900000|100%| O|  |TAMS 0x0000000084900000, 0x0000000084800000| Untracked 
|  13|0x0000000084900000, 0x0000000084a00000, 0x0000000084a00000|100%|HS|  |TAMS 0x0000000084a00000, 0x0000000084900000| Complete 
|  14|0x0000000084a00000, 0x0000000084b00000, 0x0000000084b00000|100%|HC|  |TAMS 0x0000000084b00000, 0x0000000084a00000| Complete 
|  15|0x0000000084b00000, 0x0000000084c00000, 0x0000000084c00000|100%| O|  |TAMS 0x0000000084c00000, 0x0000000084b00000| Untracked 
|  16|0x0000000084c00000, 0x0000000084d00000, 0x0000000084d00000|100%| O|  |TAMS 0x0000000084d00000, 0x0000000084c00000| Untracked 
|  17|0x0000000084d00000, 0x0000000084e00000, 0x0000000084e00000|100%| O|  |TAMS 0x0000000084e00000, 0x0000000084d00000| Untracked 
|  18|0x0000000084e00000, 0x0000000084f00000, 0x0000000084f00000|100%| O|  |TAMS 0x0000000084f00000, 0x0000000084e00000| Untracked 
|  19|0x0000000084f00000, 0x0000000085000000, 0x0000000085000000|100%| O|  |TAMS 0x0000000085000000, 0x0000000084f00000| Untracked 
|  20|0x0000000085000000, 0x0000000085100000, 0x0000000085100000|100%| O|  |TAMS 0x0000000085100000, 0x0000000085000000| Untracked 
|  21|0x0000000085100000, 0x0000000085200000, 0x0000000085200000|100%| O|  |TAMS 0x0000000085200000, 0x0000000085100000| Untracked 
|  22|0x0000000085200000, 0x0000000085300000, 0x0000000085300000|100%| O|  |TAMS 0x0000000085300000, 0x0000000085200000| Untracked 
|  23|0x0000000085300000, 0x0000000085400000, 0x0000000085400000|100%| O|  |TAMS 0x0000000085400000, 0x0000000085300000| Untracked 
|  24|0x0000000085400000, 0x0000000085500000, 0x0000000085500000|100%| O|  |TAMS 0x0000000085500000, 0x0000000085400000| Untracked 
|  25|0x0000000085500000, 0x0000000085600000, 0x0000000085600000|100%| O|  |TAMS 0x0000000085600000, 0x0000000085500000| Untracked 
|  26|0x0000000085600000, 0x0000000085700000, 0x0000000085700000|100%| O|  |TAMS 0x0000000085700000, 0x0000000085600000| Untracked 
|  27|0x0000000085700000, 0x0000000085800000, 0x0000000085800000|100%| O|  |TAMS 0x0000000085800000, 0x0000000085700000| Untracked 
|  28|0x0000000085800000, 0x0000000085900000, 0x0000000085900000|100%| O|  |TAMS 0x0000000085900000, 0x0000000085800000| Untracked 
|  29|0x0000000085900000, 0x0000000085a00000, 0x0000000085a00000|100%| O|  |TAMS 0x0000000085a00000, 0x0000000085900000| Untracked 
|  30|0x0000000085a00000, 0x0000000085b00000, 0x0000000085b00000|100%| O|  |TAMS 0x0000000085b00000, 0x0000000085a00000| Untracked 
|  31|0x0000000085b00000, 0x0000000085c00000, 0x0000000085c00000|100%| O|  |TAMS 0x0000000085c00000, 0x0000000085b00000| Untracked 
|  32|0x0000000085c00000, 0x0000000085d00000, 0x0000000085d00000|100%| O|  |TAMS 0x0000000085d00000, 0x0000000085c00000| Untracked 
|  33|0x0000000085d00000, 0x0000000085e00000, 0x0000000085e00000|100%| O|  |TAMS 0x0000000085e00000, 0x0000000085d00000| Untracked 
|  34|0x0000000085e00000, 0x0000000085f00000, 0x0000000085f00000|100%| O|  |TAMS 0x0000000085f00000, 0x0000000085e00000| Untracked 
|  35|0x0000000085f00000, 0x0000000086000000, 0x0000000086000000|100%| O|  |TAMS 0x0000000086000000, 0x0000000085f00000| Untracked 
|  36|0x0000000086000000, 0x0000000086100000, 0x0000000086100000|100%| O|  |TAMS 0x0000000086100000, 0x0000000086000000| Untracked 
|  37|0x0000000086100000, 0x0000000086200000, 0x0000000086200000|100%| O|  |TAMS 0x0000000086200000, 0x0000000086100000| Untracked 
|  38|0x0000000086200000, 0x0000000086300000, 0x0000000086300000|100%| O|  |TAMS 0x0000000086300000, 0x0000000086200000| Untracked 
|  39|0x0000000086300000, 0x0000000086400000, 0x0000000086400000|100%| O|  |TAMS 0x0000000086400000, 0x0000000086300000| Untracked 
|  40|0x0000000086400000, 0x0000000086500000, 0x0000000086500000|100%| O|  |TAMS 0x0000000086500000, 0x0000000086400000| Untracked 
|  41|0x0000000086500000, 0x0000000086600000, 0x0000000086600000|100%| O|  |TAMS 0x0000000086600000, 0x0000000086500000| Untracked 
|  42|0x0000000086600000, 0x0000000086700000, 0x0000000086700000|100%| O|  |TAMS 0x0000000086700000, 0x0000000086600000| Untracked 
|  43|0x0000000086700000, 0x0000000086800000, 0x0000000086800000|100%| O|  |TAMS 0x0000000086800000, 0x0000000086700000| Untracked 
|  44|0x0000000086800000, 0x0000000086900000, 0x0000000086900000|100%| O|  |TAMS 0x0000000086900000, 0x0000000086800000| Untracked 
|  45|0x0000000086900000, 0x0000000086a00000, 0x0000000086a00000|100%| O|  |TAMS 0x0000000086a00000, 0x0000000086900000| Untracked 
|  46|0x0000000086a00000, 0x0000000086b00000, 0x0000000086b00000|100%| O|  |TAMS 0x0000000086b00000, 0x0000000086a00000| Untracked 
|  47|0x0000000086b00000, 0x0000000086c00000, 0x0000000086c00000|100%| O|  |TAMS 0x0000000086c00000, 0x0000000086b00000| Untracked 
|  48|0x0000000086c00000, 0x0000000086c7b000, 0x0000000086d00000| 48%| O|  |TAMS 0x0000000086c7b000, 0x0000000086c00000| Untracked 
|  49|0x0000000086d00000, 0x0000000086d00000, 0x0000000086e00000|  0%| F|  |TAMS 0x0000000086d00000, 0x0000000086d00000| Untracked 
|  50|0x0000000086e00000, 0x0000000086e00000, 0x0000000086f00000|  0%| F|  |TAMS 0x0000000086e00000, 0x0000000086e00000| Untracked 
|  51|0x0000000086f00000, 0x0000000086f00000, 0x0000000087000000|  0%| F|  |TAMS 0x0000000086f00000, 0x0000000086f00000| Untracked 
|  52|0x0000000087000000, 0x0000000087000000, 0x0000000087100000|  0%| F|  |TAMS 0x0000000087000000, 0x0000000087000000| Untracked 
|  53|0x0000000087100000, 0x0000000087100000, 0x0000000087200000|  0%| F|  |TAMS 0x0000000087100000, 0x0000000087100000| Untracked 
|  54|0x0000000087200000, 0x0000000087200000, 0x0000000087300000|  0%| F|  |TAMS 0x0000000087200000, 0x0000000087200000| Untracked 
|  55|0x0000000087300000, 0x0000000087300000, 0x0000000087400000|  0%| F|  |TAMS 0x0000000087300000, 0x0000000087300000| Untracked 
|  56|0x0000000087400000, 0x0000000087400000, 0x0000000087500000|  0%| F|  |TAMS 0x0000000087400000, 0x0000000087400000| Untracked 
|  57|0x0000000087500000, 0x0000000087500000, 0x0000000087600000|  0%| F|  |TAMS 0x0000000087500000, 0x0000000087500000| Untracked 
|  58|0x0000000087600000, 0x0000000087600000, 0x0000000087700000|  0%| F|  |TAMS 0x0000000087600000, 0x0000000087600000| Untracked 
|  59|0x0000000087700000, 0x0000000087700000, 0x0000000087800000|  0%| F|  |TAMS 0x0000000087700000, 0x0000000087700000| Untracked 
|  60|0x0000000087800000, 0x0000000087800000, 0x0000000087900000|  0%| F|  |TAMS 0x0000000087800000, 0x0000000087800000| Untracked 
|  61|0x0000000087900000, 0x0000000087900000, 0x0000000087a00000|  0%| F|  |TAMS 0x0000000087900000, 0x0000000087900000| Untracked 
|  62|0x0000000087a00000, 0x0000000087a00000, 0x0000000087b00000|  0%| F|  |TAMS 0x0000000087a00000, 0x0000000087a00000| Untracked 
|  63|0x0000000087b00000, 0x0000000087b00000, 0x0000000087c00000|  0%| F|  |TAMS 0x0000000087b00000, 0x0000000087b00000| Untracked 
|  64|0x0000000087c00000, 0x0000000087c00000, 0x0000000087d00000|  0%| F|  |TAMS 0x0000000087c00000, 0x0000000087c00000| Untracked 
|  65|0x0000000087d00000, 0x0000000087d00000, 0x0000000087e00000|  0%| F|  |TAMS 0x0000000087d00000, 0x0000000087d00000| Untracked 
|  66|0x0000000087e00000, 0x0000000087e00000, 0x0000000087f00000|  0%| F|  |TAMS 0x0000000087e00000, 0x0000000087e00000| Untracked 
|  67|0x0000000087f00000, 0x0000000087f00000, 0x0000000088000000|  0%| F|  |TAMS 0x0000000087f00000, 0x0000000087f00000| Untracked 
|  68|0x0000000088000000, 0x0000000088000000, 0x0000000088100000|  0%| F|  |TAMS 0x0000000088000000, 0x0000000088000000| Untracked 
|  69|0x0000000088100000, 0x0000000088100000, 0x0000000088200000|  0%| F|  |TAMS 0x0000000088100000, 0x0000000088100000| Untracked 
|  70|0x0000000088200000, 0x0000000088200000, 0x0000000088300000|  0%| F|  |TAMS 0x0000000088200000, 0x0000000088200000| Untracked 
|  71|0x0000000088300000, 0x0000000088300000, 0x0000000088400000|  0%| F|  |TAMS 0x0000000088300000, 0x0000000088300000| Untracked 
|  72|0x0000000088400000, 0x0000000088400000, 0x0000000088500000|  0%| F|  |TAMS 0x0000000088400000, 0x0000000088400000| Untracked 
|  73|0x0000000088500000, 0x0000000088500000, 0x0000000088600000|  0%| F|  |TAMS 0x0000000088500000, 0x0000000088500000| Untracked 
|  74|0x0000000088600000, 0x0000000088600000, 0x0000000088700000|  0%| F|  |TAMS 0x0000000088600000, 0x0000000088600000| Untracked 
|  75|0x0000000088700000, 0x0000000088700000, 0x0000000088800000|  0%| F|  |TAMS 0x0000000088700000, 0x0000000088700000| Untracked 
|  76|0x0000000088800000, 0x0000000088800000, 0x0000000088900000|  0%| F|  |TAMS 0x0000000088800000, 0x0000000088800000| Untracked 
|  77|0x0000000088900000, 0x0000000088900000, 0x0000000088a00000|  0%| F|  |TAMS 0x0000000088900000, 0x0000000088900000| Untracked 
|  78|0x0000000088a00000, 0x0000000088a00000, 0x0000000088b00000|  0%| F|  |TAMS 0x0000000088a00000, 0x0000000088a00000| Untracked 
|  79|0x0000000088b00000, 0x0000000088b00000, 0x0000000088c00000|  0%| F|  |TAMS 0x0000000088b00000, 0x0000000088b00000| Untracked 
|  80|0x0000000088c00000, 0x0000000088c00000, 0x0000000088d00000|  0%| F|  |TAMS 0x0000000088c00000, 0x0000000088c00000| Untracked 
|  81|0x0000000088d00000, 0x0000000088d00000, 0x0000000088e00000|  0%| F|  |TAMS 0x0000000088d00000, 0x0000000088d00000| Untracked 
|  82|0x0000000088e00000, 0x0000000088e00000, 0x0000000088f00000|  0%| F|  |TAMS 0x0000000088e00000, 0x0000000088e00000| Untracked 
|  83|0x0000000088f00000, 0x0000000088f00000, 0x0000000089000000|  0%| F|  |TAMS 0x0000000088f00000, 0x0000000088f00000| Untracked 
|  84|0x0000000089000000, 0x0000000089000000, 0x0000000089100000|  0%| F|  |TAMS 0x0000000089000000, 0x0000000089000000| Untracked 
|  85|0x0000000089100000, 0x0000000089100000, 0x0000000089200000|  0%| F|  |TAMS 0x0000000089100000, 0x0000000089100000| Untracked 
|  86|0x0000000089200000, 0x0000000089200000, 0x0000000089300000|  0%| F|  |TAMS 0x0000000089200000, 0x0000000089200000| Untracked 
|  87|0x0000000089300000, 0x0000000089300000, 0x0000000089400000|  0%| F|  |TAMS 0x0000000089300000, 0x0000000089300000| Untracked 
|  88|0x0000000089400000, 0x0000000089400000, 0x0000000089500000|  0%| F|  |TAMS 0x0000000089400000, 0x0000000089400000| Untracked 
|  89|0x0000000089500000, 0x0000000089500000, 0x0000000089600000|  0%| F|  |TAMS 0x0000000089500000, 0x0000000089500000| Untracked 
|  90|0x0000000089600000, 0x0000000089600000, 0x0000000089700000|  0%| F|  |TAMS 0x0000000089600000, 0x0000000089600000| Untracked 
|  91|0x0000000089700000, 0x0000000089700000, 0x0000000089800000|  0%| F|  |TAMS 0x0000000089700000, 0x0000000089700000| Untracked 
|  92|0x0000000089800000, 0x0000000089800000, 0x0000000089900000|  0%| F|  |TAMS 0x0000000089800000, 0x0000000089800000| Untracked 
|  93|0x0000000089900000, 0x0000000089900000, 0x0000000089a00000|  0%| F|  |TAMS 0x0000000089900000, 0x0000000089900000| Untracked 
|  94|0x0000000089a00000, 0x0000000089a00000, 0x0000000089b00000|  0%| F|  |TAMS 0x0000000089a00000, 0x0000000089a00000| Untracked 
|  95|0x0000000089b00000, 0x0000000089b00000, 0x0000000089c00000|  0%| F|  |TAMS 0x0000000089b00000, 0x0000000089b00000| Untracked 
|  96|0x0000000089c00000, 0x0000000089c00000, 0x0000000089d00000|  0%| F|  |TAMS 0x0000000089c00000, 0x0000000089c00000| Untracked 
|  97|0x0000000089d00000, 0x0000000089d00000, 0x0000000089e00000|  0%| F|  |TAMS 0x0000000089d00000, 0x0000000089d00000| Untracked 
|  98|0x0000000089e00000, 0x0000000089e00000, 0x0000000089f00000|  0%| F|  |TAMS 0x0000000089e00000, 0x0000000089e00000| Untracked 
|  99|0x0000000089f00000, 0x0000000089f00000, 0x000000008a000000|  0%| F|  |TAMS 0x0000000089f00000, 0x0000000089f00000| Untracked 
| 100|0x000000008a000000, 0x000000008a000000, 0x000000008a100000|  0%| F|  |TAMS 0x000000008a000000, 0x000000008a000000| Untracked 
| 101|0x000000008a100000, 0x000000008a100000, 0x000000008a200000|  0%| F|  |TAMS 0x000000008a100000, 0x000000008a100000| Untracked 
| 102|0x000000008a200000, 0x000000008a200000, 0x000000008a300000|  0%| F|  |TAMS 0x000000008a200000, 0x000000008a200000| Untracked 
| 103|0x000000008a300000, 0x000000008a300000, 0x000000008a400000|  0%| F|  |TAMS 0x000000008a300000, 0x000000008a300000| Untracked 
| 104|0x000000008a400000, 0x000000008a400000, 0x000000008a500000|  0%| F|  |TAMS 0x000000008a400000, 0x000000008a400000| Untracked 
| 105|0x000000008a500000, 0x000000008a500000, 0x000000008a600000|  0%| F|  |TAMS 0x000000008a500000, 0x000000008a500000| Untracked 
| 106|0x000000008a600000, 0x000000008a600000, 0x000000008a700000|  0%| F|  |TAMS 0x000000008a600000, 0x000000008a600000| Untracked 
| 107|0x000000008a700000, 0x000000008a700000, 0x000000008a800000|  0%| F|  |TAMS 0x000000008a700000, 0x000000008a700000| Untracked 
| 108|0x000000008a800000, 0x000000008a800000, 0x000000008a900000|  0%| F|  |TAMS 0x000000008a800000, 0x000000008a800000| Untracked 
| 109|0x000000008a900000, 0x000000008a900000, 0x000000008aa00000|  0%| F|  |TAMS 0x000000008a900000, 0x000000008a900000| Untracked 
| 110|0x000000008aa00000, 0x000000008aa00000, 0x000000008ab00000|  0%| F|  |TAMS 0x000000008aa00000, 0x000000008aa00000| Untracked 
| 111|0x000000008ab00000, 0x000000008ab00000, 0x000000008ac00000|  0%| F|  |TAMS 0x000000008ab00000, 0x000000008ab00000| Untracked 
| 112|0x000000008ac00000, 0x000000008ac00000, 0x000000008ad00000|  0%| F|  |TAMS 0x000000008ac00000, 0x000000008ac00000| Untracked 
| 113|0x000000008ad00000, 0x000000008ad00000, 0x000000008ae00000|  0%| F|  |TAMS 0x000000008ad00000, 0x000000008ad00000| Untracked 
| 114|0x000000008ae00000, 0x000000008ae00000, 0x000000008af00000|  0%| F|  |TAMS 0x000000008ae00000, 0x000000008ae00000| Untracked 
| 115|0x000000008af00000, 0x000000008af00000, 0x000000008b000000|  0%| F|  |TAMS 0x000000008af00000, 0x000000008af00000| Untracked 
| 116|0x000000008b000000, 0x000000008b000000, 0x000000008b100000|  0%| F|  |TAMS 0x000000008b000000, 0x000000008b000000| Untracked 
| 117|0x000000008b100000, 0x000000008b100000, 0x000000008b200000|  0%| F|  |TAMS 0x000000008b100000, 0x000000008b100000| Untracked 
| 118|0x000000008b200000, 0x000000008b200000, 0x000000008b300000|  0%| F|  |TAMS 0x000000008b200000, 0x000000008b200000| Untracked 
| 119|0x000000008b300000, 0x000000008b300000, 0x000000008b400000|  0%| F|  |TAMS 0x000000008b300000, 0x000000008b300000| Untracked 
| 120|0x000000008b400000, 0x000000008b400000, 0x000000008b500000|  0%| F|  |TAMS 0x000000008b400000, 0x000000008b400000| Untracked 
| 121|0x000000008b500000, 0x000000008b500000, 0x000000008b600000|  0%| F|  |TAMS 0x000000008b500000, 0x000000008b500000| Untracked 
| 122|0x000000008b600000, 0x000000008b600000, 0x000000008b700000|  0%| F|  |TAMS 0x000000008b600000, 0x000000008b600000| Untracked 
| 123|0x000000008b700000, 0x000000008b700000, 0x000000008b800000|  0%| F|  |TAMS 0x000000008b700000, 0x000000008b700000| Untracked 
| 124|0x000000008b800000, 0x000000008b800000, 0x000000008b900000|  0%| F|  |TAMS 0x000000008b800000, 0x000000008b800000| Untracked 
| 125|0x000000008b900000, 0x000000008b900000, 0x000000008ba00000|  0%| F|  |TAMS 0x000000008b900000, 0x000000008b900000| Untracked 
| 126|0x000000008ba00000, 0x000000008ba00000, 0x000000008bb00000|  0%| F|  |TAMS 0x000000008ba00000, 0x000000008ba00000| Untracked 
| 127|0x000000008bb00000, 0x000000008bb00000, 0x000000008bc00000|  0%| F|  |TAMS 0x000000008bb00000, 0x000000008bb00000| Untracked 
| 128|0x000000008bc00000, 0x000000008bc00000, 0x000000008bd00000|  0%| F|  |TAMS 0x000000008bc00000, 0x000000008bc00000| Untracked 
| 129|0x000000008bd00000, 0x000000008bd00000, 0x000000008be00000|  0%| F|  |TAMS 0x000000008bd00000, 0x000000008bd00000| Untracked 
| 130|0x000000008be00000, 0x000000008be00000, 0x000000008bf00000|  0%| F|  |TAMS 0x000000008be00000, 0x000000008be00000| Untracked 
| 131|0x000000008bf00000, 0x000000008bf00000, 0x000000008c000000|  0%| F|  |TAMS 0x000000008bf00000, 0x000000008bf00000| Untracked 
| 132|0x000000008c000000, 0x000000008c000000, 0x000000008c100000|  0%| F|  |TAMS 0x000000008c000000, 0x000000008c000000| Untracked 
| 133|0x000000008c100000, 0x000000008c100000, 0x000000008c200000|  0%| F|  |TAMS 0x000000008c100000, 0x000000008c100000| Untracked 
| 134|0x000000008c200000, 0x000000008c200000, 0x000000008c300000|  0%| F|  |TAMS 0x000000008c200000, 0x000000008c200000| Untracked 
| 135|0x000000008c300000, 0x000000008c300000, 0x000000008c400000|  0%| F|  |TAMS 0x000000008c300000, 0x000000008c300000| Untracked 
| 136|0x000000008c400000, 0x000000008c400000, 0x000000008c500000|  0%| F|  |TAMS 0x000000008c400000, 0x000000008c400000| Untracked 
| 137|0x000000008c500000, 0x000000008c500000, 0x000000008c600000|  0%| F|  |TAMS 0x000000008c500000, 0x000000008c500000| Untracked 
| 138|0x000000008c600000, 0x000000008c680800, 0x000000008c700000| 50%| E|  |TAMS 0x000000008c600000, 0x000000008c600000| Complete 
| 139|0x000000008c700000, 0x000000008c800000, 0x000000008c800000|100%| E|CS|TAMS 0x000000008c700000, 0x000000008c700000| Complete 
| 140|0x000000008c800000, 0x000000008c900000, 0x000000008c900000|100%| E|CS|TAMS 0x000000008c800000, 0x000000008c800000| Complete 
| 141|0x000000008c900000, 0x000000008ca00000, 0x000000008ca00000|100%| E|CS|TAMS 0x000000008c900000, 0x000000008c900000| Complete 
| 142|0x000000008ca00000, 0x000000008cb00000, 0x000000008cb00000|100%| E|CS|TAMS 0x000000008ca00000, 0x000000008ca00000| Complete 
| 143|0x000000008cb00000, 0x000000008cc00000, 0x000000008cc00000|100%| E|CS|TAMS 0x000000008cb00000, 0x000000008cb00000| Complete 
| 144|0x000000008cc00000, 0x000000008cd00000, 0x000000008cd00000|100%| E|CS|TAMS 0x000000008cc00000, 0x000000008cc00000| Complete 
| 145|0x000000008cd00000, 0x000000008ce00000, 0x000000008ce00000|100%| E|CS|TAMS 0x000000008cd00000, 0x000000008cd00000| Complete 
| 146|0x000000008ce00000, 0x000000008cf00000, 0x000000008cf00000|100%| E|CS|TAMS 0x000000008ce00000, 0x000000008ce00000| Complete 
| 147|0x000000008cf00000, 0x000000008d000000, 0x000000008d000000|100%| E|CS|TAMS 0x000000008cf00000, 0x000000008cf00000| Complete 
| 148|0x000000008d000000, 0x000000008d100000, 0x000000008d100000|100%| E|CS|TAMS 0x000000008d000000, 0x000000008d000000| Complete 
| 149|0x000000008d100000, 0x000000008d200000, 0x000000008d200000|100%| E|CS|TAMS 0x000000008d100000, 0x000000008d100000| Complete 
| 150|0x000000008d200000, 0x000000008d300000, 0x000000008d300000|100%| E|CS|TAMS 0x000000008d200000, 0x000000008d200000| Complete 
| 151|0x000000008d300000, 0x000000008d400000, 0x000000008d400000|100%| E|CS|TAMS 0x000000008d300000, 0x000000008d300000| Complete 
| 152|0x000000008d400000, 0x000000008d500000, 0x000000008d500000|100%| E|CS|TAMS 0x000000008d400000, 0x000000008d400000| Complete 
| 153|0x000000008d500000, 0x000000008d600000, 0x000000008d600000|100%| E|CS|TAMS 0x000000008d500000, 0x000000008d500000| Complete 
| 154|0x000000008d600000, 0x000000008d700000, 0x000000008d700000|100%| S|CS|TAMS 0x000000008d600000, 0x000000008d600000| Complete 
| 155|0x000000008d700000, 0x000000008d800000, 0x000000008d800000|100%| E|CS|TAMS 0x000000008d700000, 0x000000008d700000| Complete 
| 156|0x000000008d800000, 0x000000008d900000, 0x000000008d900000|100%| E|CS|TAMS 0x000000008d800000, 0x000000008d800000| Complete 
| 157|0x000000008d900000, 0x000000008da00000, 0x000000008da00000|100%| E|CS|TAMS 0x000000008d900000, 0x000000008d900000| Complete 
| 158|0x000000008da00000, 0x000000008db00000, 0x000000008db00000|100%| E|CS|TAMS 0x000000008da00000, 0x000000008da00000| Complete 
| 159|0x000000008db00000, 0x000000008dc00000, 0x000000008dc00000|100%| E|CS|TAMS 0x000000008db00000, 0x000000008db00000| Complete 
| 160|0x000000008dc00000, 0x000000008dd00000, 0x000000008dd00000|100%| E|CS|TAMS 0x000000008dc00000, 0x000000008dc00000| Complete 

Card table byte_map: [0x000002074a810000,0x000002074ac00000] _byte_map_base: 0x000002074a3f2000

Marking Bits (Prev, Next): (CMBitMap*) 0x000002073760cef0, (CMBitMap*) 0x000002073760ceb8
 Prev Bits: [0x000002074cf00000, 0x000002074ee10000)
 Next Bits: [0x000002074aff0000, 0x000002074cf00000)

Polling page: 0x0000020735520000

Metaspace:

Usage:
  Non-class:     54.35 MB capacity,    53.96 MB (>99%) used,   312.79 KB ( <1%) free+waste,    90.25 KB ( <1%) overhead. 
      Class:      7.01 MB capacity,     6.80 MB ( 97%) used,   183.35 KB (  3%) free+waste,    36.44 KB ( <1%) overhead. 
       Both:     61.36 MB capacity,    60.75 MB (>99%) used,   496.14 KB ( <1%) free+waste,   126.69 KB ( <1%) overhead. 

Virtual space:
  Non-class space:       56.00 MB reserved,      54.50 MB ( 97%) committed 
      Class space:        1.00 GB reserved,       7.15 MB ( <1%) committed 
             Both:        1.05 GB reserved,      61.65 MB (  6%) committed 

Chunk freelists:
   Non-Class:  26.00 KB
       Class:  22.00 KB
        Both:  48.00 KB

MaxMetaspaceSize: 17179869184.00 GB
CompressedClassSpaceSize: 1.00 GB
Initial GC threshold: 20.80 MB
Current GC threshold: 99.21 MB
CDS: off

CodeHeap 'non-profiled nmethods': size=120000Kb used=3718Kb max_used=3718Kb free=116282Kb
 bounds [0x0000020742bc0000, 0x0000020742f70000, 0x000002074a0f0000]
CodeHeap 'profiled nmethods': size=120000Kb used=19635Kb max_used=19635Kb free=100364Kb
 bounds [0x000002073b690000, 0x000002073c9c0000, 0x0000020742bc0000]
CodeHeap 'non-nmethods': size=5760Kb used=1323Kb max_used=1365Kb free=4436Kb
 bounds [0x000002073b0f0000, 0x000002073b360000, 0x000002073b690000]
 total_blobs=8166 nmethods=7547 adapters=530
 compilation: enabled
              stopped_count=0, restarted_count=0
 full_count=0

Compilation events (20 events):
Event: 8.536 Thread 0x00000207520ec800 nmethod 7555 0x000002073c97b310 code [0x000002073c97b6a0, 0x000002073c97ce48]
Event: 8.536 Thread 0x00000207520ec800 7570       3       org.jetbrains.kotlin.psi2ir.generators.DeclarationGenerator::generateFakeOverrideFunction (14 bytes)
Event: 8.536 Thread 0x00000207520ec800 nmethod 7570 0x000002073c97d510 code [0x000002073c97d700, 0x000002073c97dac8]
Event: 8.537 Thread 0x00000207520ec800 7571       3       org.jetbrains.kotlin.psi2ir.generators.FunctionGenerator::generateFakeOverrideFunction (202 bytes)
Event: 8.539 Thread 0x00000207520ec800 nmethod 7571 0x000002073c97dc90 code [0x000002073c97e0e0, 0x000002073c97fce8]
Event: 8.539 Thread 0x00000207520ec800 7572       3       org.jetbrains.kotlin.psi2ir.generators.FunctionGenerator::generateFunctionParameterDeclarationsAndReturnType (93 bytes)
Event: 8.542 Thread 0x00000207520ec800 nmethod 7572 0x000002073c980890 code [0x000002073c980ea0, 0x000002073c983a88]
Event: 8.542 Thread 0x00000207520ec800 7575       3       org.jetbrains.kotlin.ir.util.IrUtilsKt::getParentAsClass (66 bytes)
Event: 8.543 Thread 0x00000207520ec800 nmethod 7575 0x000002073c984a10 code [0x000002073c984d20, 0x000002073c985c68]
Event: 8.543 Thread 0x00000207520ec800 7573       3       org.jetbrains.kotlin.ir.expressions.impl.IrConstructorCallImpl::<init> (55 bytes)
Event: 8.545 Thread 0x00000207520ec800 nmethod 7573 0x000002073c986190 code [0x000002073c986480, 0x000002073c987518]
Event: 8.545 Thread 0x00000207520ec800 7579       3       org.jetbrains.kotlin.backend.jvm.serialization.JvmIdSignatureDescriptor$JvmDescriptorBasedSignatureBuilder::collectContainingClasses (87 bytes)
Event: 8.546 Thread 0x00000207520ec800 nmethod 7579 0x000002073c987b10 code [0x000002073c987d80, 0x000002073c988b48]
Event: 8.546 Thread 0x00000207520ec800 7574       3       org.jetbrains.kotlin.ir.expressions.IrConstructorCall::<init> (7 bytes)
Event: 8.546 Thread 0x00000207520ec800 nmethod 7574 0x000002073c988f10 code [0x000002073c989100, 0x000002073c989678]
Event: 8.546 Thread 0x00000207520ec800 7576       3       org.jetbrains.kotlin.ir.expressions.impl.IrConstructorCallImpl$Companion::fromSymbolOwner (77 bytes)
Event: 8.548 Thread 0x00000207520ec800 nmethod 7576 0x000002073c989810 code [0x000002073c989b20, 0x000002073c98ab18]
Event: 8.548 Thread 0x00000207520ec800 7578       3       org.jetbrains.kotlin.types.AbstractTypeApproximator::approximateTo (363 bytes)
Event: 8.551 Thread 0x000002075224c000 nmethod 7554 0x0000020742f5d990 code [0x0000020742f5dbc0, 0x0000020742f5e720]
Event: 8.551 Thread 0x000002075224c000 7568       4       org.jetbrains.kotlin.com.intellij.psi.impl.source.tree.TreeElement::getStartOffsetInParent (104 bytes)

GC Heap History (18 events):
Event: 0.776 GC heap before
{Heap before GC invocations=0 (full 0):
 garbage-first heap   total 129024K, used 27648K [0x0000000083c00000, 0x0000000100000000)
  region size 1024K, 24 young (24576K), 0 survivors (0K)
 Metaspace       used 12311K, capacity 12405K, committed 12544K, reserved 1060864K
  class space    used 1140K, capacity 1174K, committed 1280K, reserved 1048576K
}
Event: 0.780 GC heap after
{Heap after GC invocations=1 (full 0):
 garbage-first heap   total 129024K, used 5735K [0x0000000083c00000, 0x0000000100000000)
  region size 1024K, 3 young (3072K), 3 survivors (3072K)
 Metaspace       used 12311K, capacity 12405K, committed 12544K, reserved 1060864K
  class space    used 1140K, capacity 1174K, committed 1280K, reserved 1048576K
}
Event: 1.562 GC heap before
{Heap before GC invocations=1 (full 0):
 garbage-first heap   total 129024K, used 42599K [0x0000000083c00000, 0x0000000100000000)
  region size 1024K, 40 young (40960K), 3 survivors (3072K)
 Metaspace       used 21069K, capacity 21212K, committed 21248K, reserved 1069056K
  class space    used 2206K, capacity 2278K, committed 2304K, reserved 1048576K
}
Event: 1.573 GC heap after
{Heap after GC invocations=2 (full 0):
 garbage-first heap   total 129024K, used 9549K [0x0000000083c00000, 0x0000000100000000)
  region size 1024K, 7 young (7168K), 7 survivors (7168K)
 Metaspace       used 21069K, capacity 21212K, committed 21248K, reserved 1069056K
  class space    used 2206K, capacity 2278K, committed 2304K, reserved 1048576K
}
Event: 2.744 GC heap before
{Heap before GC invocations=3 (full 0):
 garbage-first heap   total 129024K, used 73037K [0x0000000083c00000, 0x0000000100000000)
  region size 1024K, 57 young (58368K), 7 survivors (7168K)
 Metaspace       used 32308K, capacity 32718K, committed 32896K, reserved 1077248K
  class space    used 3981K, capacity 4146K, committed 4224K, reserved 1048576K
}
Event: 2.776 GC heap after
{Heap after GC invocations=4 (full 0):
 garbage-first heap   total 129024K, used 23370K [0x0000000083c00000, 0x0000000100000000)
  region size 1024K, 8 young (8192K), 8 survivors (8192K)
 Metaspace       used 32308K, capacity 32718K, committed 32896K, reserved 1077248K
  class space    used 3981K, capacity 4146K, committed 4224K, reserved 1048576K
}
Event: 3.107 GC heap before
{Heap before GC invocations=4 (full 0):
 garbage-first heap   total 129024K, used 36682K [0x0000000083c00000, 0x0000000100000000)
  region size 1024K, 22 young (22528K), 8 survivors (8192K)
 Metaspace       used 35391K, capacity 35803K, committed 35840K, reserved 1081344K
  class space    used 4312K, capacity 4471K, committed 4480K, reserved 1048576K
}
Event: 3.135 GC heap after
{Heap after GC invocations=5 (full 0):
 garbage-first heap   total 129024K, used 25404K [0x0000000083c00000, 0x0000000100000000)
  region size 1024K, 2 young (2048K), 2 survivors (2048K)
 Metaspace       used 35391K, capacity 35803K, committed 35840K, reserved 1081344K
  class space    used 4312K, capacity 4471K, committed 4480K, reserved 1048576K
}
Event: 3.967 GC heap before
{Heap before GC invocations=6 (full 0):
 garbage-first heap   total 129024K, used 70460K [0x0000000083c00000, 0x0000000100000000)
  region size 1024K, 46 young (47104K), 2 survivors (2048K)
 Metaspace       used 45212K, capacity 45667K, committed 45772K, reserved 1089536K
  class space    used 5318K, capacity 5514K, committed 5580K, reserved 1048576K
}
Event: 3.975 GC heap after
{Heap after GC invocations=7 (full 0):
 garbage-first heap   total 129024K, used 28861K [0x0000000083c00000, 0x0000000100000000)
  region size 1024K, 6 young (6144K), 6 survivors (6144K)
 Metaspace       used 45212K, capacity 45667K, committed 45772K, reserved 1089536K
  class space    used 5318K, capacity 5514K, committed 5580K, reserved 1048576K
}
Event: 4.622 GC heap before
{Heap before GC invocations=7 (full 0):
 garbage-first heap   total 129024K, used 75965K [0x0000000083c00000, 0x0000000100000000)
  region size 1024K, 51 young (52224K), 6 survivors (6144K)
 Metaspace       used 48410K, capacity 48954K, committed 49228K, reserved 1093632K
  class space    used 5621K, capacity 5840K, committed 5964K, reserved 1048576K
}
Event: 4.641 GC heap after
{Heap after GC invocations=8 (full 0):
 garbage-first heap   total 164864K, used 33912K [0x0000000083c00000, 0x0000000100000000)
  region size 1024K, 5 young (5120K), 5 survivors (5120K)
 Metaspace       used 48410K, capacity 48954K, committed 49228K, reserved 1093632K
  class space    used 5621K, capacity 5840K, committed 5964K, reserved 1048576K
}
Event: 6.103 GC heap before
{Heap before GC invocations=8 (full 0):
 garbage-first heap   total 164864K, used 94328K [0x0000000083c00000, 0x0000000100000000)
  region size 1024K, 64 young (65536K), 5 survivors (5120K)
 Metaspace       used 51921K, capacity 52458K, committed 52812K, reserved 1095680K
  class space    used 5862K, capacity 6087K, committed 6220K, reserved 1048576K
}
Event: 6.130 GC heap after
{Heap after GC invocations=9 (full 0):
 garbage-first heap   total 164864K, used 43008K [0x0000000083c00000, 0x0000000100000000)
  region size 1024K, 8 young (8192K), 8 survivors (8192K)
 Metaspace       used 51921K, capacity 52458K, committed 52812K, reserved 1095680K
  class space    used 5862K, capacity 6087K, committed 6220K, reserved 1048576K
}
Event: 7.793 GC heap before
{Heap before GC invocations=9 (full 0):
 garbage-first heap   total 164864K, used 104448K [0x0000000083c00000, 0x0000000100000000)
  region size 1024K, 67 young (68608K), 8 survivors (8192K)
 Metaspace       used 58199K, capacity 58758K, committed 59084K, reserved 1101824K
  class space    used 6529K, capacity 6759K, committed 6860K, reserved 1048576K
}
Event: 7.831 GC heap after
{Heap after GC invocations=10 (full 0):
 garbage-first heap   total 164864K, used 49983K [0x0000000083c00000, 0x0000000100000000)
  region size 1024K, 7 young (7168K), 7 survivors (7168K)
 Metaspace       used 58199K, capacity 58758K, committed 59084K, reserved 1101824K
  class space    used 6529K, capacity 6759K, committed 6860K, reserved 1048576K
}
Event: 7.949 GC heap before
{Heap before GC invocations=10 (full 0):
 garbage-first heap   total 164864K, used 55103K [0x0000000083c00000, 0x0000000100000000)
  region size 1024K, 13 young (13312K), 7 survivors (7168K)
 Metaspace       used 59592K, capacity 60137K, committed 60236K, reserved 1101824K
  class space    used 6688K, capacity 6920K, committed 6988K, reserved 1048576K
}
Event: 7.961 GC heap after
{Heap after GC invocations=11 (full 0):
 garbage-first heap   total 164864K, used 50668K [0x0000000083c00000, 0x0000000100000000)
  region size 1024K, 1 young (1024K), 1 survivors (1024K)
 Metaspace       used 59592K, capacity 60137K, committed 60236K, reserved 1101824K
  class space    used 6688K, capacity 6920K, committed 6988K, reserved 1048576K
}

Deoptimization events (20 events):
Event: 8.407 Thread 0x00000207375cf800 DEOPT PACKING pc=0x000002073c826c50 sp=0x0000006823cfd1c0
Event: 8.407 Thread 0x00000207375cf800 DEOPT UNPACKING pc=0x000002073b13a95e sp=0x0000006823cfc648 mode 0
Event: 8.418 Thread 0x00000207375cf800 DEOPT PACKING pc=0x000002073c826c50 sp=0x0000006823cfd1c0
Event: 8.418 Thread 0x00000207375cf800 DEOPT UNPACKING pc=0x000002073b13a95e sp=0x0000006823cfc648 mode 0
Event: 8.429 Thread 0x00000207375cf800 DEOPT PACKING pc=0x000002073c826c50 sp=0x0000006823cfd120
Event: 8.429 Thread 0x00000207375cf800 DEOPT UNPACKING pc=0x000002073b13a95e sp=0x0000006823cfc5a8 mode 0
Event: 8.443 Thread 0x00000207375cf800 DEOPT PACKING pc=0x000002073c826c50 sp=0x0000006823cfd2d0
Event: 8.443 Thread 0x00000207375cf800 DEOPT UNPACKING pc=0x000002073b13a95e sp=0x0000006823cfc758 mode 0
Event: 8.455 Thread 0x00000207375cf800 DEOPT PACKING pc=0x000002073c826c50 sp=0x0000006823cfd3a0
Event: 8.455 Thread 0x00000207375cf800 DEOPT UNPACKING pc=0x000002073b13a95e sp=0x0000006823cfc828 mode 0
Event: 8.468 Thread 0x00000207375cf800 DEOPT PACKING pc=0x000002073c826c50 sp=0x0000006823cfd230
Event: 8.468 Thread 0x00000207375cf800 DEOPT UNPACKING pc=0x000002073b13a95e sp=0x0000006823cfc6b8 mode 0
Event: 8.551 Thread 0x00000207375cf800 Uncommon trap: trap_request=0xffffffde fr.pc=0x0000020742e276c8 relative=0x0000000000000dc8
Event: 8.551 Thread 0x00000207375cf800 Uncommon trap: reason=class_check action=maybe_recompile pc=0x0000020742e276c8 method=kotlin.collections.CollectionsKt___CollectionsKt.toSet(Ljava/lang/Iterable;)Ljava/util/Set; @ 58 c2
Event: 8.551 Thread 0x00000207375cf800 DEOPT PACKING pc=0x0000020742e276c8 sp=0x0000006823cfd710
Event: 8.551 Thread 0x00000207375cf800 DEOPT UNPACKING pc=0x000002073b13a1af sp=0x0000006823cfd700 mode 2
Event: 8.552 Thread 0x00000207375cf800 Uncommon trap: trap_request=0xffffffde fr.pc=0x0000020742e276c8 relative=0x0000000000000dc8
Event: 8.552 Thread 0x00000207375cf800 Uncommon trap: reason=class_check action=maybe_recompile pc=0x0000020742e276c8 method=kotlin.collections.CollectionsKt___CollectionsKt.toSet(Ljava/lang/Iterable;)Ljava/util/Set; @ 58 c2
Event: 8.552 Thread 0x00000207375cf800 DEOPT PACKING pc=0x0000020742e276c8 sp=0x0000006823cfd710
Event: 8.552 Thread 0x00000207375cf800 DEOPT UNPACKING pc=0x000002073b13a1af sp=0x0000006823cfd700 mode 2

Classes redefined (0 events):
No events

Internal exceptions (20 events):
Event: 4.822 Thread 0x00000207375cf800 Exception <a 'java/lang/NoSuchMethodError'{0x000000008d7ec2b8}: 'java.lang.Object java.lang.invoke.Invokers$Holder.linkToTargetMethod(java.lang.Object, java.lang.Object, java.lang.Object, java.lang.Object, java.lang.Object, java.lang.Object, java.lang.Object, java.lang.Object)'> (0x000000008d7ec2b8) thrown at [src/hotspot/share/interpreter/linkResolver.cpp, line 773]
Event: 5.042 Thread 0x00000207375cf800 Exception <a 'java/lang/NoSuchMethodError'{0x000000008cae4d38}: 'java.lang.Object java.lang.invoke.DirectMethodHandle$Holder.invokeStaticInit(java.lang.Object, java.lang.Object, java.lang.Object)'> (0x000000008cae4d38) thrown at [src/hotspot/share/interpreter/linkResolver.cpp, line 773]
Event: 5.961 Thread 0x00000207375cf800 Implicit null exception at 0x0000020742d9ead5 to 0x0000020742d9f180
Event: 5.961 Thread 0x00000207375cf800 Implicit null exception at 0x0000020742d90b2f to 0x0000020742d90b5c
Event: 6.000 Thread 0x00000207375cf800 Exception <a 'java/lang/NoSuchMethodError'{0x000000008a9b7a08}: 'java.lang.Object java.lang.invoke.DirectMethodHandle$Holder.invokeStatic(java.lang.Object, int, java.lang.Object, java.lang.Object)'> (0x000000008a9b7a08) thrown at [src/hotspot/share/interpreter/linkResolver.cpp, line 773]
Event: 6.000 Thread 0x00000207375cf800 Exception <a 'java/lang/NoSuchMethodError'{0x000000008a9bf028}: 'java.lang.Object java.lang.invoke.DirectMethodHandle$Holder.invokeStatic(java.lang.Object, int, java.lang.Object)'> (0x000000008a9bf028) thrown at [src/hotspot/share/interpreter/linkResolver.cpp, line 773]
Event: 6.002 Thread 0x00000207375cf800 Exception <a 'java/lang/NoSuchMethodError'{0x000000008a9c4e98}: 'int java.lang.invoke.DirectMethodHandle$Holder.invokeInterface(java.lang.Object, java.lang.Object)'> (0x000000008a9c4e98) thrown at [src/hotspot/share/interpreter/linkResolver.cpp, line 773]
Event: 6.224 Thread 0x00000207375cf800 Implicit null exception at 0x0000020742c2295e to 0x0000020742c230ca
Event: 6.224 Thread 0x00000207375cf800 Implicit null exception at 0x0000020742bff4af to 0x0000020742bff51d
Event: 6.235 Thread 0x00000207375cf800 Exception <a 'java/lang/NoSuchMethodError'{0x000000008cb99e48}: 'java.lang.Object java.lang.invoke.Invokers$Holder.linkToTargetMethod(java.lang.Object, java.lang.Object, java.lang.Object, java.lang.Object, java.lang.Object, java.lang.Object)'> (0x000000008cb99e48) thrown at [src/hotspot/share/interpreter/linkResolver.cpp, line 773]
Event: 6.322 Thread 0x00000207375cf800 Implicit null exception at 0x0000020742cead4c to 0x0000020742ceae28
Event: 6.358 Thread 0x00000207375cf800 Exception <a 'java/lang/NoSuchMethodError'{0x000000008c610a48}: 'java.lang.Object java.lang.invoke.DirectMethodHandle$Holder.invokeInterface(java.lang.Object, java.lang.Object, java.lang.Object)'> (0x000000008c610a48) thrown at [src/hotspot/share/interpreter/linkResolver.cpp, line 773]
Event: 6.358 Thread 0x00000207375cf800 Exception <a 'java/lang/IncompatibleClassChangeError'{0x000000008c613c78}: Found class java.lang.Object, but interface was expected> (0x000000008c613c78) thrown at [src/hotspot/share/interpreter/linkResolver.cpp, line 839]
Event: 6.415 Thread 0x00000207375cf800 Exception <a 'java/lang/NoSuchMethodError'{0x000000008c401860}: 'java.lang.Object java.lang.invoke.Invokers$Holder.linkToTargetMethod(java.lang.Object, java.lang.Object, java.lang.Object, int, int, java.lang.Object)'> (0x000000008c401860) thrown at [src/hotspot/share/interpreter/linkResolver.cpp, line 773]
Event: 7.010 Thread 0x00000207375cf800 Exception <a 'java/lang/NoSuchMethodError'{0x000000008b3e5420}: 'java.lang.Object java.lang.invoke.Invokers$Holder.linkToTargetMethod(java.lang.Object, java.lang.Object, java.lang.Object, java.lang.Object, java.lang.Object, java.lang.Object, java.lang.Object)'> (0x000000008b3e5420) thrown at [src/hotspot/share/interpreter/linkResolver.cpp, line 773]
Event: 7.030 Thread 0x00000207375cf800 Implicit null exception at 0x0000020742e2053c to 0x0000020742e210e0
Event: 7.152 Thread 0x00000207375cf800 Exception <a 'java/lang/NoSuchMethodError'{0x000000008b067fc8}: 'int java.lang.invoke.DirectMethodHandle$Holder.invokeStaticInit(java.lang.Object, int)'> (0x000000008b067fc8) thrown at [src/hotspot/share/interpreter/linkResolver.cpp, line 773]
Event: 7.492 Thread 0x00000207375cf800 Implicit null exception at 0x0000020742c1edf5 to 0x0000020742c1efbc
Event: 7.610 Thread 0x00000207375cf800 Implicit null exception at 0x0000020742e163f9 to 0x0000020742e166d4
Event: 8.243 Thread 0x00000207375cf800 Implicit null exception at 0x0000020742c2adf4 to 0x0000020742c2b00c

Events (20 events):
Event: 8.387 loading class org/jetbrains/kotlin/ir/descriptors/IrBasedTypeParameterDescriptor
Event: 8.387 loading class org/jetbrains/kotlin/ir/descriptors/IrBasedTypeParameterDescriptor done
Event: 8.388 loading class org/jetbrains/kotlin/ir/descriptors/IrBasedDeclarationDescriptor
Event: 8.388 loading class org/jetbrains/kotlin/ir/descriptors/IrBasedDeclarationDescriptor done
Event: 8.389 Executing VM operation: Deoptimize
Event: 8.390 Executing VM operation: Deoptimize done
Event: 8.390 loading class org/jetbrains/kotlin/ir/util/OriginalDescriptorsKt
Event: 8.390 loading class org/jetbrains/kotlin/ir/util/OriginalDescriptorsKt done
Event: 8.390 loading class org/jetbrains/kotlin/ir/util/ScopedTypeParametersResolver
Event: 8.390 loading class org/jetbrains/kotlin/ir/util/ScopedTypeParametersResolver done
Event: 8.391 loading class org/jetbrains/kotlin/ir/util/TypeParametersResolver
Event: 8.391 loading class org/jetbrains/kotlin/ir/util/TypeParametersResolver done
Event: 8.394 loading class org/jetbrains/kotlin/ir/types/impl/IrTypeProjectionImpl
Event: 8.394 loading class org/jetbrains/kotlin/ir/types/impl/IrTypeProjectionImpl done
Event: 8.501 loading class org/jetbrains/kotlin/ir/types/impl/IrStarProjectionImpl
Event: 8.501 loading class org/jetbrains/kotlin/ir/types/impl/IrStarProjectionImpl done
Event: 8.501 loading class org/jetbrains/kotlin/ir/types/IrStarProjection
Event: 8.501 loading class org/jetbrains/kotlin/ir/types/IrStarProjection done
Event: 8.553 Executing VM operation: ICBufferFull
Event: 8.553 Executing VM operation: ICBufferFull done


Dynamic libraries:
0x00007ff7fe400000 - 0x00007ff7fe40a000 	C:\Program Files\Android\Android Studio\jbr\bin\java.exe
0x00007ffadfb50000 - 0x00007ffadfd64000 	C:\WINDOWS\SYSTEM32\ntdll.dll
0x00007ffadea90000 - 0x00007ffadeb53000 	C:\WINDOWS\System32\KERNEL32.DLL
0x00007ffadd0b0000 - 0x00007ffadd44c000 	C:\WINDOWS\System32\KERNELBASE.dll
0x00007ffadcf90000 - 0x00007ffadd0a1000 	C:\WINDOWS\System32\ucrtbase.dll
0x00007ffabb890000 - 0x00007ffabb8a7000 	C:\Program Files\Android\Android Studio\jbr\bin\jli.dll
0x00007ffadf960000 - 0x00007ffadfb0d000 	C:\WINDOWS\System32\USER32.dll
0x00007ffadd6b0000 - 0x00007ffadd6d6000 	C:\WINDOWS\System32\win32u.dll
0x00007ffaddf70000 - 0x00007ffaddf99000 	C:\WINDOWS\System32\GDI32.dll
0x00007ffabb870000 - 0x00007ffabb88b000 	C:\Program Files\Android\Android Studio\jbr\bin\VCRUNTIME140.dll
0x00007ffadd450000 - 0x00007ffadd562000 	C:\WINDOWS\System32\gdi32full.dll
0x00007ffac4c90000 - 0x00007ffac4f1e000 	C:\WINDOWS\WinSxS\amd64_microsoft.windows.common-controls_6595b64144ccf1df_6.0.22621.608_none_a9444ca7c10bb01d\COMCTL32.dll
0x00007ffadd6e0000 - 0x00007ffadd77a000 	C:\WINDOWS\System32\msvcp_win.dll
0x00007ffaddfa0000 - 0x00007ffade047000 	C:\WINDOWS\System32\msvcrt.dll
0x00007ffade850000 - 0x00007ffade882000 	C:\WINDOWS\System32\IMM32.DLL
0x00007ffa82010000 - 0x00007ffa8209d000 	C:\Program Files\Android\Android Studio\jbr\bin\msvcp140.dll
0x00007ffac2b80000 - 0x00007ffac2b8c000 	C:\WINDOWS\SYSTEM32\VCRUNTIME140_1.dll
0x00007ffa6f600000 - 0x00007ffa701bc000 	C:\Program Files\Android\Android Studio\jbr\bin\server\jvm.dll
0x00007ffadf7d0000 - 0x00007ffadf87e000 	C:\WINDOWS\System32\ADVAPI32.dll
0x00007ffadeb60000 - 0x00007ffadec04000 	C:\WINDOWS\System32\sechost.dll
0x00007ffadf4e0000 - 0x00007ffadf5f5000 	C:\WINDOWS\System32\RPCRT4.dll
0x00007ffadf7c0000 - 0x00007ffadf7c8000 	C:\WINDOWS\System32\PSAPI.DLL
0x00007ffad0720000 - 0x00007ffad0754000 	C:\WINDOWS\SYSTEM32\WINMM.dll
0x00007ffad1590000 - 0x00007ffad159a000 	C:\WINDOWS\SYSTEM32\VERSION.dll
0x00007ffabfc70000 - 0x00007ffabfc79000 	C:\WINDOWS\SYSTEM32\WSOCK32.dll
0x00007ffadec10000 - 0x00007ffadec81000 	C:\WINDOWS\System32\WS2_32.dll
0x00007ffadbfe0000 - 0x00007ffadbff8000 	C:\WINDOWS\SYSTEM32\kernel.appcore.dll
0x00007ffacf0c0000 - 0x00007ffacf0d0000 	C:\Program Files\Android\Android Studio\jbr\bin\verify.dll
0x00007ffada8f0000 - 0x00007ffadab1e000 	C:\WINDOWS\SYSTEM32\DBGHELP.DLL
0x00007ffadef80000 - 0x00007ffadf30a000 	C:\WINDOWS\System32\combase.dll
0x00007ffadf880000 - 0x00007ffadf957000 	C:\WINDOWS\System32\OLEAUT32.dll
0x00007ffabc210000 - 0x00007ffabc242000 	C:\WINDOWS\SYSTEM32\dbgcore.DLL
0x00007ffadd630000 - 0x00007ffadd6ab000 	C:\WINDOWS\System32\bcryptPrimitives.dll
0x00007ffac3cf0000 - 0x00007ffac3d18000 	C:\Program Files\Android\Android Studio\jbr\bin\java.dll
0x00007ffacf0b0000 - 0x00007ffacf0ba000 	C:\Program Files\Android\Android Studio\jbr\bin\jimage.dll
0x00007fface890000 - 0x00007fface8a8000 	C:\Program Files\Android\Android Studio\jbr\bin\zip.dll
0x00007ffade060000 - 0x00007ffade84f000 	C:\WINDOWS\System32\SHELL32.dll
0x00007ffadafb0000 - 0x00007ffadb878000 	C:\WINDOWS\SYSTEM32\windows.storage.dll
0x00007ffadae70000 - 0x00007ffadafae000 	C:\WINDOWS\SYSTEM32\wintypes.dll
0x00007ffadf6c0000 - 0x00007ffadf7b1000 	C:\WINDOWS\System32\SHCORE.dll
0x00007ffadf420000 - 0x00007ffadf47e000 	C:\WINDOWS\System32\shlwapi.dll
0x00007ffadcec0000 - 0x00007ffadcee1000 	C:\WINDOWS\SYSTEM32\profapi.dll
0x00007ffac5e30000 - 0x00007ffac5e49000 	C:\Program Files\Android\Android Studio\jbr\bin\net.dll
0x00007ffad3c60000 - 0x00007ffad3d8f000 	C:\WINDOWS\SYSTEM32\WINHTTP.dll
0x00007ffadc450000 - 0x00007ffadc4b9000 	C:\WINDOWS\system32\mswsock.dll
0x00007ffac3c00000 - 0x00007ffac3c13000 	C:\Program Files\Android\Android Studio\jbr\bin\nio.dll

dbghelp: loaded successfully - version: 4.0.5 - missing functions: none
symbol engine: initialized successfully - sym options: 0x614 - pdb path: .;C:\Program Files\Android\Android Studio\jbr\bin;C:\WINDOWS\SYSTEM32;C:\WINDOWS\WinSxS\amd64_microsoft.windows.common-controls_6595b64144ccf1df_6.0.22621.608_none_a9444ca7c10bb01d;C:\Program Files\Android\Android Studio\jbr\bin\server

VM Arguments:
java_command: org.jetbrains.kotlin.cli.jvm.K2JVMCompiler @C:\Users\User\Downloads\Aplikasi-Sederhana-Kotlin-main\Aplikasi-Sederhana-Kotlin-main\app\build\20230529_17943908845806967625.compiler.options
java_class_path (initial): C:\Users\User\.gradle\caches\modules-2\files-2.1\org.jetbrains.kotlin\kotlin-compiler-embeddable\1.5.30\3362a354066df1578a057c200da23cf2a1d8144f\kotlin-compiler-embeddable-1.5.30.jar;C:\Users\User\.gradle\caches\modules-2\files-2.1\org.jetbrains.kotlin\kotlin-reflect\1.5.30\6773e974437dd6432aa646cc2f8ab71de42b5773\kotlin-reflect-1.5.30.jar;C:\Users\User\.gradle\caches\modules-2\files-2.1\org.jetbrains.kotlin\kotlin-stdlib\1.5.30\d68efdea04955974ac1020f8f66ef8176bfbce1f\kotlin-stdlib-1.5.30.jar;C:\Users\User\.gradle\caches\modules-2\files-2.1\org.jetbrains.kotlin\kotlin-script-runtime\1.5.30\10697ab20bfd2f1b23baa91306950c36c4e89a8d\kotlin-script-runtime-1.5.30.jar;C:\Users\User\.gradle\caches\modules-2\files-2.1\org.jetbrains.kotlin\kotlin-daemon-embeddable\1.5.30\e355dc9011e559a475608265607948109e113ae0\kotlin-daemon-embeddable-1.5.30.jar;C:\Users\User\.gradle\caches\modules-2\files-2.1\org.jetbrains.intellij.deps\trove4j\1.0.20181211\216c2e14b070f334479d800987affe4054cd563f\trove4j-1.0.20181211.jar;C:\Users\User\.gradle\caches\modules-2\files-2.1\org.jetbrains\annotations\13.0\919f0dfe192fb4e063e7dacadee7f8bb9a2672a9\annotations-13.0.jar;C:\Users\User\.gradle\caches\modules-2\files-2.1\org.jetbrains.kotlin\kotlin-stdlib-common\1.5.30\649ffab7767038323fec0cc41e2d7b0a8f65a378\kotlin-stdlib-common-1.5.30.jar
Launcher Type: SUN_STANDARD

[Global flags]
     intx CICompilerCount                          = 4                                         {product} {ergonomic}
     uint ConcGCThreads                            = 2                                         {product} {ergonomic}
     uint G1ConcRefinementThreads                  = 8                                         {product} {ergonomic}
   size_t G1HeapRegionSize                         = 1048576                                   {product} {ergonomic}
    uintx GCDrainStackTargetSize                   = 64                                        {product} {ergonomic}
   size_t InitialHeapSize                          = 132120576                                 {product} {ergonomic}
   size_t MarkStackSize                            = 4194304                                   {product} {ergonomic}
   size_t MaxHeapSize                              = 2084569088                                {product} {ergonomic}
   size_t MaxNewSize                               = 1249902592                                {product} {ergonomic}
   size_t MinHeapDeltaBytes                        = 1048576                                   {product} {ergonomic}
    uintx NonNMethodCodeHeapSize                   = 5836300                                {pd product} {ergonomic}
    uintx NonProfiledCodeHeapSize                  = 122910970                              {pd product} {ergonomic}
    uintx ProfiledCodeHeapSize                     = 122910970                              {pd product} {ergonomic}
    uintx ReservedCodeCacheSize                    = 251658240                              {pd product} {ergonomic}
     bool SegmentedCodeCache                       = true                                      {product} {ergonomic}
     bool UseCompressedClassPointers               = true                                 {lp64_product} {ergonomic}
     bool UseCompressedOops                        = true                                 {lp64_product} {ergonomic}
     bool UseG1GC                                  = true                                      {product} {ergonomic}
     bool UseLargePagesIndividualAllocation        = false                                  {pd product} {ergonomic}

Logging:
Log output configuration:
 #0: stdout all=warning uptime,level,tags
 #1: stderr all=off uptime,level,tags

Environment Variables:
JAVA_HOME=C:\Program Files\Java\jdk-19
PATH=C:\Program Files\Common Files\Oracle\Java\javapath;C:\WINDOWS\system32;C:\WINDOWS;C:\WINDOWS\System32\Wbem;C:\WINDOWS\System32\WindowsPowerShell\v1.0\;C:\WINDOWS\System32\OpenSSH\;C:\xampp\php;C:\ProgramData\ComposerSetup\bin;C:\Program Files\PuTTY\;C:\Program Files\Common Files\Oracle\Java\javapath;C:\Program Files\Java\jdk-19\bin;C:\Program Files\Git\cmd;C:\Users\User\AppData\Local\Programs\Python\Python311\Scripts\;C:\Users\User\AppData\Local\Programs\Python\Python311\;C:\Users\User\AppData\Local\Microsoft\WindowsApps;C:\Users\User\AppData\Roaming\Composer\vendor\bin;C:\Users\User\AppData\Local\Programs\Microsoft VS Code\bin
USERNAME=User
OS=Windows_NT
PROCESSOR_IDENTIFIER=Intel64 Family 6 Model 142 Stepping 12, GenuineIntel



---------------  S Y S T E M  ---------------

OS: Windows 11 , 64 bit Build 22621 (10.0.22621.1194)
OS uptime: 0 days 2:56 hours

CPU:total 8 (initial active 8) (4 cores per cpu, 2 threads per core) family 6 model 142 stepping 12 microcode 0xde, cmov, cx8, fxsr, mmx, sse, sse2, sse3, ssse3, sse4.1, sse4.2, popcnt, avx, avx2, aes, clmul, erms, 3dnowpref, lzcnt, ht, tsc, tscinvbit, bmi1, bmi2, adx, fma

Memory: 4k page, system-wide physical 7945M (489M free)
TotalPageFile size 12041M (AvailPageFile size 5M)
current process WorkingSet (physical memory assigned to process): 343M, peak: 345M
current process commit charge ("private bytes"): 395M, peak: 396M

vm_info: OpenJDK 64-Bit Server VM (11.0.15+0-b2043.56-8887301) for windows-amd64 JRE (11.0.15+0-b2043.56-8887301), built on Jul 29 2022 23:19:47 by "builduser" with unknown MS VC++:1929

END.
